<?xml version="1.0" encoding="UTF-8"?>
<testng-results ignored="0" total="22" passed="0" failed="0" skipped="22">
  <reporter-output>
  </reporter-output>
  <suite started-at="2023-02-28T15:28:43 IST" name="Default suite" finished-at="2023-02-28T15:29:54 IST" duration-ms="71078">
    <groups>
    </groups>
    <test started-at="2023-02-28T15:28:43 IST" name="Default test" finished-at="2023-02-28T15:29:54 IST" duration-ms="71078">
      <class name="AutomationPractice.AutomationPractice">
        <test-method is-config="true" signature="openBrowser()[pri:0, instance:AutomationPractice.AutomationPractice@5bfa9431]" started-at="2023-02-28T15:28:43 IST" name="openBrowser" finished-at="2023-02-28T15:29:54 IST" duration-ms="70851" status="FAIL">
          <exception class="org.openqa.selenium.WebDriverException">
            <message>
              <![CDATA[unknown error: DevToolsActivePort file doesn't exist
Build info: version: '3.141.59', revision: 'e82be7d358', time: '2018-11-14T08:17:03'
System info: host: 'Someshs-MacBook-Air.local', ip: 'fe80:0:0:0:e3:c39b:9af1:6aa5%en0', os.name: 'Mac OS X', os.arch: 'x86_64', os.version: '13.0.1', java.version: '17.0.2'
Driver info: driver.version: ChromeDriver
remote stacktrace: 0   chromedriver                        0x000000010323f138 chromedriver + 4923704
1   chromedriver                        0x00000001031b79d3 chromedriver + 4368851
2   chromedriver                        0x0000000102e00787 chromedriver + 472967
3   chromedriver                        0x0000000102e30ed4 chromedriver + 671444
4   chromedriver                        0x0000000102e2cab2 chromedriver + 654002
5   chromedriver                        0x0000000102e29041 chromedriver + 639041
6   chromedriver                        0x0000000102e778a5 chromedriver + 960677
7   chromedriver                        0x0000000102e6dd23 chromedriver + 920867
8   chromedriver                        0x0000000102e34a4b chromedriver + 686667
9   chromedriver                        0x0000000102e36044 chromedriver + 692292
10  chromedriver                        0x000000010320a8fe chromedriver + 4708606
11  chromedriver                        0x000000010320fe22 chromedriver + 4730402
12  chromedriver                        0x00000001032186bf chromedriver + 4765375
13  chromedriver                        0x0000000103210e80 chromedriver + 4734592
14  chromedriver                        0x00000001031e1975 chromedriver + 4540789
15  chromedriver                        0x0000000103232e78 chromedriver + 4873848
16  chromedriver                        0x0000000103232ff5 chromedriver + 4874229
17  chromedriver                        0x00000001032476de chromedriver + 4957918
18  libsystem_pthread.dylib             0x00007ff81462b259 _pthread_start + 125
19  libsystem_pthread.dylib             0x00007ff814626c7b thread_start + 15
]]>
            </message>
            <full-stacktrace>
              <![CDATA[org.openqa.selenium.WebDriverException: unknown error: DevToolsActivePort file doesn't exist
Build info: version: '3.141.59', revision: 'e82be7d358', time: '2018-11-14T08:17:03'
System info: host: 'Someshs-MacBook-Air.local', ip: 'fe80:0:0:0:e3:c39b:9af1:6aa5%en0', os.name: 'Mac OS X', os.arch: 'x86_64', os.version: '13.0.1', java.version: '17.0.2'
Driver info: driver.version: ChromeDriver
remote stacktrace: 0   chromedriver                        0x000000010323f138 chromedriver + 4923704
1   chromedriver                        0x00000001031b79d3 chromedriver + 4368851
2   chromedriver                        0x0000000102e00787 chromedriver + 472967
3   chromedriver                        0x0000000102e30ed4 chromedriver + 671444
4   chromedriver                        0x0000000102e2cab2 chromedriver + 654002
5   chromedriver                        0x0000000102e29041 chromedriver + 639041
6   chromedriver                        0x0000000102e778a5 chromedriver + 960677
7   chromedriver                        0x0000000102e6dd23 chromedriver + 920867
8   chromedriver                        0x0000000102e34a4b chromedriver + 686667
9   chromedriver                        0x0000000102e36044 chromedriver + 692292
10  chromedriver                        0x000000010320a8fe chromedriver + 4708606
11  chromedriver                        0x000000010320fe22 chromedriver + 4730402
12  chromedriver                        0x00000001032186bf chromedriver + 4765375
13  chromedriver                        0x0000000103210e80 chromedriver + 4734592
14  chromedriver                        0x00000001031e1975 chromedriver + 4540789
15  chromedriver                        0x0000000103232e78 chromedriver + 4873848
16  chromedriver                        0x0000000103232ff5 chromedriver + 4874229
17  chromedriver                        0x00000001032476de chromedriver + 4957918
18  libsystem_pthread.dylib             0x00007ff81462b259 _pthread_start + 125
19  libsystem_pthread.dylib             0x00007ff814626c7b thread_start + 15

at java.base/jdk.internal.reflect.NativeConstructorAccessorImpl.newInstance0(Native Method)
at java.base/jdk.internal.reflect.NativeConstructorAccessorImpl.newInstance(NativeConstructorAccessorImpl.java:77)
at java.base/jdk.internal.reflect.DelegatingConstructorAccessorImpl.newInstance(DelegatingConstructorAccessorImpl.java:45)
at java.base/java.lang.reflect.Constructor.newInstanceWithCaller(Constructor.java:499)
at java.base/java.lang.reflect.Constructor.newInstance(Constructor.java:480)
at org.openqa.selenium.remote.W3CHandshakeResponse.lambda$errorHandler$0(W3CHandshakeResponse.java:62)
at org.openqa.selenium.remote.HandshakeResponse.lambda$getResponseFunction$0(HandshakeResponse.java:30)
at org.openqa.selenium.remote.ProtocolHandshake.lambda$createSession$0(ProtocolHandshake.java:126)
at java.base/java.util.stream.ReferencePipeline$3$1.accept(ReferencePipeline.java:197)
at java.base/java.util.Spliterators$ArraySpliterator.tryAdvance(Spliterators.java:1002)
at java.base/java.util.stream.ReferencePipeline.forEachWithCancel(ReferencePipeline.java:129)
at java.base/java.util.stream.AbstractPipeline.copyIntoWithCancel(AbstractPipeline.java:527)
at java.base/java.util.stream.AbstractPipeline.copyInto(AbstractPipeline.java:513)
at java.base/java.util.stream.AbstractPipeline.wrapAndCopyInto(AbstractPipeline.java:499)
at java.base/java.util.stream.FindOps$FindOp.evaluateSequential(FindOps.java:150)
at java.base/java.util.stream.AbstractPipeline.evaluate(AbstractPipeline.java:234)
at java.base/java.util.stream.ReferencePipeline.findFirst(ReferencePipeline.java:647)
at org.openqa.selenium.remote.ProtocolHandshake.createSession(ProtocolHandshake.java:128)
at org.openqa.selenium.remote.ProtocolHandshake.createSession(ProtocolHandshake.java:74)
at org.openqa.selenium.remote.HttpCommandExecutor.execute(HttpCommandExecutor.java:136)
at org.openqa.selenium.remote.service.DriverCommandExecutor.execute(DriverCommandExecutor.java:83)
at org.openqa.selenium.remote.RemoteWebDriver.execute(RemoteWebDriver.java:552)
at org.openqa.selenium.remote.RemoteWebDriver.startSession(RemoteWebDriver.java:213)
at org.openqa.selenium.remote.RemoteWebDriver.<init>(RemoteWebDriver.java:131)
at org.openqa.selenium.chrome.ChromeDriver.<init>(ChromeDriver.java:181)
at org.openqa.selenium.chrome.ChromeDriver.<init>(ChromeDriver.java:168)
at org.openqa.selenium.chrome.ChromeDriver.<init>(ChromeDriver.java:123)
at AutomationPractice.AutomationPractice.openBrowser(AutomationPractice.java:24)
at java.base/jdk.internal.reflect.NativeMethodAccessorImpl.invoke0(Native Method)
at java.base/jdk.internal.reflect.NativeMethodAccessorImpl.invoke(NativeMethodAccessorImpl.java:77)
at java.base/jdk.internal.reflect.DelegatingMethodAccessorImpl.invoke(DelegatingMethodAccessorImpl.java:43)
at java.base/java.lang.reflect.Method.invoke(Method.java:568)
at org.testng.internal.MethodInvocationHelper.invokeMethod(MethodInvocationHelper.java:133)
at org.testng.internal.MethodInvocationHelper.invokeMethodConsideringTimeout(MethodInvocationHelper.java:62)
at org.testng.internal.ConfigInvoker.invokeConfigurationMethod(ConfigInvoker.java:385)
at org.testng.internal.ConfigInvoker.invokeConfigurations(ConfigInvoker.java:321)
at org.testng.internal.TestInvoker.runConfigMethods(TestInvoker.java:700)
at org.testng.internal.TestInvoker.invokeMethod(TestInvoker.java:527)
at org.testng.internal.TestInvoker.invokeTestMethod(TestInvoker.java:173)
at org.testng.internal.MethodRunner.runInSequence(MethodRunner.java:46)
at org.testng.internal.TestInvoker$MethodInvocationAgent.invoke(TestInvoker.java:824)
at org.testng.internal.TestInvoker.invokeTestMethods(TestInvoker.java:146)
at org.testng.internal.TestMethodWorker.invokeTestMethods(TestMethodWorker.java:146)
at org.testng.internal.TestMethodWorker.run(TestMethodWorker.java:128)
at java.base/java.util.ArrayList.forEach(ArrayList.java:1511)
at org.testng.TestRunner.privateRun(TestRunner.java:794)
at org.testng.TestRunner.run(TestRunner.java:596)
at org.testng.SuiteRunner.runTest(SuiteRunner.java:377)
at org.testng.SuiteRunner.runSequentially(SuiteRunner.java:371)
at org.testng.SuiteRunner.privateRun(SuiteRunner.java:332)
at org.testng.SuiteRunner.run(SuiteRunner.java:276)
at org.testng.SuiteRunnerWorker.runSuite(SuiteRunnerWorker.java:53)
at org.testng.SuiteRunnerWorker.run(SuiteRunnerWorker.java:96)
at org.testng.TestNG.runSuitesSequentially(TestNG.java:1212)
at org.testng.TestNG.runSuitesLocally(TestNG.java:1134)
at org.testng.TestNG.runSuites(TestNG.java:1063)
at org.testng.TestNG.run(TestNG.java:1031)
at org.testng.remote.AbstractRemoteTestNG.run(AbstractRemoteTestNG.java:115)
at org.testng.remote.RemoteTestNG.initAndRun(RemoteTestNG.java:251)
at org.testng.remote.RemoteTestNG.main(RemoteTestNG.java:77)
]]>
            </full-stacktrace>
          </exception> <!-- org.openqa.selenium.WebDriverException -->
          <reporter-output>
          </reporter-output>
        </test-method> <!-- openBrowser -->
        <test-method signature="Addfaculty()[pri:0, instance:AutomationPractice.AutomationPractice@5bfa9431]" started-at="2023-02-28T15:29:54 IST" name="Addfaculty" finished-at="2023-02-28T15:29:54 IST" duration-ms="0" status="SKIP">
          <exception class="org.openqa.selenium.WebDriverException">
            <message>
              <![CDATA[unknown error: DevToolsActivePort file doesn't exist
Build info: version: '3.141.59', revision: 'e82be7d358', time: '2018-11-14T08:17:03'
System info: host: 'Someshs-MacBook-Air.local', ip: 'fe80:0:0:0:e3:c39b:9af1:6aa5%en0', os.name: 'Mac OS X', os.arch: 'x86_64', os.version: '13.0.1', java.version: '17.0.2'
Driver info: driver.version: ChromeDriver
remote stacktrace: 0   chromedriver                        0x000000010323f138 chromedriver + 4923704
1   chromedriver                        0x00000001031b79d3 chromedriver + 4368851
2   chromedriver                        0x0000000102e00787 chromedriver + 472967
3   chromedriver                        0x0000000102e30ed4 chromedriver + 671444
4   chromedriver                        0x0000000102e2cab2 chromedriver + 654002
5   chromedriver                        0x0000000102e29041 chromedriver + 639041
6   chromedriver                        0x0000000102e778a5 chromedriver + 960677
7   chromedriver                        0x0000000102e6dd23 chromedriver + 920867
8   chromedriver                        0x0000000102e34a4b chromedriver + 686667
9   chromedriver                        0x0000000102e36044 chromedriver + 692292
10  chromedriver                        0x000000010320a8fe chromedriver + 4708606
11  chromedriver                        0x000000010320fe22 chromedriver + 4730402
12  chromedriver                        0x00000001032186bf chromedriver + 4765375
13  chromedriver                        0x0000000103210e80 chromedriver + 4734592
14  chromedriver                        0x00000001031e1975 chromedriver + 4540789
15  chromedriver                        0x0000000103232e78 chromedriver + 4873848
16  chromedriver                        0x0000000103232ff5 chromedriver + 4874229
17  chromedriver                        0x00000001032476de chromedriver + 4957918
18  libsystem_pthread.dylib             0x00007ff81462b259 _pthread_start + 125
19  libsystem_pthread.dylib             0x00007ff814626c7b thread_start + 15
]]>
            </message>
            <full-stacktrace>
              <![CDATA[org.openqa.selenium.WebDriverException: unknown error: DevToolsActivePort file doesn't exist
Build info: version: '3.141.59', revision: 'e82be7d358', time: '2018-11-14T08:17:03'
System info: host: 'Someshs-MacBook-Air.local', ip: 'fe80:0:0:0:e3:c39b:9af1:6aa5%en0', os.name: 'Mac OS X', os.arch: 'x86_64', os.version: '13.0.1', java.version: '17.0.2'
Driver info: driver.version: ChromeDriver
remote stacktrace: 0   chromedriver                        0x000000010323f138 chromedriver + 4923704
1   chromedriver                        0x00000001031b79d3 chromedriver + 4368851
2   chromedriver                        0x0000000102e00787 chromedriver + 472967
3   chromedriver                        0x0000000102e30ed4 chromedriver + 671444
4   chromedriver                        0x0000000102e2cab2 chromedriver + 654002
5   chromedriver                        0x0000000102e29041 chromedriver + 639041
6   chromedriver                        0x0000000102e778a5 chromedriver + 960677
7   chromedriver                        0x0000000102e6dd23 chromedriver + 920867
8   chromedriver                        0x0000000102e34a4b chromedriver + 686667
9   chromedriver                        0x0000000102e36044 chromedriver + 692292
10  chromedriver                        0x000000010320a8fe chromedriver + 4708606
11  chromedriver                        0x000000010320fe22 chromedriver + 4730402
12  chromedriver                        0x00000001032186bf chromedriver + 4765375
13  chromedriver                        0x0000000103210e80 chromedriver + 4734592
14  chromedriver                        0x00000001031e1975 chromedriver + 4540789
15  chromedriver                        0x0000000103232e78 chromedriver + 4873848
16  chromedriver                        0x0000000103232ff5 chromedriver + 4874229
17  chromedriver                        0x00000001032476de chromedriver + 4957918
18  libsystem_pthread.dylib             0x00007ff81462b259 _pthread_start + 125
19  libsystem_pthread.dylib             0x00007ff814626c7b thread_start + 15

at java.base/jdk.internal.reflect.NativeConstructorAccessorImpl.newInstance0(Native Method)
at java.base/jdk.internal.reflect.NativeConstructorAccessorImpl.newInstance(NativeConstructorAccessorImpl.java:77)
at java.base/jdk.internal.reflect.DelegatingConstructorAccessorImpl.newInstance(DelegatingConstructorAccessorImpl.java:45)
at java.base/java.lang.reflect.Constructor.newInstanceWithCaller(Constructor.java:499)
at java.base/java.lang.reflect.Constructor.newInstance(Constructor.java:480)
at org.openqa.selenium.remote.W3CHandshakeResponse.lambda$errorHandler$0(W3CHandshakeResponse.java:62)
at org.openqa.selenium.remote.HandshakeResponse.lambda$getResponseFunction$0(HandshakeResponse.java:30)
at org.openqa.selenium.remote.ProtocolHandshake.lambda$createSession$0(ProtocolHandshake.java:126)
at java.base/java.util.stream.ReferencePipeline$3$1.accept(ReferencePipeline.java:197)
at java.base/java.util.Spliterators$ArraySpliterator.tryAdvance(Spliterators.java:1002)
at java.base/java.util.stream.ReferencePipeline.forEachWithCancel(ReferencePipeline.java:129)
at java.base/java.util.stream.AbstractPipeline.copyIntoWithCancel(AbstractPipeline.java:527)
at java.base/java.util.stream.AbstractPipeline.copyInto(AbstractPipeline.java:513)
at java.base/java.util.stream.AbstractPipeline.wrapAndCopyInto(AbstractPipeline.java:499)
at java.base/java.util.stream.FindOps$FindOp.evaluateSequential(FindOps.java:150)
at java.base/java.util.stream.AbstractPipeline.evaluate(AbstractPipeline.java:234)
at java.base/java.util.stream.ReferencePipeline.findFirst(ReferencePipeline.java:647)
at org.openqa.selenium.remote.ProtocolHandshake.createSession(ProtocolHandshake.java:128)
at org.openqa.selenium.remote.ProtocolHandshake.createSession(ProtocolHandshake.java:74)
at org.openqa.selenium.remote.HttpCommandExecutor.execute(HttpCommandExecutor.java:136)
at org.openqa.selenium.remote.service.DriverCommandExecutor.execute(DriverCommandExecutor.java:83)
at org.openqa.selenium.remote.RemoteWebDriver.execute(RemoteWebDriver.java:552)
at org.openqa.selenium.remote.RemoteWebDriver.startSession(RemoteWebDriver.java:213)
at org.openqa.selenium.remote.RemoteWebDriver.<init>(RemoteWebDriver.java:131)
at org.openqa.selenium.chrome.ChromeDriver.<init>(ChromeDriver.java:181)
at org.openqa.selenium.chrome.ChromeDriver.<init>(ChromeDriver.java:168)
at org.openqa.selenium.chrome.ChromeDriver.<init>(ChromeDriver.java:123)
at AutomationPractice.AutomationPractice.openBrowser(AutomationPractice.java:24)
at java.base/jdk.internal.reflect.NativeMethodAccessorImpl.invoke0(Native Method)
at java.base/jdk.internal.reflect.NativeMethodAccessorImpl.invoke(NativeMethodAccessorImpl.java:77)
at java.base/jdk.internal.reflect.DelegatingMethodAccessorImpl.invoke(DelegatingMethodAccessorImpl.java:43)
at java.base/java.lang.reflect.Method.invoke(Method.java:568)
at org.testng.internal.MethodInvocationHelper.invokeMethod(MethodInvocationHelper.java:133)
at org.testng.internal.MethodInvocationHelper.invokeMethodConsideringTimeout(MethodInvocationHelper.java:62)
at org.testng.internal.ConfigInvoker.invokeConfigurationMethod(ConfigInvoker.java:385)
at org.testng.internal.ConfigInvoker.invokeConfigurations(ConfigInvoker.java:321)
at org.testng.internal.TestInvoker.runConfigMethods(TestInvoker.java:700)
at org.testng.internal.TestInvoker.invokeMethod(TestInvoker.java:527)
at org.testng.internal.TestInvoker.invokeTestMethod(TestInvoker.java:173)
at org.testng.internal.MethodRunner.runInSequence(MethodRunner.java:46)
at org.testng.internal.TestInvoker$MethodInvocationAgent.invoke(TestInvoker.java:824)
at org.testng.internal.TestInvoker.invokeTestMethods(TestInvoker.java:146)
at org.testng.internal.TestMethodWorker.invokeTestMethods(TestMethodWorker.java:146)
at org.testng.internal.TestMethodWorker.run(TestMethodWorker.java:128)
at java.base/java.util.ArrayList.forEach(ArrayList.java:1511)
at org.testng.TestRunner.privateRun(TestRunner.java:794)
at org.testng.TestRunner.run(TestRunner.java:596)
at org.testng.SuiteRunner.runTest(SuiteRunner.java:377)
at org.testng.SuiteRunner.runSequentially(SuiteRunner.java:371)
at org.testng.SuiteRunner.privateRun(SuiteRunner.java:332)
at org.testng.SuiteRunner.run(SuiteRunner.java:276)
at org.testng.SuiteRunnerWorker.runSuite(SuiteRunnerWorker.java:53)
at org.testng.SuiteRunnerWorker.run(SuiteRunnerWorker.java:96)
at org.testng.TestNG.runSuitesSequentially(TestNG.java:1212)
at org.testng.TestNG.runSuitesLocally(TestNG.java:1134)
at org.testng.TestNG.runSuites(TestNG.java:1063)
at org.testng.TestNG.run(TestNG.java:1031)
at org.testng.remote.AbstractRemoteTestNG.run(AbstractRemoteTestNG.java:115)
at org.testng.remote.RemoteTestNG.initAndRun(RemoteTestNG.java:251)
at org.testng.remote.RemoteTestNG.main(RemoteTestNG.java:77)
]]>
            </full-stacktrace>
          </exception> <!-- org.openqa.selenium.WebDriverException -->
          <reporter-output>
          </reporter-output>
        </test-method> <!-- Addfaculty -->
        <test-method is-config="true" signature="openBrowser()[pri:0, instance:AutomationPractice.AutomationPractice@5bfa9431]" started-at="2023-02-28T15:29:54 IST" name="openBrowser" finished-at="1970-01-01T05:30:00 IST" duration-ms="-1677578394127" status="SKIP">
          <reporter-output>
          </reporter-output>
        </test-method> <!-- openBrowser -->
        <test-method signature="ErrorMsgForInvalidOTP()[pri:0, instance:AutomationPractice.AutomationPractice@5bfa9431]" started-at="2023-02-28T15:29:54 IST" name="ErrorMsgForInvalidOTP" finished-at="2023-02-28T15:29:54 IST" duration-ms="0" status="SKIP">
          <exception class="org.openqa.selenium.WebDriverException">
            <message>
              <![CDATA[unknown error: DevToolsActivePort file doesn't exist
Build info: version: '3.141.59', revision: 'e82be7d358', time: '2018-11-14T08:17:03'
System info: host: 'Someshs-MacBook-Air.local', ip: 'fe80:0:0:0:e3:c39b:9af1:6aa5%en0', os.name: 'Mac OS X', os.arch: 'x86_64', os.version: '13.0.1', java.version: '17.0.2'
Driver info: driver.version: ChromeDriver
remote stacktrace: 0   chromedriver                        0x000000010323f138 chromedriver + 4923704
1   chromedriver                        0x00000001031b79d3 chromedriver + 4368851
2   chromedriver                        0x0000000102e00787 chromedriver + 472967
3   chromedriver                        0x0000000102e30ed4 chromedriver + 671444
4   chromedriver                        0x0000000102e2cab2 chromedriver + 654002
5   chromedriver                        0x0000000102e29041 chromedriver + 639041
6   chromedriver                        0x0000000102e778a5 chromedriver + 960677
7   chromedriver                        0x0000000102e6dd23 chromedriver + 920867
8   chromedriver                        0x0000000102e34a4b chromedriver + 686667
9   chromedriver                        0x0000000102e36044 chromedriver + 692292
10  chromedriver                        0x000000010320a8fe chromedriver + 4708606
11  chromedriver                        0x000000010320fe22 chromedriver + 4730402
12  chromedriver                        0x00000001032186bf chromedriver + 4765375
13  chromedriver                        0x0000000103210e80 chromedriver + 4734592
14  chromedriver                        0x00000001031e1975 chromedriver + 4540789
15  chromedriver                        0x0000000103232e78 chromedriver + 4873848
16  chromedriver                        0x0000000103232ff5 chromedriver + 4874229
17  chromedriver                        0x00000001032476de chromedriver + 4957918
18  libsystem_pthread.dylib             0x00007ff81462b259 _pthread_start + 125
19  libsystem_pthread.dylib             0x00007ff814626c7b thread_start + 15
]]>
            </message>
            <full-stacktrace>
              <![CDATA[org.openqa.selenium.WebDriverException: unknown error: DevToolsActivePort file doesn't exist
Build info: version: '3.141.59', revision: 'e82be7d358', time: '2018-11-14T08:17:03'
System info: host: 'Someshs-MacBook-Air.local', ip: 'fe80:0:0:0:e3:c39b:9af1:6aa5%en0', os.name: 'Mac OS X', os.arch: 'x86_64', os.version: '13.0.1', java.version: '17.0.2'
Driver info: driver.version: ChromeDriver
remote stacktrace: 0   chromedriver                        0x000000010323f138 chromedriver + 4923704
1   chromedriver                        0x00000001031b79d3 chromedriver + 4368851
2   chromedriver                        0x0000000102e00787 chromedriver + 472967
3   chromedriver                        0x0000000102e30ed4 chromedriver + 671444
4   chromedriver                        0x0000000102e2cab2 chromedriver + 654002
5   chromedriver                        0x0000000102e29041 chromedriver + 639041
6   chromedriver                        0x0000000102e778a5 chromedriver + 960677
7   chromedriver                        0x0000000102e6dd23 chromedriver + 920867
8   chromedriver                        0x0000000102e34a4b chromedriver + 686667
9   chromedriver                        0x0000000102e36044 chromedriver + 692292
10  chromedriver                        0x000000010320a8fe chromedriver + 4708606
11  chromedriver                        0x000000010320fe22 chromedriver + 4730402
12  chromedriver                        0x00000001032186bf chromedriver + 4765375
13  chromedriver                        0x0000000103210e80 chromedriver + 4734592
14  chromedriver                        0x00000001031e1975 chromedriver + 4540789
15  chromedriver                        0x0000000103232e78 chromedriver + 4873848
16  chromedriver                        0x0000000103232ff5 chromedriver + 4874229
17  chromedriver                        0x00000001032476de chromedriver + 4957918
18  libsystem_pthread.dylib             0x00007ff81462b259 _pthread_start + 125
19  libsystem_pthread.dylib             0x00007ff814626c7b thread_start + 15

at java.base/jdk.internal.reflect.NativeConstructorAccessorImpl.newInstance0(Native Method)
at java.base/jdk.internal.reflect.NativeConstructorAccessorImpl.newInstance(NativeConstructorAccessorImpl.java:77)
at java.base/jdk.internal.reflect.DelegatingConstructorAccessorImpl.newInstance(DelegatingConstructorAccessorImpl.java:45)
at java.base/java.lang.reflect.Constructor.newInstanceWithCaller(Constructor.java:499)
at java.base/java.lang.reflect.Constructor.newInstance(Constructor.java:480)
at org.openqa.selenium.remote.W3CHandshakeResponse.lambda$errorHandler$0(W3CHandshakeResponse.java:62)
at org.openqa.selenium.remote.HandshakeResponse.lambda$getResponseFunction$0(HandshakeResponse.java:30)
at org.openqa.selenium.remote.ProtocolHandshake.lambda$createSession$0(ProtocolHandshake.java:126)
at java.base/java.util.stream.ReferencePipeline$3$1.accept(ReferencePipeline.java:197)
at java.base/java.util.Spliterators$ArraySpliterator.tryAdvance(Spliterators.java:1002)
at java.base/java.util.stream.ReferencePipeline.forEachWithCancel(ReferencePipeline.java:129)
at java.base/java.util.stream.AbstractPipeline.copyIntoWithCancel(AbstractPipeline.java:527)
at java.base/java.util.stream.AbstractPipeline.copyInto(AbstractPipeline.java:513)
at java.base/java.util.stream.AbstractPipeline.wrapAndCopyInto(AbstractPipeline.java:499)
at java.base/java.util.stream.FindOps$FindOp.evaluateSequential(FindOps.java:150)
at java.base/java.util.stream.AbstractPipeline.evaluate(AbstractPipeline.java:234)
at java.base/java.util.stream.ReferencePipeline.findFirst(ReferencePipeline.java:647)
at org.openqa.selenium.remote.ProtocolHandshake.createSession(ProtocolHandshake.java:128)
at org.openqa.selenium.remote.ProtocolHandshake.createSession(ProtocolHandshake.java:74)
at org.openqa.selenium.remote.HttpCommandExecutor.execute(HttpCommandExecutor.java:136)
at org.openqa.selenium.remote.service.DriverCommandExecutor.execute(DriverCommandExecutor.java:83)
at org.openqa.selenium.remote.RemoteWebDriver.execute(RemoteWebDriver.java:552)
at org.openqa.selenium.remote.RemoteWebDriver.startSession(RemoteWebDriver.java:213)
at org.openqa.selenium.remote.RemoteWebDriver.<init>(RemoteWebDriver.java:131)
at org.openqa.selenium.chrome.ChromeDriver.<init>(ChromeDriver.java:181)
at org.openqa.selenium.chrome.ChromeDriver.<init>(ChromeDriver.java:168)
at org.openqa.selenium.chrome.ChromeDriver.<init>(ChromeDriver.java:123)
at AutomationPractice.AutomationPractice.openBrowser(AutomationPractice.java:24)
at java.base/jdk.internal.reflect.NativeMethodAccessorImpl.invoke0(Native Method)
at java.base/jdk.internal.reflect.NativeMethodAccessorImpl.invoke(NativeMethodAccessorImpl.java:77)
at java.base/jdk.internal.reflect.DelegatingMethodAccessorImpl.invoke(DelegatingMethodAccessorImpl.java:43)
at java.base/java.lang.reflect.Method.invoke(Method.java:568)
at org.testng.internal.MethodInvocationHelper.invokeMethod(MethodInvocationHelper.java:133)
at org.testng.internal.MethodInvocationHelper.invokeMethodConsideringTimeout(MethodInvocationHelper.java:62)
at org.testng.internal.ConfigInvoker.invokeConfigurationMethod(ConfigInvoker.java:385)
at org.testng.internal.ConfigInvoker.invokeConfigurations(ConfigInvoker.java:321)
at org.testng.internal.TestInvoker.runConfigMethods(TestInvoker.java:700)
at org.testng.internal.TestInvoker.invokeMethod(TestInvoker.java:527)
at org.testng.internal.TestInvoker.invokeTestMethod(TestInvoker.java:173)
at org.testng.internal.MethodRunner.runInSequence(MethodRunner.java:46)
at org.testng.internal.TestInvoker$MethodInvocationAgent.invoke(TestInvoker.java:824)
at org.testng.internal.TestInvoker.invokeTestMethods(TestInvoker.java:146)
at org.testng.internal.TestMethodWorker.invokeTestMethods(TestMethodWorker.java:146)
at org.testng.internal.TestMethodWorker.run(TestMethodWorker.java:128)
at java.base/java.util.ArrayList.forEach(ArrayList.java:1511)
at org.testng.TestRunner.privateRun(TestRunner.java:794)
at org.testng.TestRunner.run(TestRunner.java:596)
at org.testng.SuiteRunner.runTest(SuiteRunner.java:377)
at org.testng.SuiteRunner.runSequentially(SuiteRunner.java:371)
at org.testng.SuiteRunner.privateRun(SuiteRunner.java:332)
at org.testng.SuiteRunner.run(SuiteRunner.java:276)
at org.testng.SuiteRunnerWorker.runSuite(SuiteRunnerWorker.java:53)
at org.testng.SuiteRunnerWorker.run(SuiteRunnerWorker.java:96)
at org.testng.TestNG.runSuitesSequentially(TestNG.java:1212)
at org.testng.TestNG.runSuitesLocally(TestNG.java:1134)
at org.testng.TestNG.runSuites(TestNG.java:1063)
at org.testng.TestNG.run(TestNG.java:1031)
at org.testng.remote.AbstractRemoteTestNG.run(AbstractRemoteTestNG.java:115)
at org.testng.remote.RemoteTestNG.initAndRun(RemoteTestNG.java:251)
at org.testng.remote.RemoteTestNG.main(RemoteTestNG.java:77)
]]>
            </full-stacktrace>
          </exception> <!-- org.openqa.selenium.WebDriverException -->
          <reporter-output>
          </reporter-output>
        </test-method> <!-- ErrorMsgForInvalidOTP -->
        <test-method is-config="true" signature="openBrowser()[pri:0, instance:AutomationPractice.AutomationPractice@5bfa9431]" started-at="2023-02-28T15:29:54 IST" name="openBrowser" finished-at="1970-01-01T05:30:00 IST" duration-ms="-1677578394142" status="SKIP">
          <reporter-output>
          </reporter-output>
        </test-method> <!-- openBrowser -->
        <test-method signature="addStudentManually()[pri:0, instance:AutomationPractice.AutomationPractice@5bfa9431]" started-at="2023-02-28T15:29:54 IST" name="addStudentManually" finished-at="2023-02-28T15:29:54 IST" duration-ms="0" status="SKIP">
          <exception class="org.openqa.selenium.WebDriverException">
            <message>
              <![CDATA[unknown error: DevToolsActivePort file doesn't exist
Build info: version: '3.141.59', revision: 'e82be7d358', time: '2018-11-14T08:17:03'
System info: host: 'Someshs-MacBook-Air.local', ip: 'fe80:0:0:0:e3:c39b:9af1:6aa5%en0', os.name: 'Mac OS X', os.arch: 'x86_64', os.version: '13.0.1', java.version: '17.0.2'
Driver info: driver.version: ChromeDriver
remote stacktrace: 0   chromedriver                        0x000000010323f138 chromedriver + 4923704
1   chromedriver                        0x00000001031b79d3 chromedriver + 4368851
2   chromedriver                        0x0000000102e00787 chromedriver + 472967
3   chromedriver                        0x0000000102e30ed4 chromedriver + 671444
4   chromedriver                        0x0000000102e2cab2 chromedriver + 654002
5   chromedriver                        0x0000000102e29041 chromedriver + 639041
6   chromedriver                        0x0000000102e778a5 chromedriver + 960677
7   chromedriver                        0x0000000102e6dd23 chromedriver + 920867
8   chromedriver                        0x0000000102e34a4b chromedriver + 686667
9   chromedriver                        0x0000000102e36044 chromedriver + 692292
10  chromedriver                        0x000000010320a8fe chromedriver + 4708606
11  chromedriver                        0x000000010320fe22 chromedriver + 4730402
12  chromedriver                        0x00000001032186bf chromedriver + 4765375
13  chromedriver                        0x0000000103210e80 chromedriver + 4734592
14  chromedriver                        0x00000001031e1975 chromedriver + 4540789
15  chromedriver                        0x0000000103232e78 chromedriver + 4873848
16  chromedriver                        0x0000000103232ff5 chromedriver + 4874229
17  chromedriver                        0x00000001032476de chromedriver + 4957918
18  libsystem_pthread.dylib             0x00007ff81462b259 _pthread_start + 125
19  libsystem_pthread.dylib             0x00007ff814626c7b thread_start + 15
]]>
            </message>
            <full-stacktrace>
              <![CDATA[org.openqa.selenium.WebDriverException: unknown error: DevToolsActivePort file doesn't exist
Build info: version: '3.141.59', revision: 'e82be7d358', time: '2018-11-14T08:17:03'
System info: host: 'Someshs-MacBook-Air.local', ip: 'fe80:0:0:0:e3:c39b:9af1:6aa5%en0', os.name: 'Mac OS X', os.arch: 'x86_64', os.version: '13.0.1', java.version: '17.0.2'
Driver info: driver.version: ChromeDriver
remote stacktrace: 0   chromedriver                        0x000000010323f138 chromedriver + 4923704
1   chromedriver                        0x00000001031b79d3 chromedriver + 4368851
2   chromedriver                        0x0000000102e00787 chromedriver + 472967
3   chromedriver                        0x0000000102e30ed4 chromedriver + 671444
4   chromedriver                        0x0000000102e2cab2 chromedriver + 654002
5   chromedriver                        0x0000000102e29041 chromedriver + 639041
6   chromedriver                        0x0000000102e778a5 chromedriver + 960677
7   chromedriver                        0x0000000102e6dd23 chromedriver + 920867
8   chromedriver                        0x0000000102e34a4b chromedriver + 686667
9   chromedriver                        0x0000000102e36044 chromedriver + 692292
10  chromedriver                        0x000000010320a8fe chromedriver + 4708606
11  chromedriver                        0x000000010320fe22 chromedriver + 4730402
12  chromedriver                        0x00000001032186bf chromedriver + 4765375
13  chromedriver                        0x0000000103210e80 chromedriver + 4734592
14  chromedriver                        0x00000001031e1975 chromedriver + 4540789
15  chromedriver                        0x0000000103232e78 chromedriver + 4873848
16  chromedriver                        0x0000000103232ff5 chromedriver + 4874229
17  chromedriver                        0x00000001032476de chromedriver + 4957918
18  libsystem_pthread.dylib             0x00007ff81462b259 _pthread_start + 125
19  libsystem_pthread.dylib             0x00007ff814626c7b thread_start + 15

at java.base/jdk.internal.reflect.NativeConstructorAccessorImpl.newInstance0(Native Method)
at java.base/jdk.internal.reflect.NativeConstructorAccessorImpl.newInstance(NativeConstructorAccessorImpl.java:77)
at java.base/jdk.internal.reflect.DelegatingConstructorAccessorImpl.newInstance(DelegatingConstructorAccessorImpl.java:45)
at java.base/java.lang.reflect.Constructor.newInstanceWithCaller(Constructor.java:499)
at java.base/java.lang.reflect.Constructor.newInstance(Constructor.java:480)
at org.openqa.selenium.remote.W3CHandshakeResponse.lambda$errorHandler$0(W3CHandshakeResponse.java:62)
at org.openqa.selenium.remote.HandshakeResponse.lambda$getResponseFunction$0(HandshakeResponse.java:30)
at org.openqa.selenium.remote.ProtocolHandshake.lambda$createSession$0(ProtocolHandshake.java:126)
at java.base/java.util.stream.ReferencePipeline$3$1.accept(ReferencePipeline.java:197)
at java.base/java.util.Spliterators$ArraySpliterator.tryAdvance(Spliterators.java:1002)
at java.base/java.util.stream.ReferencePipeline.forEachWithCancel(ReferencePipeline.java:129)
at java.base/java.util.stream.AbstractPipeline.copyIntoWithCancel(AbstractPipeline.java:527)
at java.base/java.util.stream.AbstractPipeline.copyInto(AbstractPipeline.java:513)
at java.base/java.util.stream.AbstractPipeline.wrapAndCopyInto(AbstractPipeline.java:499)
at java.base/java.util.stream.FindOps$FindOp.evaluateSequential(FindOps.java:150)
at java.base/java.util.stream.AbstractPipeline.evaluate(AbstractPipeline.java:234)
at java.base/java.util.stream.ReferencePipeline.findFirst(ReferencePipeline.java:647)
at org.openqa.selenium.remote.ProtocolHandshake.createSession(ProtocolHandshake.java:128)
at org.openqa.selenium.remote.ProtocolHandshake.createSession(ProtocolHandshake.java:74)
at org.openqa.selenium.remote.HttpCommandExecutor.execute(HttpCommandExecutor.java:136)
at org.openqa.selenium.remote.service.DriverCommandExecutor.execute(DriverCommandExecutor.java:83)
at org.openqa.selenium.remote.RemoteWebDriver.execute(RemoteWebDriver.java:552)
at org.openqa.selenium.remote.RemoteWebDriver.startSession(RemoteWebDriver.java:213)
at org.openqa.selenium.remote.RemoteWebDriver.<init>(RemoteWebDriver.java:131)
at org.openqa.selenium.chrome.ChromeDriver.<init>(ChromeDriver.java:181)
at org.openqa.selenium.chrome.ChromeDriver.<init>(ChromeDriver.java:168)
at org.openqa.selenium.chrome.ChromeDriver.<init>(ChromeDriver.java:123)
at AutomationPractice.AutomationPractice.openBrowser(AutomationPractice.java:24)
at java.base/jdk.internal.reflect.NativeMethodAccessorImpl.invoke0(Native Method)
at java.base/jdk.internal.reflect.NativeMethodAccessorImpl.invoke(NativeMethodAccessorImpl.java:77)
at java.base/jdk.internal.reflect.DelegatingMethodAccessorImpl.invoke(DelegatingMethodAccessorImpl.java:43)
at java.base/java.lang.reflect.Method.invoke(Method.java:568)
at org.testng.internal.MethodInvocationHelper.invokeMethod(MethodInvocationHelper.java:133)
at org.testng.internal.MethodInvocationHelper.invokeMethodConsideringTimeout(MethodInvocationHelper.java:62)
at org.testng.internal.ConfigInvoker.invokeConfigurationMethod(ConfigInvoker.java:385)
at org.testng.internal.ConfigInvoker.invokeConfigurations(ConfigInvoker.java:321)
at org.testng.internal.TestInvoker.runConfigMethods(TestInvoker.java:700)
at org.testng.internal.TestInvoker.invokeMethod(TestInvoker.java:527)
at org.testng.internal.TestInvoker.invokeTestMethod(TestInvoker.java:173)
at org.testng.internal.MethodRunner.runInSequence(MethodRunner.java:46)
at org.testng.internal.TestInvoker$MethodInvocationAgent.invoke(TestInvoker.java:824)
at org.testng.internal.TestInvoker.invokeTestMethods(TestInvoker.java:146)
at org.testng.internal.TestMethodWorker.invokeTestMethods(TestMethodWorker.java:146)
at org.testng.internal.TestMethodWorker.run(TestMethodWorker.java:128)
at java.base/java.util.ArrayList.forEach(ArrayList.java:1511)
at org.testng.TestRunner.privateRun(TestRunner.java:794)
at org.testng.TestRunner.run(TestRunner.java:596)
at org.testng.SuiteRunner.runTest(SuiteRunner.java:377)
at org.testng.SuiteRunner.runSequentially(SuiteRunner.java:371)
at org.testng.SuiteRunner.privateRun(SuiteRunner.java:332)
at org.testng.SuiteRunner.run(SuiteRunner.java:276)
at org.testng.SuiteRunnerWorker.runSuite(SuiteRunnerWorker.java:53)
at org.testng.SuiteRunnerWorker.run(SuiteRunnerWorker.java:96)
at org.testng.TestNG.runSuitesSequentially(TestNG.java:1212)
at org.testng.TestNG.runSuitesLocally(TestNG.java:1134)
at org.testng.TestNG.runSuites(TestNG.java:1063)
at org.testng.TestNG.run(TestNG.java:1031)
at org.testng.remote.AbstractRemoteTestNG.run(AbstractRemoteTestNG.java:115)
at org.testng.remote.RemoteTestNG.initAndRun(RemoteTestNG.java:251)
at org.testng.remote.RemoteTestNG.main(RemoteTestNG.java:77)
]]>
            </full-stacktrace>
          </exception> <!-- org.openqa.selenium.WebDriverException -->
          <reporter-output>
          </reporter-output>
        </test-method> <!-- addStudentManually -->
        <test-method is-config="true" signature="openBrowser()[pri:0, instance:AutomationPractice.AutomationPractice@5bfa9431]" started-at="2023-02-28T15:29:54 IST" name="openBrowser" finished-at="1970-01-01T05:30:00 IST" duration-ms="-1677578394151" status="SKIP">
          <reporter-output>
          </reporter-output>
        </test-method> <!-- openBrowser -->
        <test-method signature="batchNameTextfield()[pri:0, instance:AutomationPractice.AutomationPractice@5bfa9431]" started-at="2023-02-28T15:29:54 IST" name="batchNameTextfield" finished-at="2023-02-28T15:29:54 IST" duration-ms="0" status="SKIP">
          <exception class="org.openqa.selenium.WebDriverException">
            <message>
              <![CDATA[unknown error: DevToolsActivePort file doesn't exist
Build info: version: '3.141.59', revision: 'e82be7d358', time: '2018-11-14T08:17:03'
System info: host: 'Someshs-MacBook-Air.local', ip: 'fe80:0:0:0:e3:c39b:9af1:6aa5%en0', os.name: 'Mac OS X', os.arch: 'x86_64', os.version: '13.0.1', java.version: '17.0.2'
Driver info: driver.version: ChromeDriver
remote stacktrace: 0   chromedriver                        0x000000010323f138 chromedriver + 4923704
1   chromedriver                        0x00000001031b79d3 chromedriver + 4368851
2   chromedriver                        0x0000000102e00787 chromedriver + 472967
3   chromedriver                        0x0000000102e30ed4 chromedriver + 671444
4   chromedriver                        0x0000000102e2cab2 chromedriver + 654002
5   chromedriver                        0x0000000102e29041 chromedriver + 639041
6   chromedriver                        0x0000000102e778a5 chromedriver + 960677
7   chromedriver                        0x0000000102e6dd23 chromedriver + 920867
8   chromedriver                        0x0000000102e34a4b chromedriver + 686667
9   chromedriver                        0x0000000102e36044 chromedriver + 692292
10  chromedriver                        0x000000010320a8fe chromedriver + 4708606
11  chromedriver                        0x000000010320fe22 chromedriver + 4730402
12  chromedriver                        0x00000001032186bf chromedriver + 4765375
13  chromedriver                        0x0000000103210e80 chromedriver + 4734592
14  chromedriver                        0x00000001031e1975 chromedriver + 4540789
15  chromedriver                        0x0000000103232e78 chromedriver + 4873848
16  chromedriver                        0x0000000103232ff5 chromedriver + 4874229
17  chromedriver                        0x00000001032476de chromedriver + 4957918
18  libsystem_pthread.dylib             0x00007ff81462b259 _pthread_start + 125
19  libsystem_pthread.dylib             0x00007ff814626c7b thread_start + 15
]]>
            </message>
            <full-stacktrace>
              <![CDATA[org.openqa.selenium.WebDriverException: unknown error: DevToolsActivePort file doesn't exist
Build info: version: '3.141.59', revision: 'e82be7d358', time: '2018-11-14T08:17:03'
System info: host: 'Someshs-MacBook-Air.local', ip: 'fe80:0:0:0:e3:c39b:9af1:6aa5%en0', os.name: 'Mac OS X', os.arch: 'x86_64', os.version: '13.0.1', java.version: '17.0.2'
Driver info: driver.version: ChromeDriver
remote stacktrace: 0   chromedriver                        0x000000010323f138 chromedriver + 4923704
1   chromedriver                        0x00000001031b79d3 chromedriver + 4368851
2   chromedriver                        0x0000000102e00787 chromedriver + 472967
3   chromedriver                        0x0000000102e30ed4 chromedriver + 671444
4   chromedriver                        0x0000000102e2cab2 chromedriver + 654002
5   chromedriver                        0x0000000102e29041 chromedriver + 639041
6   chromedriver                        0x0000000102e778a5 chromedriver + 960677
7   chromedriver                        0x0000000102e6dd23 chromedriver + 920867
8   chromedriver                        0x0000000102e34a4b chromedriver + 686667
9   chromedriver                        0x0000000102e36044 chromedriver + 692292
10  chromedriver                        0x000000010320a8fe chromedriver + 4708606
11  chromedriver                        0x000000010320fe22 chromedriver + 4730402
12  chromedriver                        0x00000001032186bf chromedriver + 4765375
13  chromedriver                        0x0000000103210e80 chromedriver + 4734592
14  chromedriver                        0x00000001031e1975 chromedriver + 4540789
15  chromedriver                        0x0000000103232e78 chromedriver + 4873848
16  chromedriver                        0x0000000103232ff5 chromedriver + 4874229
17  chromedriver                        0x00000001032476de chromedriver + 4957918
18  libsystem_pthread.dylib             0x00007ff81462b259 _pthread_start + 125
19  libsystem_pthread.dylib             0x00007ff814626c7b thread_start + 15

at java.base/jdk.internal.reflect.NativeConstructorAccessorImpl.newInstance0(Native Method)
at java.base/jdk.internal.reflect.NativeConstructorAccessorImpl.newInstance(NativeConstructorAccessorImpl.java:77)
at java.base/jdk.internal.reflect.DelegatingConstructorAccessorImpl.newInstance(DelegatingConstructorAccessorImpl.java:45)
at java.base/java.lang.reflect.Constructor.newInstanceWithCaller(Constructor.java:499)
at java.base/java.lang.reflect.Constructor.newInstance(Constructor.java:480)
at org.openqa.selenium.remote.W3CHandshakeResponse.lambda$errorHandler$0(W3CHandshakeResponse.java:62)
at org.openqa.selenium.remote.HandshakeResponse.lambda$getResponseFunction$0(HandshakeResponse.java:30)
at org.openqa.selenium.remote.ProtocolHandshake.lambda$createSession$0(ProtocolHandshake.java:126)
at java.base/java.util.stream.ReferencePipeline$3$1.accept(ReferencePipeline.java:197)
at java.base/java.util.Spliterators$ArraySpliterator.tryAdvance(Spliterators.java:1002)
at java.base/java.util.stream.ReferencePipeline.forEachWithCancel(ReferencePipeline.java:129)
at java.base/java.util.stream.AbstractPipeline.copyIntoWithCancel(AbstractPipeline.java:527)
at java.base/java.util.stream.AbstractPipeline.copyInto(AbstractPipeline.java:513)
at java.base/java.util.stream.AbstractPipeline.wrapAndCopyInto(AbstractPipeline.java:499)
at java.base/java.util.stream.FindOps$FindOp.evaluateSequential(FindOps.java:150)
at java.base/java.util.stream.AbstractPipeline.evaluate(AbstractPipeline.java:234)
at java.base/java.util.stream.ReferencePipeline.findFirst(ReferencePipeline.java:647)
at org.openqa.selenium.remote.ProtocolHandshake.createSession(ProtocolHandshake.java:128)
at org.openqa.selenium.remote.ProtocolHandshake.createSession(ProtocolHandshake.java:74)
at org.openqa.selenium.remote.HttpCommandExecutor.execute(HttpCommandExecutor.java:136)
at org.openqa.selenium.remote.service.DriverCommandExecutor.execute(DriverCommandExecutor.java:83)
at org.openqa.selenium.remote.RemoteWebDriver.execute(RemoteWebDriver.java:552)
at org.openqa.selenium.remote.RemoteWebDriver.startSession(RemoteWebDriver.java:213)
at org.openqa.selenium.remote.RemoteWebDriver.<init>(RemoteWebDriver.java:131)
at org.openqa.selenium.chrome.ChromeDriver.<init>(ChromeDriver.java:181)
at org.openqa.selenium.chrome.ChromeDriver.<init>(ChromeDriver.java:168)
at org.openqa.selenium.chrome.ChromeDriver.<init>(ChromeDriver.java:123)
at AutomationPractice.AutomationPractice.openBrowser(AutomationPractice.java:24)
at java.base/jdk.internal.reflect.NativeMethodAccessorImpl.invoke0(Native Method)
at java.base/jdk.internal.reflect.NativeMethodAccessorImpl.invoke(NativeMethodAccessorImpl.java:77)
at java.base/jdk.internal.reflect.DelegatingMethodAccessorImpl.invoke(DelegatingMethodAccessorImpl.java:43)
at java.base/java.lang.reflect.Method.invoke(Method.java:568)
at org.testng.internal.MethodInvocationHelper.invokeMethod(MethodInvocationHelper.java:133)
at org.testng.internal.MethodInvocationHelper.invokeMethodConsideringTimeout(MethodInvocationHelper.java:62)
at org.testng.internal.ConfigInvoker.invokeConfigurationMethod(ConfigInvoker.java:385)
at org.testng.internal.ConfigInvoker.invokeConfigurations(ConfigInvoker.java:321)
at org.testng.internal.TestInvoker.runConfigMethods(TestInvoker.java:700)
at org.testng.internal.TestInvoker.invokeMethod(TestInvoker.java:527)
at org.testng.internal.TestInvoker.invokeTestMethod(TestInvoker.java:173)
at org.testng.internal.MethodRunner.runInSequence(MethodRunner.java:46)
at org.testng.internal.TestInvoker$MethodInvocationAgent.invoke(TestInvoker.java:824)
at org.testng.internal.TestInvoker.invokeTestMethods(TestInvoker.java:146)
at org.testng.internal.TestMethodWorker.invokeTestMethods(TestMethodWorker.java:146)
at org.testng.internal.TestMethodWorker.run(TestMethodWorker.java:128)
at java.base/java.util.ArrayList.forEach(ArrayList.java:1511)
at org.testng.TestRunner.privateRun(TestRunner.java:794)
at org.testng.TestRunner.run(TestRunner.java:596)
at org.testng.SuiteRunner.runTest(SuiteRunner.java:377)
at org.testng.SuiteRunner.runSequentially(SuiteRunner.java:371)
at org.testng.SuiteRunner.privateRun(SuiteRunner.java:332)
at org.testng.SuiteRunner.run(SuiteRunner.java:276)
at org.testng.SuiteRunnerWorker.runSuite(SuiteRunnerWorker.java:53)
at org.testng.SuiteRunnerWorker.run(SuiteRunnerWorker.java:96)
at org.testng.TestNG.runSuitesSequentially(TestNG.java:1212)
at org.testng.TestNG.runSuitesLocally(TestNG.java:1134)
at org.testng.TestNG.runSuites(TestNG.java:1063)
at org.testng.TestNG.run(TestNG.java:1031)
at org.testng.remote.AbstractRemoteTestNG.run(AbstractRemoteTestNG.java:115)
at org.testng.remote.RemoteTestNG.initAndRun(RemoteTestNG.java:251)
at org.testng.remote.RemoteTestNG.main(RemoteTestNG.java:77)
]]>
            </full-stacktrace>
          </exception> <!-- org.openqa.selenium.WebDriverException -->
          <reporter-output>
          </reporter-output>
        </test-method> <!-- batchNameTextfield -->
        <test-method is-config="true" signature="openBrowser()[pri:0, instance:AutomationPractice.AutomationPractice@5bfa9431]" started-at="2023-02-28T15:29:54 IST" name="openBrowser" finished-at="1970-01-01T05:30:00 IST" duration-ms="-1677578394166" status="SKIP">
          <reporter-output>
          </reporter-output>
        </test-method> <!-- openBrowser -->
        <test-method signature="createNewBatch()[pri:0, instance:AutomationPractice.AutomationPractice@5bfa9431]" started-at="2023-02-28T15:29:54 IST" name="createNewBatch" finished-at="2023-02-28T15:29:54 IST" duration-ms="0" status="SKIP">
          <exception class="org.openqa.selenium.WebDriverException">
            <message>
              <![CDATA[unknown error: DevToolsActivePort file doesn't exist
Build info: version: '3.141.59', revision: 'e82be7d358', time: '2018-11-14T08:17:03'
System info: host: 'Someshs-MacBook-Air.local', ip: 'fe80:0:0:0:e3:c39b:9af1:6aa5%en0', os.name: 'Mac OS X', os.arch: 'x86_64', os.version: '13.0.1', java.version: '17.0.2'
Driver info: driver.version: ChromeDriver
remote stacktrace: 0   chromedriver                        0x000000010323f138 chromedriver + 4923704
1   chromedriver                        0x00000001031b79d3 chromedriver + 4368851
2   chromedriver                        0x0000000102e00787 chromedriver + 472967
3   chromedriver                        0x0000000102e30ed4 chromedriver + 671444
4   chromedriver                        0x0000000102e2cab2 chromedriver + 654002
5   chromedriver                        0x0000000102e29041 chromedriver + 639041
6   chromedriver                        0x0000000102e778a5 chromedriver + 960677
7   chromedriver                        0x0000000102e6dd23 chromedriver + 920867
8   chromedriver                        0x0000000102e34a4b chromedriver + 686667
9   chromedriver                        0x0000000102e36044 chromedriver + 692292
10  chromedriver                        0x000000010320a8fe chromedriver + 4708606
11  chromedriver                        0x000000010320fe22 chromedriver + 4730402
12  chromedriver                        0x00000001032186bf chromedriver + 4765375
13  chromedriver                        0x0000000103210e80 chromedriver + 4734592
14  chromedriver                        0x00000001031e1975 chromedriver + 4540789
15  chromedriver                        0x0000000103232e78 chromedriver + 4873848
16  chromedriver                        0x0000000103232ff5 chromedriver + 4874229
17  chromedriver                        0x00000001032476de chromedriver + 4957918
18  libsystem_pthread.dylib             0x00007ff81462b259 _pthread_start + 125
19  libsystem_pthread.dylib             0x00007ff814626c7b thread_start + 15
]]>
            </message>
            <full-stacktrace>
              <![CDATA[org.openqa.selenium.WebDriverException: unknown error: DevToolsActivePort file doesn't exist
Build info: version: '3.141.59', revision: 'e82be7d358', time: '2018-11-14T08:17:03'
System info: host: 'Someshs-MacBook-Air.local', ip: 'fe80:0:0:0:e3:c39b:9af1:6aa5%en0', os.name: 'Mac OS X', os.arch: 'x86_64', os.version: '13.0.1', java.version: '17.0.2'
Driver info: driver.version: ChromeDriver
remote stacktrace: 0   chromedriver                        0x000000010323f138 chromedriver + 4923704
1   chromedriver                        0x00000001031b79d3 chromedriver + 4368851
2   chromedriver                        0x0000000102e00787 chromedriver + 472967
3   chromedriver                        0x0000000102e30ed4 chromedriver + 671444
4   chromedriver                        0x0000000102e2cab2 chromedriver + 654002
5   chromedriver                        0x0000000102e29041 chromedriver + 639041
6   chromedriver                        0x0000000102e778a5 chromedriver + 960677
7   chromedriver                        0x0000000102e6dd23 chromedriver + 920867
8   chromedriver                        0x0000000102e34a4b chromedriver + 686667
9   chromedriver                        0x0000000102e36044 chromedriver + 692292
10  chromedriver                        0x000000010320a8fe chromedriver + 4708606
11  chromedriver                        0x000000010320fe22 chromedriver + 4730402
12  chromedriver                        0x00000001032186bf chromedriver + 4765375
13  chromedriver                        0x0000000103210e80 chromedriver + 4734592
14  chromedriver                        0x00000001031e1975 chromedriver + 4540789
15  chromedriver                        0x0000000103232e78 chromedriver + 4873848
16  chromedriver                        0x0000000103232ff5 chromedriver + 4874229
17  chromedriver                        0x00000001032476de chromedriver + 4957918
18  libsystem_pthread.dylib             0x00007ff81462b259 _pthread_start + 125
19  libsystem_pthread.dylib             0x00007ff814626c7b thread_start + 15

at java.base/jdk.internal.reflect.NativeConstructorAccessorImpl.newInstance0(Native Method)
at java.base/jdk.internal.reflect.NativeConstructorAccessorImpl.newInstance(NativeConstructorAccessorImpl.java:77)
at java.base/jdk.internal.reflect.DelegatingConstructorAccessorImpl.newInstance(DelegatingConstructorAccessorImpl.java:45)
at java.base/java.lang.reflect.Constructor.newInstanceWithCaller(Constructor.java:499)
at java.base/java.lang.reflect.Constructor.newInstance(Constructor.java:480)
at org.openqa.selenium.remote.W3CHandshakeResponse.lambda$errorHandler$0(W3CHandshakeResponse.java:62)
at org.openqa.selenium.remote.HandshakeResponse.lambda$getResponseFunction$0(HandshakeResponse.java:30)
at org.openqa.selenium.remote.ProtocolHandshake.lambda$createSession$0(ProtocolHandshake.java:126)
at java.base/java.util.stream.ReferencePipeline$3$1.accept(ReferencePipeline.java:197)
at java.base/java.util.Spliterators$ArraySpliterator.tryAdvance(Spliterators.java:1002)
at java.base/java.util.stream.ReferencePipeline.forEachWithCancel(ReferencePipeline.java:129)
at java.base/java.util.stream.AbstractPipeline.copyIntoWithCancel(AbstractPipeline.java:527)
at java.base/java.util.stream.AbstractPipeline.copyInto(AbstractPipeline.java:513)
at java.base/java.util.stream.AbstractPipeline.wrapAndCopyInto(AbstractPipeline.java:499)
at java.base/java.util.stream.FindOps$FindOp.evaluateSequential(FindOps.java:150)
at java.base/java.util.stream.AbstractPipeline.evaluate(AbstractPipeline.java:234)
at java.base/java.util.stream.ReferencePipeline.findFirst(ReferencePipeline.java:647)
at org.openqa.selenium.remote.ProtocolHandshake.createSession(ProtocolHandshake.java:128)
at org.openqa.selenium.remote.ProtocolHandshake.createSession(ProtocolHandshake.java:74)
at org.openqa.selenium.remote.HttpCommandExecutor.execute(HttpCommandExecutor.java:136)
at org.openqa.selenium.remote.service.DriverCommandExecutor.execute(DriverCommandExecutor.java:83)
at org.openqa.selenium.remote.RemoteWebDriver.execute(RemoteWebDriver.java:552)
at org.openqa.selenium.remote.RemoteWebDriver.startSession(RemoteWebDriver.java:213)
at org.openqa.selenium.remote.RemoteWebDriver.<init>(RemoteWebDriver.java:131)
at org.openqa.selenium.chrome.ChromeDriver.<init>(ChromeDriver.java:181)
at org.openqa.selenium.chrome.ChromeDriver.<init>(ChromeDriver.java:168)
at org.openqa.selenium.chrome.ChromeDriver.<init>(ChromeDriver.java:123)
at AutomationPractice.AutomationPractice.openBrowser(AutomationPractice.java:24)
at java.base/jdk.internal.reflect.NativeMethodAccessorImpl.invoke0(Native Method)
at java.base/jdk.internal.reflect.NativeMethodAccessorImpl.invoke(NativeMethodAccessorImpl.java:77)
at java.base/jdk.internal.reflect.DelegatingMethodAccessorImpl.invoke(DelegatingMethodAccessorImpl.java:43)
at java.base/java.lang.reflect.Method.invoke(Method.java:568)
at org.testng.internal.MethodInvocationHelper.invokeMethod(MethodInvocationHelper.java:133)
at org.testng.internal.MethodInvocationHelper.invokeMethodConsideringTimeout(MethodInvocationHelper.java:62)
at org.testng.internal.ConfigInvoker.invokeConfigurationMethod(ConfigInvoker.java:385)
at org.testng.internal.ConfigInvoker.invokeConfigurations(ConfigInvoker.java:321)
at org.testng.internal.TestInvoker.runConfigMethods(TestInvoker.java:700)
at org.testng.internal.TestInvoker.invokeMethod(TestInvoker.java:527)
at org.testng.internal.TestInvoker.invokeTestMethod(TestInvoker.java:173)
at org.testng.internal.MethodRunner.runInSequence(MethodRunner.java:46)
at org.testng.internal.TestInvoker$MethodInvocationAgent.invoke(TestInvoker.java:824)
at org.testng.internal.TestInvoker.invokeTestMethods(TestInvoker.java:146)
at org.testng.internal.TestMethodWorker.invokeTestMethods(TestMethodWorker.java:146)
at org.testng.internal.TestMethodWorker.run(TestMethodWorker.java:128)
at java.base/java.util.ArrayList.forEach(ArrayList.java:1511)
at org.testng.TestRunner.privateRun(TestRunner.java:794)
at org.testng.TestRunner.run(TestRunner.java:596)
at org.testng.SuiteRunner.runTest(SuiteRunner.java:377)
at org.testng.SuiteRunner.runSequentially(SuiteRunner.java:371)
at org.testng.SuiteRunner.privateRun(SuiteRunner.java:332)
at org.testng.SuiteRunner.run(SuiteRunner.java:276)
at org.testng.SuiteRunnerWorker.runSuite(SuiteRunnerWorker.java:53)
at org.testng.SuiteRunnerWorker.run(SuiteRunnerWorker.java:96)
at org.testng.TestNG.runSuitesSequentially(TestNG.java:1212)
at org.testng.TestNG.runSuitesLocally(TestNG.java:1134)
at org.testng.TestNG.runSuites(TestNG.java:1063)
at org.testng.TestNG.run(TestNG.java:1031)
at org.testng.remote.AbstractRemoteTestNG.run(AbstractRemoteTestNG.java:115)
at org.testng.remote.RemoteTestNG.initAndRun(RemoteTestNG.java:251)
at org.testng.remote.RemoteTestNG.main(RemoteTestNG.java:77)
]]>
            </full-stacktrace>
          </exception> <!-- org.openqa.selenium.WebDriverException -->
          <reporter-output>
          </reporter-output>
        </test-method> <!-- createNewBatch -->
        <test-method is-config="true" signature="openBrowser()[pri:0, instance:AutomationPractice.AutomationPractice@5bfa9431]" started-at="2023-02-28T15:29:54 IST" name="openBrowser" finished-at="1970-01-01T05:30:00 IST" duration-ms="-1677578394180" status="SKIP">
          <reporter-output>
          </reporter-output>
        </test-method> <!-- openBrowser -->
        <test-method signature="defaultBatchStartDate()[pri:0, instance:AutomationPractice.AutomationPractice@5bfa9431]" started-at="2023-02-28T15:29:54 IST" name="defaultBatchStartDate" finished-at="2023-02-28T15:29:54 IST" duration-ms="0" status="SKIP">
          <exception class="org.openqa.selenium.WebDriverException">
            <message>
              <![CDATA[unknown error: DevToolsActivePort file doesn't exist
Build info: version: '3.141.59', revision: 'e82be7d358', time: '2018-11-14T08:17:03'
System info: host: 'Someshs-MacBook-Air.local', ip: 'fe80:0:0:0:e3:c39b:9af1:6aa5%en0', os.name: 'Mac OS X', os.arch: 'x86_64', os.version: '13.0.1', java.version: '17.0.2'
Driver info: driver.version: ChromeDriver
remote stacktrace: 0   chromedriver                        0x000000010323f138 chromedriver + 4923704
1   chromedriver                        0x00000001031b79d3 chromedriver + 4368851
2   chromedriver                        0x0000000102e00787 chromedriver + 472967
3   chromedriver                        0x0000000102e30ed4 chromedriver + 671444
4   chromedriver                        0x0000000102e2cab2 chromedriver + 654002
5   chromedriver                        0x0000000102e29041 chromedriver + 639041
6   chromedriver                        0x0000000102e778a5 chromedriver + 960677
7   chromedriver                        0x0000000102e6dd23 chromedriver + 920867
8   chromedriver                        0x0000000102e34a4b chromedriver + 686667
9   chromedriver                        0x0000000102e36044 chromedriver + 692292
10  chromedriver                        0x000000010320a8fe chromedriver + 4708606
11  chromedriver                        0x000000010320fe22 chromedriver + 4730402
12  chromedriver                        0x00000001032186bf chromedriver + 4765375
13  chromedriver                        0x0000000103210e80 chromedriver + 4734592
14  chromedriver                        0x00000001031e1975 chromedriver + 4540789
15  chromedriver                        0x0000000103232e78 chromedriver + 4873848
16  chromedriver                        0x0000000103232ff5 chromedriver + 4874229
17  chromedriver                        0x00000001032476de chromedriver + 4957918
18  libsystem_pthread.dylib             0x00007ff81462b259 _pthread_start + 125
19  libsystem_pthread.dylib             0x00007ff814626c7b thread_start + 15
]]>
            </message>
            <full-stacktrace>
              <![CDATA[org.openqa.selenium.WebDriverException: unknown error: DevToolsActivePort file doesn't exist
Build info: version: '3.141.59', revision: 'e82be7d358', time: '2018-11-14T08:17:03'
System info: host: 'Someshs-MacBook-Air.local', ip: 'fe80:0:0:0:e3:c39b:9af1:6aa5%en0', os.name: 'Mac OS X', os.arch: 'x86_64', os.version: '13.0.1', java.version: '17.0.2'
Driver info: driver.version: ChromeDriver
remote stacktrace: 0   chromedriver                        0x000000010323f138 chromedriver + 4923704
1   chromedriver                        0x00000001031b79d3 chromedriver + 4368851
2   chromedriver                        0x0000000102e00787 chromedriver + 472967
3   chromedriver                        0x0000000102e30ed4 chromedriver + 671444
4   chromedriver                        0x0000000102e2cab2 chromedriver + 654002
5   chromedriver                        0x0000000102e29041 chromedriver + 639041
6   chromedriver                        0x0000000102e778a5 chromedriver + 960677
7   chromedriver                        0x0000000102e6dd23 chromedriver + 920867
8   chromedriver                        0x0000000102e34a4b chromedriver + 686667
9   chromedriver                        0x0000000102e36044 chromedriver + 692292
10  chromedriver                        0x000000010320a8fe chromedriver + 4708606
11  chromedriver                        0x000000010320fe22 chromedriver + 4730402
12  chromedriver                        0x00000001032186bf chromedriver + 4765375
13  chromedriver                        0x0000000103210e80 chromedriver + 4734592
14  chromedriver                        0x00000001031e1975 chromedriver + 4540789
15  chromedriver                        0x0000000103232e78 chromedriver + 4873848
16  chromedriver                        0x0000000103232ff5 chromedriver + 4874229
17  chromedriver                        0x00000001032476de chromedriver + 4957918
18  libsystem_pthread.dylib             0x00007ff81462b259 _pthread_start + 125
19  libsystem_pthread.dylib             0x00007ff814626c7b thread_start + 15

at java.base/jdk.internal.reflect.NativeConstructorAccessorImpl.newInstance0(Native Method)
at java.base/jdk.internal.reflect.NativeConstructorAccessorImpl.newInstance(NativeConstructorAccessorImpl.java:77)
at java.base/jdk.internal.reflect.DelegatingConstructorAccessorImpl.newInstance(DelegatingConstructorAccessorImpl.java:45)
at java.base/java.lang.reflect.Constructor.newInstanceWithCaller(Constructor.java:499)
at java.base/java.lang.reflect.Constructor.newInstance(Constructor.java:480)
at org.openqa.selenium.remote.W3CHandshakeResponse.lambda$errorHandler$0(W3CHandshakeResponse.java:62)
at org.openqa.selenium.remote.HandshakeResponse.lambda$getResponseFunction$0(HandshakeResponse.java:30)
at org.openqa.selenium.remote.ProtocolHandshake.lambda$createSession$0(ProtocolHandshake.java:126)
at java.base/java.util.stream.ReferencePipeline$3$1.accept(ReferencePipeline.java:197)
at java.base/java.util.Spliterators$ArraySpliterator.tryAdvance(Spliterators.java:1002)
at java.base/java.util.stream.ReferencePipeline.forEachWithCancel(ReferencePipeline.java:129)
at java.base/java.util.stream.AbstractPipeline.copyIntoWithCancel(AbstractPipeline.java:527)
at java.base/java.util.stream.AbstractPipeline.copyInto(AbstractPipeline.java:513)
at java.base/java.util.stream.AbstractPipeline.wrapAndCopyInto(AbstractPipeline.java:499)
at java.base/java.util.stream.FindOps$FindOp.evaluateSequential(FindOps.java:150)
at java.base/java.util.stream.AbstractPipeline.evaluate(AbstractPipeline.java:234)
at java.base/java.util.stream.ReferencePipeline.findFirst(ReferencePipeline.java:647)
at org.openqa.selenium.remote.ProtocolHandshake.createSession(ProtocolHandshake.java:128)
at org.openqa.selenium.remote.ProtocolHandshake.createSession(ProtocolHandshake.java:74)
at org.openqa.selenium.remote.HttpCommandExecutor.execute(HttpCommandExecutor.java:136)
at org.openqa.selenium.remote.service.DriverCommandExecutor.execute(DriverCommandExecutor.java:83)
at org.openqa.selenium.remote.RemoteWebDriver.execute(RemoteWebDriver.java:552)
at org.openqa.selenium.remote.RemoteWebDriver.startSession(RemoteWebDriver.java:213)
at org.openqa.selenium.remote.RemoteWebDriver.<init>(RemoteWebDriver.java:131)
at org.openqa.selenium.chrome.ChromeDriver.<init>(ChromeDriver.java:181)
at org.openqa.selenium.chrome.ChromeDriver.<init>(ChromeDriver.java:168)
at org.openqa.selenium.chrome.ChromeDriver.<init>(ChromeDriver.java:123)
at AutomationPractice.AutomationPractice.openBrowser(AutomationPractice.java:24)
at java.base/jdk.internal.reflect.NativeMethodAccessorImpl.invoke0(Native Method)
at java.base/jdk.internal.reflect.NativeMethodAccessorImpl.invoke(NativeMethodAccessorImpl.java:77)
at java.base/jdk.internal.reflect.DelegatingMethodAccessorImpl.invoke(DelegatingMethodAccessorImpl.java:43)
at java.base/java.lang.reflect.Method.invoke(Method.java:568)
at org.testng.internal.MethodInvocationHelper.invokeMethod(MethodInvocationHelper.java:133)
at org.testng.internal.MethodInvocationHelper.invokeMethodConsideringTimeout(MethodInvocationHelper.java:62)
at org.testng.internal.ConfigInvoker.invokeConfigurationMethod(ConfigInvoker.java:385)
at org.testng.internal.ConfigInvoker.invokeConfigurations(ConfigInvoker.java:321)
at org.testng.internal.TestInvoker.runConfigMethods(TestInvoker.java:700)
at org.testng.internal.TestInvoker.invokeMethod(TestInvoker.java:527)
at org.testng.internal.TestInvoker.invokeTestMethod(TestInvoker.java:173)
at org.testng.internal.MethodRunner.runInSequence(MethodRunner.java:46)
at org.testng.internal.TestInvoker$MethodInvocationAgent.invoke(TestInvoker.java:824)
at org.testng.internal.TestInvoker.invokeTestMethods(TestInvoker.java:146)
at org.testng.internal.TestMethodWorker.invokeTestMethods(TestMethodWorker.java:146)
at org.testng.internal.TestMethodWorker.run(TestMethodWorker.java:128)
at java.base/java.util.ArrayList.forEach(ArrayList.java:1511)
at org.testng.TestRunner.privateRun(TestRunner.java:794)
at org.testng.TestRunner.run(TestRunner.java:596)
at org.testng.SuiteRunner.runTest(SuiteRunner.java:377)
at org.testng.SuiteRunner.runSequentially(SuiteRunner.java:371)
at org.testng.SuiteRunner.privateRun(SuiteRunner.java:332)
at org.testng.SuiteRunner.run(SuiteRunner.java:276)
at org.testng.SuiteRunnerWorker.runSuite(SuiteRunnerWorker.java:53)
at org.testng.SuiteRunnerWorker.run(SuiteRunnerWorker.java:96)
at org.testng.TestNG.runSuitesSequentially(TestNG.java:1212)
at org.testng.TestNG.runSuitesLocally(TestNG.java:1134)
at org.testng.TestNG.runSuites(TestNG.java:1063)
at org.testng.TestNG.run(TestNG.java:1031)
at org.testng.remote.AbstractRemoteTestNG.run(AbstractRemoteTestNG.java:115)
at org.testng.remote.RemoteTestNG.initAndRun(RemoteTestNG.java:251)
at org.testng.remote.RemoteTestNG.main(RemoteTestNG.java:77)
]]>
            </full-stacktrace>
          </exception> <!-- org.openqa.selenium.WebDriverException -->
          <reporter-output>
          </reporter-output>
        </test-method> <!-- defaultBatchStartDate -->
        <test-method is-config="true" signature="openBrowser()[pri:0, instance:AutomationPractice.AutomationPractice@5bfa9431]" started-at="2023-02-28T15:29:54 IST" name="openBrowser" finished-at="1970-01-01T05:30:00 IST" duration-ms="-1677578394185" status="SKIP">
          <reporter-output>
          </reporter-output>
        </test-method> <!-- openBrowser -->
        <test-method signature="fifteenSecondTimer()[pri:0, instance:AutomationPractice.AutomationPractice@5bfa9431]" started-at="2023-02-28T15:29:54 IST" name="fifteenSecondTimer" finished-at="2023-02-28T15:29:54 IST" duration-ms="0" status="SKIP">
          <exception class="org.openqa.selenium.WebDriverException">
            <message>
              <![CDATA[unknown error: DevToolsActivePort file doesn't exist
Build info: version: '3.141.59', revision: 'e82be7d358', time: '2018-11-14T08:17:03'
System info: host: 'Someshs-MacBook-Air.local', ip: 'fe80:0:0:0:e3:c39b:9af1:6aa5%en0', os.name: 'Mac OS X', os.arch: 'x86_64', os.version: '13.0.1', java.version: '17.0.2'
Driver info: driver.version: ChromeDriver
remote stacktrace: 0   chromedriver                        0x000000010323f138 chromedriver + 4923704
1   chromedriver                        0x00000001031b79d3 chromedriver + 4368851
2   chromedriver                        0x0000000102e00787 chromedriver + 472967
3   chromedriver                        0x0000000102e30ed4 chromedriver + 671444
4   chromedriver                        0x0000000102e2cab2 chromedriver + 654002
5   chromedriver                        0x0000000102e29041 chromedriver + 639041
6   chromedriver                        0x0000000102e778a5 chromedriver + 960677
7   chromedriver                        0x0000000102e6dd23 chromedriver + 920867
8   chromedriver                        0x0000000102e34a4b chromedriver + 686667
9   chromedriver                        0x0000000102e36044 chromedriver + 692292
10  chromedriver                        0x000000010320a8fe chromedriver + 4708606
11  chromedriver                        0x000000010320fe22 chromedriver + 4730402
12  chromedriver                        0x00000001032186bf chromedriver + 4765375
13  chromedriver                        0x0000000103210e80 chromedriver + 4734592
14  chromedriver                        0x00000001031e1975 chromedriver + 4540789
15  chromedriver                        0x0000000103232e78 chromedriver + 4873848
16  chromedriver                        0x0000000103232ff5 chromedriver + 4874229
17  chromedriver                        0x00000001032476de chromedriver + 4957918
18  libsystem_pthread.dylib             0x00007ff81462b259 _pthread_start + 125
19  libsystem_pthread.dylib             0x00007ff814626c7b thread_start + 15
]]>
            </message>
            <full-stacktrace>
              <![CDATA[org.openqa.selenium.WebDriverException: unknown error: DevToolsActivePort file doesn't exist
Build info: version: '3.141.59', revision: 'e82be7d358', time: '2018-11-14T08:17:03'
System info: host: 'Someshs-MacBook-Air.local', ip: 'fe80:0:0:0:e3:c39b:9af1:6aa5%en0', os.name: 'Mac OS X', os.arch: 'x86_64', os.version: '13.0.1', java.version: '17.0.2'
Driver info: driver.version: ChromeDriver
remote stacktrace: 0   chromedriver                        0x000000010323f138 chromedriver + 4923704
1   chromedriver                        0x00000001031b79d3 chromedriver + 4368851
2   chromedriver                        0x0000000102e00787 chromedriver + 472967
3   chromedriver                        0x0000000102e30ed4 chromedriver + 671444
4   chromedriver                        0x0000000102e2cab2 chromedriver + 654002
5   chromedriver                        0x0000000102e29041 chromedriver + 639041
6   chromedriver                        0x0000000102e778a5 chromedriver + 960677
7   chromedriver                        0x0000000102e6dd23 chromedriver + 920867
8   chromedriver                        0x0000000102e34a4b chromedriver + 686667
9   chromedriver                        0x0000000102e36044 chromedriver + 692292
10  chromedriver                        0x000000010320a8fe chromedriver + 4708606
11  chromedriver                        0x000000010320fe22 chromedriver + 4730402
12  chromedriver                        0x00000001032186bf chromedriver + 4765375
13  chromedriver                        0x0000000103210e80 chromedriver + 4734592
14  chromedriver                        0x00000001031e1975 chromedriver + 4540789
15  chromedriver                        0x0000000103232e78 chromedriver + 4873848
16  chromedriver                        0x0000000103232ff5 chromedriver + 4874229
17  chromedriver                        0x00000001032476de chromedriver + 4957918
18  libsystem_pthread.dylib             0x00007ff81462b259 _pthread_start + 125
19  libsystem_pthread.dylib             0x00007ff814626c7b thread_start + 15

at java.base/jdk.internal.reflect.NativeConstructorAccessorImpl.newInstance0(Native Method)
at java.base/jdk.internal.reflect.NativeConstructorAccessorImpl.newInstance(NativeConstructorAccessorImpl.java:77)
at java.base/jdk.internal.reflect.DelegatingConstructorAccessorImpl.newInstance(DelegatingConstructorAccessorImpl.java:45)
at java.base/java.lang.reflect.Constructor.newInstanceWithCaller(Constructor.java:499)
at java.base/java.lang.reflect.Constructor.newInstance(Constructor.java:480)
at org.openqa.selenium.remote.W3CHandshakeResponse.lambda$errorHandler$0(W3CHandshakeResponse.java:62)
at org.openqa.selenium.remote.HandshakeResponse.lambda$getResponseFunction$0(HandshakeResponse.java:30)
at org.openqa.selenium.remote.ProtocolHandshake.lambda$createSession$0(ProtocolHandshake.java:126)
at java.base/java.util.stream.ReferencePipeline$3$1.accept(ReferencePipeline.java:197)
at java.base/java.util.Spliterators$ArraySpliterator.tryAdvance(Spliterators.java:1002)
at java.base/java.util.stream.ReferencePipeline.forEachWithCancel(ReferencePipeline.java:129)
at java.base/java.util.stream.AbstractPipeline.copyIntoWithCancel(AbstractPipeline.java:527)
at java.base/java.util.stream.AbstractPipeline.copyInto(AbstractPipeline.java:513)
at java.base/java.util.stream.AbstractPipeline.wrapAndCopyInto(AbstractPipeline.java:499)
at java.base/java.util.stream.FindOps$FindOp.evaluateSequential(FindOps.java:150)
at java.base/java.util.stream.AbstractPipeline.evaluate(AbstractPipeline.java:234)
at java.base/java.util.stream.ReferencePipeline.findFirst(ReferencePipeline.java:647)
at org.openqa.selenium.remote.ProtocolHandshake.createSession(ProtocolHandshake.java:128)
at org.openqa.selenium.remote.ProtocolHandshake.createSession(ProtocolHandshake.java:74)
at org.openqa.selenium.remote.HttpCommandExecutor.execute(HttpCommandExecutor.java:136)
at org.openqa.selenium.remote.service.DriverCommandExecutor.execute(DriverCommandExecutor.java:83)
at org.openqa.selenium.remote.RemoteWebDriver.execute(RemoteWebDriver.java:552)
at org.openqa.selenium.remote.RemoteWebDriver.startSession(RemoteWebDriver.java:213)
at org.openqa.selenium.remote.RemoteWebDriver.<init>(RemoteWebDriver.java:131)
at org.openqa.selenium.chrome.ChromeDriver.<init>(ChromeDriver.java:181)
at org.openqa.selenium.chrome.ChromeDriver.<init>(ChromeDriver.java:168)
at org.openqa.selenium.chrome.ChromeDriver.<init>(ChromeDriver.java:123)
at AutomationPractice.AutomationPractice.openBrowser(AutomationPractice.java:24)
at java.base/jdk.internal.reflect.NativeMethodAccessorImpl.invoke0(Native Method)
at java.base/jdk.internal.reflect.NativeMethodAccessorImpl.invoke(NativeMethodAccessorImpl.java:77)
at java.base/jdk.internal.reflect.DelegatingMethodAccessorImpl.invoke(DelegatingMethodAccessorImpl.java:43)
at java.base/java.lang.reflect.Method.invoke(Method.java:568)
at org.testng.internal.MethodInvocationHelper.invokeMethod(MethodInvocationHelper.java:133)
at org.testng.internal.MethodInvocationHelper.invokeMethodConsideringTimeout(MethodInvocationHelper.java:62)
at org.testng.internal.ConfigInvoker.invokeConfigurationMethod(ConfigInvoker.java:385)
at org.testng.internal.ConfigInvoker.invokeConfigurations(ConfigInvoker.java:321)
at org.testng.internal.TestInvoker.runConfigMethods(TestInvoker.java:700)
at org.testng.internal.TestInvoker.invokeMethod(TestInvoker.java:527)
at org.testng.internal.TestInvoker.invokeTestMethod(TestInvoker.java:173)
at org.testng.internal.MethodRunner.runInSequence(MethodRunner.java:46)
at org.testng.internal.TestInvoker$MethodInvocationAgent.invoke(TestInvoker.java:824)
at org.testng.internal.TestInvoker.invokeTestMethods(TestInvoker.java:146)
at org.testng.internal.TestMethodWorker.invokeTestMethods(TestMethodWorker.java:146)
at org.testng.internal.TestMethodWorker.run(TestMethodWorker.java:128)
at java.base/java.util.ArrayList.forEach(ArrayList.java:1511)
at org.testng.TestRunner.privateRun(TestRunner.java:794)
at org.testng.TestRunner.run(TestRunner.java:596)
at org.testng.SuiteRunner.runTest(SuiteRunner.java:377)
at org.testng.SuiteRunner.runSequentially(SuiteRunner.java:371)
at org.testng.SuiteRunner.privateRun(SuiteRunner.java:332)
at org.testng.SuiteRunner.run(SuiteRunner.java:276)
at org.testng.SuiteRunnerWorker.runSuite(SuiteRunnerWorker.java:53)
at org.testng.SuiteRunnerWorker.run(SuiteRunnerWorker.java:96)
at org.testng.TestNG.runSuitesSequentially(TestNG.java:1212)
at org.testng.TestNG.runSuitesLocally(TestNG.java:1134)
at org.testng.TestNG.runSuites(TestNG.java:1063)
at org.testng.TestNG.run(TestNG.java:1031)
at org.testng.remote.AbstractRemoteTestNG.run(AbstractRemoteTestNG.java:115)
at org.testng.remote.RemoteTestNG.initAndRun(RemoteTestNG.java:251)
at org.testng.remote.RemoteTestNG.main(RemoteTestNG.java:77)
]]>
            </full-stacktrace>
          </exception> <!-- org.openqa.selenium.WebDriverException -->
          <reporter-output>
          </reporter-output>
        </test-method> <!-- fifteenSecondTimer -->
        <test-method is-config="true" signature="openBrowser()[pri:0, instance:AutomationPractice.AutomationPractice@5bfa9431]" started-at="2023-02-28T15:29:54 IST" name="openBrowser" finished-at="1970-01-01T05:30:00 IST" duration-ms="-1677578394189" status="SKIP">
          <reporter-output>
          </reporter-output>
        </test-method> <!-- openBrowser -->
        <test-method signature="futureBatchStartDate()[pri:0, instance:AutomationPractice.AutomationPractice@5bfa9431]" started-at="2023-02-28T15:29:54 IST" name="futureBatchStartDate" finished-at="2023-02-28T15:29:54 IST" duration-ms="0" status="SKIP">
          <exception class="org.openqa.selenium.WebDriverException">
            <message>
              <![CDATA[unknown error: DevToolsActivePort file doesn't exist
Build info: version: '3.141.59', revision: 'e82be7d358', time: '2018-11-14T08:17:03'
System info: host: 'Someshs-MacBook-Air.local', ip: 'fe80:0:0:0:e3:c39b:9af1:6aa5%en0', os.name: 'Mac OS X', os.arch: 'x86_64', os.version: '13.0.1', java.version: '17.0.2'
Driver info: driver.version: ChromeDriver
remote stacktrace: 0   chromedriver                        0x000000010323f138 chromedriver + 4923704
1   chromedriver                        0x00000001031b79d3 chromedriver + 4368851
2   chromedriver                        0x0000000102e00787 chromedriver + 472967
3   chromedriver                        0x0000000102e30ed4 chromedriver + 671444
4   chromedriver                        0x0000000102e2cab2 chromedriver + 654002
5   chromedriver                        0x0000000102e29041 chromedriver + 639041
6   chromedriver                        0x0000000102e778a5 chromedriver + 960677
7   chromedriver                        0x0000000102e6dd23 chromedriver + 920867
8   chromedriver                        0x0000000102e34a4b chromedriver + 686667
9   chromedriver                        0x0000000102e36044 chromedriver + 692292
10  chromedriver                        0x000000010320a8fe chromedriver + 4708606
11  chromedriver                        0x000000010320fe22 chromedriver + 4730402
12  chromedriver                        0x00000001032186bf chromedriver + 4765375
13  chromedriver                        0x0000000103210e80 chromedriver + 4734592
14  chromedriver                        0x00000001031e1975 chromedriver + 4540789
15  chromedriver                        0x0000000103232e78 chromedriver + 4873848
16  chromedriver                        0x0000000103232ff5 chromedriver + 4874229
17  chromedriver                        0x00000001032476de chromedriver + 4957918
18  libsystem_pthread.dylib             0x00007ff81462b259 _pthread_start + 125
19  libsystem_pthread.dylib             0x00007ff814626c7b thread_start + 15
]]>
            </message>
            <full-stacktrace>
              <![CDATA[org.openqa.selenium.WebDriverException: unknown error: DevToolsActivePort file doesn't exist
Build info: version: '3.141.59', revision: 'e82be7d358', time: '2018-11-14T08:17:03'
System info: host: 'Someshs-MacBook-Air.local', ip: 'fe80:0:0:0:e3:c39b:9af1:6aa5%en0', os.name: 'Mac OS X', os.arch: 'x86_64', os.version: '13.0.1', java.version: '17.0.2'
Driver info: driver.version: ChromeDriver
remote stacktrace: 0   chromedriver                        0x000000010323f138 chromedriver + 4923704
1   chromedriver                        0x00000001031b79d3 chromedriver + 4368851
2   chromedriver                        0x0000000102e00787 chromedriver + 472967
3   chromedriver                        0x0000000102e30ed4 chromedriver + 671444
4   chromedriver                        0x0000000102e2cab2 chromedriver + 654002
5   chromedriver                        0x0000000102e29041 chromedriver + 639041
6   chromedriver                        0x0000000102e778a5 chromedriver + 960677
7   chromedriver                        0x0000000102e6dd23 chromedriver + 920867
8   chromedriver                        0x0000000102e34a4b chromedriver + 686667
9   chromedriver                        0x0000000102e36044 chromedriver + 692292
10  chromedriver                        0x000000010320a8fe chromedriver + 4708606
11  chromedriver                        0x000000010320fe22 chromedriver + 4730402
12  chromedriver                        0x00000001032186bf chromedriver + 4765375
13  chromedriver                        0x0000000103210e80 chromedriver + 4734592
14  chromedriver                        0x00000001031e1975 chromedriver + 4540789
15  chromedriver                        0x0000000103232e78 chromedriver + 4873848
16  chromedriver                        0x0000000103232ff5 chromedriver + 4874229
17  chromedriver                        0x00000001032476de chromedriver + 4957918
18  libsystem_pthread.dylib             0x00007ff81462b259 _pthread_start + 125
19  libsystem_pthread.dylib             0x00007ff814626c7b thread_start + 15

at java.base/jdk.internal.reflect.NativeConstructorAccessorImpl.newInstance0(Native Method)
at java.base/jdk.internal.reflect.NativeConstructorAccessorImpl.newInstance(NativeConstructorAccessorImpl.java:77)
at java.base/jdk.internal.reflect.DelegatingConstructorAccessorImpl.newInstance(DelegatingConstructorAccessorImpl.java:45)
at java.base/java.lang.reflect.Constructor.newInstanceWithCaller(Constructor.java:499)
at java.base/java.lang.reflect.Constructor.newInstance(Constructor.java:480)
at org.openqa.selenium.remote.W3CHandshakeResponse.lambda$errorHandler$0(W3CHandshakeResponse.java:62)
at org.openqa.selenium.remote.HandshakeResponse.lambda$getResponseFunction$0(HandshakeResponse.java:30)
at org.openqa.selenium.remote.ProtocolHandshake.lambda$createSession$0(ProtocolHandshake.java:126)
at java.base/java.util.stream.ReferencePipeline$3$1.accept(ReferencePipeline.java:197)
at java.base/java.util.Spliterators$ArraySpliterator.tryAdvance(Spliterators.java:1002)
at java.base/java.util.stream.ReferencePipeline.forEachWithCancel(ReferencePipeline.java:129)
at java.base/java.util.stream.AbstractPipeline.copyIntoWithCancel(AbstractPipeline.java:527)
at java.base/java.util.stream.AbstractPipeline.copyInto(AbstractPipeline.java:513)
at java.base/java.util.stream.AbstractPipeline.wrapAndCopyInto(AbstractPipeline.java:499)
at java.base/java.util.stream.FindOps$FindOp.evaluateSequential(FindOps.java:150)
at java.base/java.util.stream.AbstractPipeline.evaluate(AbstractPipeline.java:234)
at java.base/java.util.stream.ReferencePipeline.findFirst(ReferencePipeline.java:647)
at org.openqa.selenium.remote.ProtocolHandshake.createSession(ProtocolHandshake.java:128)
at org.openqa.selenium.remote.ProtocolHandshake.createSession(ProtocolHandshake.java:74)
at org.openqa.selenium.remote.HttpCommandExecutor.execute(HttpCommandExecutor.java:136)
at org.openqa.selenium.remote.service.DriverCommandExecutor.execute(DriverCommandExecutor.java:83)
at org.openqa.selenium.remote.RemoteWebDriver.execute(RemoteWebDriver.java:552)
at org.openqa.selenium.remote.RemoteWebDriver.startSession(RemoteWebDriver.java:213)
at org.openqa.selenium.remote.RemoteWebDriver.<init>(RemoteWebDriver.java:131)
at org.openqa.selenium.chrome.ChromeDriver.<init>(ChromeDriver.java:181)
at org.openqa.selenium.chrome.ChromeDriver.<init>(ChromeDriver.java:168)
at org.openqa.selenium.chrome.ChromeDriver.<init>(ChromeDriver.java:123)
at AutomationPractice.AutomationPractice.openBrowser(AutomationPractice.java:24)
at java.base/jdk.internal.reflect.NativeMethodAccessorImpl.invoke0(Native Method)
at java.base/jdk.internal.reflect.NativeMethodAccessorImpl.invoke(NativeMethodAccessorImpl.java:77)
at java.base/jdk.internal.reflect.DelegatingMethodAccessorImpl.invoke(DelegatingMethodAccessorImpl.java:43)
at java.base/java.lang.reflect.Method.invoke(Method.java:568)
at org.testng.internal.MethodInvocationHelper.invokeMethod(MethodInvocationHelper.java:133)
at org.testng.internal.MethodInvocationHelper.invokeMethodConsideringTimeout(MethodInvocationHelper.java:62)
at org.testng.internal.ConfigInvoker.invokeConfigurationMethod(ConfigInvoker.java:385)
at org.testng.internal.ConfigInvoker.invokeConfigurations(ConfigInvoker.java:321)
at org.testng.internal.TestInvoker.runConfigMethods(TestInvoker.java:700)
at org.testng.internal.TestInvoker.invokeMethod(TestInvoker.java:527)
at org.testng.internal.TestInvoker.invokeTestMethod(TestInvoker.java:173)
at org.testng.internal.MethodRunner.runInSequence(MethodRunner.java:46)
at org.testng.internal.TestInvoker$MethodInvocationAgent.invoke(TestInvoker.java:824)
at org.testng.internal.TestInvoker.invokeTestMethods(TestInvoker.java:146)
at org.testng.internal.TestMethodWorker.invokeTestMethods(TestMethodWorker.java:146)
at org.testng.internal.TestMethodWorker.run(TestMethodWorker.java:128)
at java.base/java.util.ArrayList.forEach(ArrayList.java:1511)
at org.testng.TestRunner.privateRun(TestRunner.java:794)
at org.testng.TestRunner.run(TestRunner.java:596)
at org.testng.SuiteRunner.runTest(SuiteRunner.java:377)
at org.testng.SuiteRunner.runSequentially(SuiteRunner.java:371)
at org.testng.SuiteRunner.privateRun(SuiteRunner.java:332)
at org.testng.SuiteRunner.run(SuiteRunner.java:276)
at org.testng.SuiteRunnerWorker.runSuite(SuiteRunnerWorker.java:53)
at org.testng.SuiteRunnerWorker.run(SuiteRunnerWorker.java:96)
at org.testng.TestNG.runSuitesSequentially(TestNG.java:1212)
at org.testng.TestNG.runSuitesLocally(TestNG.java:1134)
at org.testng.TestNG.runSuites(TestNG.java:1063)
at org.testng.TestNG.run(TestNG.java:1031)
at org.testng.remote.AbstractRemoteTestNG.run(AbstractRemoteTestNG.java:115)
at org.testng.remote.RemoteTestNG.initAndRun(RemoteTestNG.java:251)
at org.testng.remote.RemoteTestNG.main(RemoteTestNG.java:77)
]]>
            </full-stacktrace>
          </exception> <!-- org.openqa.selenium.WebDriverException -->
          <reporter-output>
          </reporter-output>
        </test-method> <!-- futureBatchStartDate -->
        <test-method is-config="true" signature="openBrowser()[pri:0, instance:AutomationPractice.AutomationPractice@5bfa9431]" started-at="2023-02-28T15:29:54 IST" name="openBrowser" finished-at="1970-01-01T05:30:00 IST" duration-ms="-1677578394193" status="SKIP">
          <reporter-output>
          </reporter-output>
        </test-method> <!-- openBrowser -->
        <test-method signature="goLiveNow()[pri:0, instance:AutomationPractice.AutomationPractice@5bfa9431]" started-at="2023-02-28T15:29:54 IST" name="goLiveNow" finished-at="2023-02-28T15:29:54 IST" duration-ms="0" status="SKIP">
          <exception class="org.openqa.selenium.WebDriverException">
            <message>
              <![CDATA[unknown error: DevToolsActivePort file doesn't exist
Build info: version: '3.141.59', revision: 'e82be7d358', time: '2018-11-14T08:17:03'
System info: host: 'Someshs-MacBook-Air.local', ip: 'fe80:0:0:0:e3:c39b:9af1:6aa5%en0', os.name: 'Mac OS X', os.arch: 'x86_64', os.version: '13.0.1', java.version: '17.0.2'
Driver info: driver.version: ChromeDriver
remote stacktrace: 0   chromedriver                        0x000000010323f138 chromedriver + 4923704
1   chromedriver                        0x00000001031b79d3 chromedriver + 4368851
2   chromedriver                        0x0000000102e00787 chromedriver + 472967
3   chromedriver                        0x0000000102e30ed4 chromedriver + 671444
4   chromedriver                        0x0000000102e2cab2 chromedriver + 654002
5   chromedriver                        0x0000000102e29041 chromedriver + 639041
6   chromedriver                        0x0000000102e778a5 chromedriver + 960677
7   chromedriver                        0x0000000102e6dd23 chromedriver + 920867
8   chromedriver                        0x0000000102e34a4b chromedriver + 686667
9   chromedriver                        0x0000000102e36044 chromedriver + 692292
10  chromedriver                        0x000000010320a8fe chromedriver + 4708606
11  chromedriver                        0x000000010320fe22 chromedriver + 4730402
12  chromedriver                        0x00000001032186bf chromedriver + 4765375
13  chromedriver                        0x0000000103210e80 chromedriver + 4734592
14  chromedriver                        0x00000001031e1975 chromedriver + 4540789
15  chromedriver                        0x0000000103232e78 chromedriver + 4873848
16  chromedriver                        0x0000000103232ff5 chromedriver + 4874229
17  chromedriver                        0x00000001032476de chromedriver + 4957918
18  libsystem_pthread.dylib             0x00007ff81462b259 _pthread_start + 125
19  libsystem_pthread.dylib             0x00007ff814626c7b thread_start + 15
]]>
            </message>
            <full-stacktrace>
              <![CDATA[org.openqa.selenium.WebDriverException: unknown error: DevToolsActivePort file doesn't exist
Build info: version: '3.141.59', revision: 'e82be7d358', time: '2018-11-14T08:17:03'
System info: host: 'Someshs-MacBook-Air.local', ip: 'fe80:0:0:0:e3:c39b:9af1:6aa5%en0', os.name: 'Mac OS X', os.arch: 'x86_64', os.version: '13.0.1', java.version: '17.0.2'
Driver info: driver.version: ChromeDriver
remote stacktrace: 0   chromedriver                        0x000000010323f138 chromedriver + 4923704
1   chromedriver                        0x00000001031b79d3 chromedriver + 4368851
2   chromedriver                        0x0000000102e00787 chromedriver + 472967
3   chromedriver                        0x0000000102e30ed4 chromedriver + 671444
4   chromedriver                        0x0000000102e2cab2 chromedriver + 654002
5   chromedriver                        0x0000000102e29041 chromedriver + 639041
6   chromedriver                        0x0000000102e778a5 chromedriver + 960677
7   chromedriver                        0x0000000102e6dd23 chromedriver + 920867
8   chromedriver                        0x0000000102e34a4b chromedriver + 686667
9   chromedriver                        0x0000000102e36044 chromedriver + 692292
10  chromedriver                        0x000000010320a8fe chromedriver + 4708606
11  chromedriver                        0x000000010320fe22 chromedriver + 4730402
12  chromedriver                        0x00000001032186bf chromedriver + 4765375
13  chromedriver                        0x0000000103210e80 chromedriver + 4734592
14  chromedriver                        0x00000001031e1975 chromedriver + 4540789
15  chromedriver                        0x0000000103232e78 chromedriver + 4873848
16  chromedriver                        0x0000000103232ff5 chromedriver + 4874229
17  chromedriver                        0x00000001032476de chromedriver + 4957918
18  libsystem_pthread.dylib             0x00007ff81462b259 _pthread_start + 125
19  libsystem_pthread.dylib             0x00007ff814626c7b thread_start + 15

at java.base/jdk.internal.reflect.NativeConstructorAccessorImpl.newInstance0(Native Method)
at java.base/jdk.internal.reflect.NativeConstructorAccessorImpl.newInstance(NativeConstructorAccessorImpl.java:77)
at java.base/jdk.internal.reflect.DelegatingConstructorAccessorImpl.newInstance(DelegatingConstructorAccessorImpl.java:45)
at java.base/java.lang.reflect.Constructor.newInstanceWithCaller(Constructor.java:499)
at java.base/java.lang.reflect.Constructor.newInstance(Constructor.java:480)
at org.openqa.selenium.remote.W3CHandshakeResponse.lambda$errorHandler$0(W3CHandshakeResponse.java:62)
at org.openqa.selenium.remote.HandshakeResponse.lambda$getResponseFunction$0(HandshakeResponse.java:30)
at org.openqa.selenium.remote.ProtocolHandshake.lambda$createSession$0(ProtocolHandshake.java:126)
at java.base/java.util.stream.ReferencePipeline$3$1.accept(ReferencePipeline.java:197)
at java.base/java.util.Spliterators$ArraySpliterator.tryAdvance(Spliterators.java:1002)
at java.base/java.util.stream.ReferencePipeline.forEachWithCancel(ReferencePipeline.java:129)
at java.base/java.util.stream.AbstractPipeline.copyIntoWithCancel(AbstractPipeline.java:527)
at java.base/java.util.stream.AbstractPipeline.copyInto(AbstractPipeline.java:513)
at java.base/java.util.stream.AbstractPipeline.wrapAndCopyInto(AbstractPipeline.java:499)
at java.base/java.util.stream.FindOps$FindOp.evaluateSequential(FindOps.java:150)
at java.base/java.util.stream.AbstractPipeline.evaluate(AbstractPipeline.java:234)
at java.base/java.util.stream.ReferencePipeline.findFirst(ReferencePipeline.java:647)
at org.openqa.selenium.remote.ProtocolHandshake.createSession(ProtocolHandshake.java:128)
at org.openqa.selenium.remote.ProtocolHandshake.createSession(ProtocolHandshake.java:74)
at org.openqa.selenium.remote.HttpCommandExecutor.execute(HttpCommandExecutor.java:136)
at org.openqa.selenium.remote.service.DriverCommandExecutor.execute(DriverCommandExecutor.java:83)
at org.openqa.selenium.remote.RemoteWebDriver.execute(RemoteWebDriver.java:552)
at org.openqa.selenium.remote.RemoteWebDriver.startSession(RemoteWebDriver.java:213)
at org.openqa.selenium.remote.RemoteWebDriver.<init>(RemoteWebDriver.java:131)
at org.openqa.selenium.chrome.ChromeDriver.<init>(ChromeDriver.java:181)
at org.openqa.selenium.chrome.ChromeDriver.<init>(ChromeDriver.java:168)
at org.openqa.selenium.chrome.ChromeDriver.<init>(ChromeDriver.java:123)
at AutomationPractice.AutomationPractice.openBrowser(AutomationPractice.java:24)
at java.base/jdk.internal.reflect.NativeMethodAccessorImpl.invoke0(Native Method)
at java.base/jdk.internal.reflect.NativeMethodAccessorImpl.invoke(NativeMethodAccessorImpl.java:77)
at java.base/jdk.internal.reflect.DelegatingMethodAccessorImpl.invoke(DelegatingMethodAccessorImpl.java:43)
at java.base/java.lang.reflect.Method.invoke(Method.java:568)
at org.testng.internal.MethodInvocationHelper.invokeMethod(MethodInvocationHelper.java:133)
at org.testng.internal.MethodInvocationHelper.invokeMethodConsideringTimeout(MethodInvocationHelper.java:62)
at org.testng.internal.ConfigInvoker.invokeConfigurationMethod(ConfigInvoker.java:385)
at org.testng.internal.ConfigInvoker.invokeConfigurations(ConfigInvoker.java:321)
at org.testng.internal.TestInvoker.runConfigMethods(TestInvoker.java:700)
at org.testng.internal.TestInvoker.invokeMethod(TestInvoker.java:527)
at org.testng.internal.TestInvoker.invokeTestMethod(TestInvoker.java:173)
at org.testng.internal.MethodRunner.runInSequence(MethodRunner.java:46)
at org.testng.internal.TestInvoker$MethodInvocationAgent.invoke(TestInvoker.java:824)
at org.testng.internal.TestInvoker.invokeTestMethods(TestInvoker.java:146)
at org.testng.internal.TestMethodWorker.invokeTestMethods(TestMethodWorker.java:146)
at org.testng.internal.TestMethodWorker.run(TestMethodWorker.java:128)
at java.base/java.util.ArrayList.forEach(ArrayList.java:1511)
at org.testng.TestRunner.privateRun(TestRunner.java:794)
at org.testng.TestRunner.run(TestRunner.java:596)
at org.testng.SuiteRunner.runTest(SuiteRunner.java:377)
at org.testng.SuiteRunner.runSequentially(SuiteRunner.java:371)
at org.testng.SuiteRunner.privateRun(SuiteRunner.java:332)
at org.testng.SuiteRunner.run(SuiteRunner.java:276)
at org.testng.SuiteRunnerWorker.runSuite(SuiteRunnerWorker.java:53)
at org.testng.SuiteRunnerWorker.run(SuiteRunnerWorker.java:96)
at org.testng.TestNG.runSuitesSequentially(TestNG.java:1212)
at org.testng.TestNG.runSuitesLocally(TestNG.java:1134)
at org.testng.TestNG.runSuites(TestNG.java:1063)
at org.testng.TestNG.run(TestNG.java:1031)
at org.testng.remote.AbstractRemoteTestNG.run(AbstractRemoteTestNG.java:115)
at org.testng.remote.RemoteTestNG.initAndRun(RemoteTestNG.java:251)
at org.testng.remote.RemoteTestNG.main(RemoteTestNG.java:77)
]]>
            </full-stacktrace>
          </exception> <!-- org.openqa.selenium.WebDriverException -->
          <reporter-output>
          </reporter-output>
        </test-method> <!-- goLiveNow -->
        <test-method is-config="true" signature="openBrowser()[pri:0, instance:AutomationPractice.AutomationPractice@5bfa9431]" started-at="2023-02-28T15:29:54 IST" name="openBrowser" finished-at="1970-01-01T05:30:00 IST" duration-ms="-1677578394200" status="SKIP">
          <reporter-output>
          </reporter-output>
        </test-method> <!-- openBrowser -->
        <test-method signature="invalidBatchCode()[pri:0, instance:AutomationPractice.AutomationPractice@5bfa9431]" started-at="2023-02-28T15:29:54 IST" name="invalidBatchCode" finished-at="2023-02-28T15:29:54 IST" duration-ms="0" status="SKIP">
          <exception class="org.openqa.selenium.WebDriverException">
            <message>
              <![CDATA[unknown error: DevToolsActivePort file doesn't exist
Build info: version: '3.141.59', revision: 'e82be7d358', time: '2018-11-14T08:17:03'
System info: host: 'Someshs-MacBook-Air.local', ip: 'fe80:0:0:0:e3:c39b:9af1:6aa5%en0', os.name: 'Mac OS X', os.arch: 'x86_64', os.version: '13.0.1', java.version: '17.0.2'
Driver info: driver.version: ChromeDriver
remote stacktrace: 0   chromedriver                        0x000000010323f138 chromedriver + 4923704
1   chromedriver                        0x00000001031b79d3 chromedriver + 4368851
2   chromedriver                        0x0000000102e00787 chromedriver + 472967
3   chromedriver                        0x0000000102e30ed4 chromedriver + 671444
4   chromedriver                        0x0000000102e2cab2 chromedriver + 654002
5   chromedriver                        0x0000000102e29041 chromedriver + 639041
6   chromedriver                        0x0000000102e778a5 chromedriver + 960677
7   chromedriver                        0x0000000102e6dd23 chromedriver + 920867
8   chromedriver                        0x0000000102e34a4b chromedriver + 686667
9   chromedriver                        0x0000000102e36044 chromedriver + 692292
10  chromedriver                        0x000000010320a8fe chromedriver + 4708606
11  chromedriver                        0x000000010320fe22 chromedriver + 4730402
12  chromedriver                        0x00000001032186bf chromedriver + 4765375
13  chromedriver                        0x0000000103210e80 chromedriver + 4734592
14  chromedriver                        0x00000001031e1975 chromedriver + 4540789
15  chromedriver                        0x0000000103232e78 chromedriver + 4873848
16  chromedriver                        0x0000000103232ff5 chromedriver + 4874229
17  chromedriver                        0x00000001032476de chromedriver + 4957918
18  libsystem_pthread.dylib             0x00007ff81462b259 _pthread_start + 125
19  libsystem_pthread.dylib             0x00007ff814626c7b thread_start + 15
]]>
            </message>
            <full-stacktrace>
              <![CDATA[org.openqa.selenium.WebDriverException: unknown error: DevToolsActivePort file doesn't exist
Build info: version: '3.141.59', revision: 'e82be7d358', time: '2018-11-14T08:17:03'
System info: host: 'Someshs-MacBook-Air.local', ip: 'fe80:0:0:0:e3:c39b:9af1:6aa5%en0', os.name: 'Mac OS X', os.arch: 'x86_64', os.version: '13.0.1', java.version: '17.0.2'
Driver info: driver.version: ChromeDriver
remote stacktrace: 0   chromedriver                        0x000000010323f138 chromedriver + 4923704
1   chromedriver                        0x00000001031b79d3 chromedriver + 4368851
2   chromedriver                        0x0000000102e00787 chromedriver + 472967
3   chromedriver                        0x0000000102e30ed4 chromedriver + 671444
4   chromedriver                        0x0000000102e2cab2 chromedriver + 654002
5   chromedriver                        0x0000000102e29041 chromedriver + 639041
6   chromedriver                        0x0000000102e778a5 chromedriver + 960677
7   chromedriver                        0x0000000102e6dd23 chromedriver + 920867
8   chromedriver                        0x0000000102e34a4b chromedriver + 686667
9   chromedriver                        0x0000000102e36044 chromedriver + 692292
10  chromedriver                        0x000000010320a8fe chromedriver + 4708606
11  chromedriver                        0x000000010320fe22 chromedriver + 4730402
12  chromedriver                        0x00000001032186bf chromedriver + 4765375
13  chromedriver                        0x0000000103210e80 chromedriver + 4734592
14  chromedriver                        0x00000001031e1975 chromedriver + 4540789
15  chromedriver                        0x0000000103232e78 chromedriver + 4873848
16  chromedriver                        0x0000000103232ff5 chromedriver + 4874229
17  chromedriver                        0x00000001032476de chromedriver + 4957918
18  libsystem_pthread.dylib             0x00007ff81462b259 _pthread_start + 125
19  libsystem_pthread.dylib             0x00007ff814626c7b thread_start + 15

at java.base/jdk.internal.reflect.NativeConstructorAccessorImpl.newInstance0(Native Method)
at java.base/jdk.internal.reflect.NativeConstructorAccessorImpl.newInstance(NativeConstructorAccessorImpl.java:77)
at java.base/jdk.internal.reflect.DelegatingConstructorAccessorImpl.newInstance(DelegatingConstructorAccessorImpl.java:45)
at java.base/java.lang.reflect.Constructor.newInstanceWithCaller(Constructor.java:499)
at java.base/java.lang.reflect.Constructor.newInstance(Constructor.java:480)
at org.openqa.selenium.remote.W3CHandshakeResponse.lambda$errorHandler$0(W3CHandshakeResponse.java:62)
at org.openqa.selenium.remote.HandshakeResponse.lambda$getResponseFunction$0(HandshakeResponse.java:30)
at org.openqa.selenium.remote.ProtocolHandshake.lambda$createSession$0(ProtocolHandshake.java:126)
at java.base/java.util.stream.ReferencePipeline$3$1.accept(ReferencePipeline.java:197)
at java.base/java.util.Spliterators$ArraySpliterator.tryAdvance(Spliterators.java:1002)
at java.base/java.util.stream.ReferencePipeline.forEachWithCancel(ReferencePipeline.java:129)
at java.base/java.util.stream.AbstractPipeline.copyIntoWithCancel(AbstractPipeline.java:527)
at java.base/java.util.stream.AbstractPipeline.copyInto(AbstractPipeline.java:513)
at java.base/java.util.stream.AbstractPipeline.wrapAndCopyInto(AbstractPipeline.java:499)
at java.base/java.util.stream.FindOps$FindOp.evaluateSequential(FindOps.java:150)
at java.base/java.util.stream.AbstractPipeline.evaluate(AbstractPipeline.java:234)
at java.base/java.util.stream.ReferencePipeline.findFirst(ReferencePipeline.java:647)
at org.openqa.selenium.remote.ProtocolHandshake.createSession(ProtocolHandshake.java:128)
at org.openqa.selenium.remote.ProtocolHandshake.createSession(ProtocolHandshake.java:74)
at org.openqa.selenium.remote.HttpCommandExecutor.execute(HttpCommandExecutor.java:136)
at org.openqa.selenium.remote.service.DriverCommandExecutor.execute(DriverCommandExecutor.java:83)
at org.openqa.selenium.remote.RemoteWebDriver.execute(RemoteWebDriver.java:552)
at org.openqa.selenium.remote.RemoteWebDriver.startSession(RemoteWebDriver.java:213)
at org.openqa.selenium.remote.RemoteWebDriver.<init>(RemoteWebDriver.java:131)
at org.openqa.selenium.chrome.ChromeDriver.<init>(ChromeDriver.java:181)
at org.openqa.selenium.chrome.ChromeDriver.<init>(ChromeDriver.java:168)
at org.openqa.selenium.chrome.ChromeDriver.<init>(ChromeDriver.java:123)
at AutomationPractice.AutomationPractice.openBrowser(AutomationPractice.java:24)
at java.base/jdk.internal.reflect.NativeMethodAccessorImpl.invoke0(Native Method)
at java.base/jdk.internal.reflect.NativeMethodAccessorImpl.invoke(NativeMethodAccessorImpl.java:77)
at java.base/jdk.internal.reflect.DelegatingMethodAccessorImpl.invoke(DelegatingMethodAccessorImpl.java:43)
at java.base/java.lang.reflect.Method.invoke(Method.java:568)
at org.testng.internal.MethodInvocationHelper.invokeMethod(MethodInvocationHelper.java:133)
at org.testng.internal.MethodInvocationHelper.invokeMethodConsideringTimeout(MethodInvocationHelper.java:62)
at org.testng.internal.ConfigInvoker.invokeConfigurationMethod(ConfigInvoker.java:385)
at org.testng.internal.ConfigInvoker.invokeConfigurations(ConfigInvoker.java:321)
at org.testng.internal.TestInvoker.runConfigMethods(TestInvoker.java:700)
at org.testng.internal.TestInvoker.invokeMethod(TestInvoker.java:527)
at org.testng.internal.TestInvoker.invokeTestMethod(TestInvoker.java:173)
at org.testng.internal.MethodRunner.runInSequence(MethodRunner.java:46)
at org.testng.internal.TestInvoker$MethodInvocationAgent.invoke(TestInvoker.java:824)
at org.testng.internal.TestInvoker.invokeTestMethods(TestInvoker.java:146)
at org.testng.internal.TestMethodWorker.invokeTestMethods(TestMethodWorker.java:146)
at org.testng.internal.TestMethodWorker.run(TestMethodWorker.java:128)
at java.base/java.util.ArrayList.forEach(ArrayList.java:1511)
at org.testng.TestRunner.privateRun(TestRunner.java:794)
at org.testng.TestRunner.run(TestRunner.java:596)
at org.testng.SuiteRunner.runTest(SuiteRunner.java:377)
at org.testng.SuiteRunner.runSequentially(SuiteRunner.java:371)
at org.testng.SuiteRunner.privateRun(SuiteRunner.java:332)
at org.testng.SuiteRunner.run(SuiteRunner.java:276)
at org.testng.SuiteRunnerWorker.runSuite(SuiteRunnerWorker.java:53)
at org.testng.SuiteRunnerWorker.run(SuiteRunnerWorker.java:96)
at org.testng.TestNG.runSuitesSequentially(TestNG.java:1212)
at org.testng.TestNG.runSuitesLocally(TestNG.java:1134)
at org.testng.TestNG.runSuites(TestNG.java:1063)
at org.testng.TestNG.run(TestNG.java:1031)
at org.testng.remote.AbstractRemoteTestNG.run(AbstractRemoteTestNG.java:115)
at org.testng.remote.RemoteTestNG.initAndRun(RemoteTestNG.java:251)
at org.testng.remote.RemoteTestNG.main(RemoteTestNG.java:77)
]]>
            </full-stacktrace>
          </exception> <!-- org.openqa.selenium.WebDriverException -->
          <reporter-output>
          </reporter-output>
        </test-method> <!-- invalidBatchCode -->
        <test-method is-config="true" signature="openBrowser()[pri:0, instance:AutomationPractice.AutomationPractice@5bfa9431]" started-at="2023-02-28T15:29:54 IST" name="openBrowser" finished-at="1970-01-01T05:30:00 IST" duration-ms="-1677578394207" status="SKIP">
          <reporter-output>
          </reporter-output>
        </test-method> <!-- openBrowser -->
        <test-method signature="lessThan10DigitMobileNumber()[pri:0, instance:AutomationPractice.AutomationPractice@5bfa9431]" started-at="2023-02-28T15:29:54 IST" name="lessThan10DigitMobileNumber" finished-at="2023-02-28T15:29:54 IST" duration-ms="0" status="SKIP">
          <exception class="org.openqa.selenium.WebDriverException">
            <message>
              <![CDATA[unknown error: DevToolsActivePort file doesn't exist
Build info: version: '3.141.59', revision: 'e82be7d358', time: '2018-11-14T08:17:03'
System info: host: 'Someshs-MacBook-Air.local', ip: 'fe80:0:0:0:e3:c39b:9af1:6aa5%en0', os.name: 'Mac OS X', os.arch: 'x86_64', os.version: '13.0.1', java.version: '17.0.2'
Driver info: driver.version: ChromeDriver
remote stacktrace: 0   chromedriver                        0x000000010323f138 chromedriver + 4923704
1   chromedriver                        0x00000001031b79d3 chromedriver + 4368851
2   chromedriver                        0x0000000102e00787 chromedriver + 472967
3   chromedriver                        0x0000000102e30ed4 chromedriver + 671444
4   chromedriver                        0x0000000102e2cab2 chromedriver + 654002
5   chromedriver                        0x0000000102e29041 chromedriver + 639041
6   chromedriver                        0x0000000102e778a5 chromedriver + 960677
7   chromedriver                        0x0000000102e6dd23 chromedriver + 920867
8   chromedriver                        0x0000000102e34a4b chromedriver + 686667
9   chromedriver                        0x0000000102e36044 chromedriver + 692292
10  chromedriver                        0x000000010320a8fe chromedriver + 4708606
11  chromedriver                        0x000000010320fe22 chromedriver + 4730402
12  chromedriver                        0x00000001032186bf chromedriver + 4765375
13  chromedriver                        0x0000000103210e80 chromedriver + 4734592
14  chromedriver                        0x00000001031e1975 chromedriver + 4540789
15  chromedriver                        0x0000000103232e78 chromedriver + 4873848
16  chromedriver                        0x0000000103232ff5 chromedriver + 4874229
17  chromedriver                        0x00000001032476de chromedriver + 4957918
18  libsystem_pthread.dylib             0x00007ff81462b259 _pthread_start + 125
19  libsystem_pthread.dylib             0x00007ff814626c7b thread_start + 15
]]>
            </message>
            <full-stacktrace>
              <![CDATA[org.openqa.selenium.WebDriverException: unknown error: DevToolsActivePort file doesn't exist
Build info: version: '3.141.59', revision: 'e82be7d358', time: '2018-11-14T08:17:03'
System info: host: 'Someshs-MacBook-Air.local', ip: 'fe80:0:0:0:e3:c39b:9af1:6aa5%en0', os.name: 'Mac OS X', os.arch: 'x86_64', os.version: '13.0.1', java.version: '17.0.2'
Driver info: driver.version: ChromeDriver
remote stacktrace: 0   chromedriver                        0x000000010323f138 chromedriver + 4923704
1   chromedriver                        0x00000001031b79d3 chromedriver + 4368851
2   chromedriver                        0x0000000102e00787 chromedriver + 472967
3   chromedriver                        0x0000000102e30ed4 chromedriver + 671444
4   chromedriver                        0x0000000102e2cab2 chromedriver + 654002
5   chromedriver                        0x0000000102e29041 chromedriver + 639041
6   chromedriver                        0x0000000102e778a5 chromedriver + 960677
7   chromedriver                        0x0000000102e6dd23 chromedriver + 920867
8   chromedriver                        0x0000000102e34a4b chromedriver + 686667
9   chromedriver                        0x0000000102e36044 chromedriver + 692292
10  chromedriver                        0x000000010320a8fe chromedriver + 4708606
11  chromedriver                        0x000000010320fe22 chromedriver + 4730402
12  chromedriver                        0x00000001032186bf chromedriver + 4765375
13  chromedriver                        0x0000000103210e80 chromedriver + 4734592
14  chromedriver                        0x00000001031e1975 chromedriver + 4540789
15  chromedriver                        0x0000000103232e78 chromedriver + 4873848
16  chromedriver                        0x0000000103232ff5 chromedriver + 4874229
17  chromedriver                        0x00000001032476de chromedriver + 4957918
18  libsystem_pthread.dylib             0x00007ff81462b259 _pthread_start + 125
19  libsystem_pthread.dylib             0x00007ff814626c7b thread_start + 15

at java.base/jdk.internal.reflect.NativeConstructorAccessorImpl.newInstance0(Native Method)
at java.base/jdk.internal.reflect.NativeConstructorAccessorImpl.newInstance(NativeConstructorAccessorImpl.java:77)
at java.base/jdk.internal.reflect.DelegatingConstructorAccessorImpl.newInstance(DelegatingConstructorAccessorImpl.java:45)
at java.base/java.lang.reflect.Constructor.newInstanceWithCaller(Constructor.java:499)
at java.base/java.lang.reflect.Constructor.newInstance(Constructor.java:480)
at org.openqa.selenium.remote.W3CHandshakeResponse.lambda$errorHandler$0(W3CHandshakeResponse.java:62)
at org.openqa.selenium.remote.HandshakeResponse.lambda$getResponseFunction$0(HandshakeResponse.java:30)
at org.openqa.selenium.remote.ProtocolHandshake.lambda$createSession$0(ProtocolHandshake.java:126)
at java.base/java.util.stream.ReferencePipeline$3$1.accept(ReferencePipeline.java:197)
at java.base/java.util.Spliterators$ArraySpliterator.tryAdvance(Spliterators.java:1002)
at java.base/java.util.stream.ReferencePipeline.forEachWithCancel(ReferencePipeline.java:129)
at java.base/java.util.stream.AbstractPipeline.copyIntoWithCancel(AbstractPipeline.java:527)
at java.base/java.util.stream.AbstractPipeline.copyInto(AbstractPipeline.java:513)
at java.base/java.util.stream.AbstractPipeline.wrapAndCopyInto(AbstractPipeline.java:499)
at java.base/java.util.stream.FindOps$FindOp.evaluateSequential(FindOps.java:150)
at java.base/java.util.stream.AbstractPipeline.evaluate(AbstractPipeline.java:234)
at java.base/java.util.stream.ReferencePipeline.findFirst(ReferencePipeline.java:647)
at org.openqa.selenium.remote.ProtocolHandshake.createSession(ProtocolHandshake.java:128)
at org.openqa.selenium.remote.ProtocolHandshake.createSession(ProtocolHandshake.java:74)
at org.openqa.selenium.remote.HttpCommandExecutor.execute(HttpCommandExecutor.java:136)
at org.openqa.selenium.remote.service.DriverCommandExecutor.execute(DriverCommandExecutor.java:83)
at org.openqa.selenium.remote.RemoteWebDriver.execute(RemoteWebDriver.java:552)
at org.openqa.selenium.remote.RemoteWebDriver.startSession(RemoteWebDriver.java:213)
at org.openqa.selenium.remote.RemoteWebDriver.<init>(RemoteWebDriver.java:131)
at org.openqa.selenium.chrome.ChromeDriver.<init>(ChromeDriver.java:181)
at org.openqa.selenium.chrome.ChromeDriver.<init>(ChromeDriver.java:168)
at org.openqa.selenium.chrome.ChromeDriver.<init>(ChromeDriver.java:123)
at AutomationPractice.AutomationPractice.openBrowser(AutomationPractice.java:24)
at java.base/jdk.internal.reflect.NativeMethodAccessorImpl.invoke0(Native Method)
at java.base/jdk.internal.reflect.NativeMethodAccessorImpl.invoke(NativeMethodAccessorImpl.java:77)
at java.base/jdk.internal.reflect.DelegatingMethodAccessorImpl.invoke(DelegatingMethodAccessorImpl.java:43)
at java.base/java.lang.reflect.Method.invoke(Method.java:568)
at org.testng.internal.MethodInvocationHelper.invokeMethod(MethodInvocationHelper.java:133)
at org.testng.internal.MethodInvocationHelper.invokeMethodConsideringTimeout(MethodInvocationHelper.java:62)
at org.testng.internal.ConfigInvoker.invokeConfigurationMethod(ConfigInvoker.java:385)
at org.testng.internal.ConfigInvoker.invokeConfigurations(ConfigInvoker.java:321)
at org.testng.internal.TestInvoker.runConfigMethods(TestInvoker.java:700)
at org.testng.internal.TestInvoker.invokeMethod(TestInvoker.java:527)
at org.testng.internal.TestInvoker.invokeTestMethod(TestInvoker.java:173)
at org.testng.internal.MethodRunner.runInSequence(MethodRunner.java:46)
at org.testng.internal.TestInvoker$MethodInvocationAgent.invoke(TestInvoker.java:824)
at org.testng.internal.TestInvoker.invokeTestMethods(TestInvoker.java:146)
at org.testng.internal.TestMethodWorker.invokeTestMethods(TestMethodWorker.java:146)
at org.testng.internal.TestMethodWorker.run(TestMethodWorker.java:128)
at java.base/java.util.ArrayList.forEach(ArrayList.java:1511)
at org.testng.TestRunner.privateRun(TestRunner.java:794)
at org.testng.TestRunner.run(TestRunner.java:596)
at org.testng.SuiteRunner.runTest(SuiteRunner.java:377)
at org.testng.SuiteRunner.runSequentially(SuiteRunner.java:371)
at org.testng.SuiteRunner.privateRun(SuiteRunner.java:332)
at org.testng.SuiteRunner.run(SuiteRunner.java:276)
at org.testng.SuiteRunnerWorker.runSuite(SuiteRunnerWorker.java:53)
at org.testng.SuiteRunnerWorker.run(SuiteRunnerWorker.java:96)
at org.testng.TestNG.runSuitesSequentially(TestNG.java:1212)
at org.testng.TestNG.runSuitesLocally(TestNG.java:1134)
at org.testng.TestNG.runSuites(TestNG.java:1063)
at org.testng.TestNG.run(TestNG.java:1031)
at org.testng.remote.AbstractRemoteTestNG.run(AbstractRemoteTestNG.java:115)
at org.testng.remote.RemoteTestNG.initAndRun(RemoteTestNG.java:251)
at org.testng.remote.RemoteTestNG.main(RemoteTestNG.java:77)
]]>
            </full-stacktrace>
          </exception> <!-- org.openqa.selenium.WebDriverException -->
          <reporter-output>
          </reporter-output>
        </test-method> <!-- lessThan10DigitMobileNumber -->
        <test-method is-config="true" signature="openBrowser()[pri:0, instance:AutomationPractice.AutomationPractice@5bfa9431]" started-at="2023-02-28T15:29:54 IST" name="openBrowser" finished-at="1970-01-01T05:30:00 IST" duration-ms="-1677578394209" status="SKIP">
          <reporter-output>
          </reporter-output>
        </test-method> <!-- openBrowser -->
        <test-method signature="loginUI()[pri:0, instance:AutomationPractice.AutomationPractice@5bfa9431]" started-at="2023-02-28T15:29:54 IST" name="loginUI" finished-at="2023-02-28T15:29:54 IST" duration-ms="0" status="SKIP">
          <exception class="org.openqa.selenium.WebDriverException">
            <message>
              <![CDATA[unknown error: DevToolsActivePort file doesn't exist
Build info: version: '3.141.59', revision: 'e82be7d358', time: '2018-11-14T08:17:03'
System info: host: 'Someshs-MacBook-Air.local', ip: 'fe80:0:0:0:e3:c39b:9af1:6aa5%en0', os.name: 'Mac OS X', os.arch: 'x86_64', os.version: '13.0.1', java.version: '17.0.2'
Driver info: driver.version: ChromeDriver
remote stacktrace: 0   chromedriver                        0x000000010323f138 chromedriver + 4923704
1   chromedriver                        0x00000001031b79d3 chromedriver + 4368851
2   chromedriver                        0x0000000102e00787 chromedriver + 472967
3   chromedriver                        0x0000000102e30ed4 chromedriver + 671444
4   chromedriver                        0x0000000102e2cab2 chromedriver + 654002
5   chromedriver                        0x0000000102e29041 chromedriver + 639041
6   chromedriver                        0x0000000102e778a5 chromedriver + 960677
7   chromedriver                        0x0000000102e6dd23 chromedriver + 920867
8   chromedriver                        0x0000000102e34a4b chromedriver + 686667
9   chromedriver                        0x0000000102e36044 chromedriver + 692292
10  chromedriver                        0x000000010320a8fe chromedriver + 4708606
11  chromedriver                        0x000000010320fe22 chromedriver + 4730402
12  chromedriver                        0x00000001032186bf chromedriver + 4765375
13  chromedriver                        0x0000000103210e80 chromedriver + 4734592
14  chromedriver                        0x00000001031e1975 chromedriver + 4540789
15  chromedriver                        0x0000000103232e78 chromedriver + 4873848
16  chromedriver                        0x0000000103232ff5 chromedriver + 4874229
17  chromedriver                        0x00000001032476de chromedriver + 4957918
18  libsystem_pthread.dylib             0x00007ff81462b259 _pthread_start + 125
19  libsystem_pthread.dylib             0x00007ff814626c7b thread_start + 15
]]>
            </message>
            <full-stacktrace>
              <![CDATA[org.openqa.selenium.WebDriverException: unknown error: DevToolsActivePort file doesn't exist
Build info: version: '3.141.59', revision: 'e82be7d358', time: '2018-11-14T08:17:03'
System info: host: 'Someshs-MacBook-Air.local', ip: 'fe80:0:0:0:e3:c39b:9af1:6aa5%en0', os.name: 'Mac OS X', os.arch: 'x86_64', os.version: '13.0.1', java.version: '17.0.2'
Driver info: driver.version: ChromeDriver
remote stacktrace: 0   chromedriver                        0x000000010323f138 chromedriver + 4923704
1   chromedriver                        0x00000001031b79d3 chromedriver + 4368851
2   chromedriver                        0x0000000102e00787 chromedriver + 472967
3   chromedriver                        0x0000000102e30ed4 chromedriver + 671444
4   chromedriver                        0x0000000102e2cab2 chromedriver + 654002
5   chromedriver                        0x0000000102e29041 chromedriver + 639041
6   chromedriver                        0x0000000102e778a5 chromedriver + 960677
7   chromedriver                        0x0000000102e6dd23 chromedriver + 920867
8   chromedriver                        0x0000000102e34a4b chromedriver + 686667
9   chromedriver                        0x0000000102e36044 chromedriver + 692292
10  chromedriver                        0x000000010320a8fe chromedriver + 4708606
11  chromedriver                        0x000000010320fe22 chromedriver + 4730402
12  chromedriver                        0x00000001032186bf chromedriver + 4765375
13  chromedriver                        0x0000000103210e80 chromedriver + 4734592
14  chromedriver                        0x00000001031e1975 chromedriver + 4540789
15  chromedriver                        0x0000000103232e78 chromedriver + 4873848
16  chromedriver                        0x0000000103232ff5 chromedriver + 4874229
17  chromedriver                        0x00000001032476de chromedriver + 4957918
18  libsystem_pthread.dylib             0x00007ff81462b259 _pthread_start + 125
19  libsystem_pthread.dylib             0x00007ff814626c7b thread_start + 15

at java.base/jdk.internal.reflect.NativeConstructorAccessorImpl.newInstance0(Native Method)
at java.base/jdk.internal.reflect.NativeConstructorAccessorImpl.newInstance(NativeConstructorAccessorImpl.java:77)
at java.base/jdk.internal.reflect.DelegatingConstructorAccessorImpl.newInstance(DelegatingConstructorAccessorImpl.java:45)
at java.base/java.lang.reflect.Constructor.newInstanceWithCaller(Constructor.java:499)
at java.base/java.lang.reflect.Constructor.newInstance(Constructor.java:480)
at org.openqa.selenium.remote.W3CHandshakeResponse.lambda$errorHandler$0(W3CHandshakeResponse.java:62)
at org.openqa.selenium.remote.HandshakeResponse.lambda$getResponseFunction$0(HandshakeResponse.java:30)
at org.openqa.selenium.remote.ProtocolHandshake.lambda$createSession$0(ProtocolHandshake.java:126)
at java.base/java.util.stream.ReferencePipeline$3$1.accept(ReferencePipeline.java:197)
at java.base/java.util.Spliterators$ArraySpliterator.tryAdvance(Spliterators.java:1002)
at java.base/java.util.stream.ReferencePipeline.forEachWithCancel(ReferencePipeline.java:129)
at java.base/java.util.stream.AbstractPipeline.copyIntoWithCancel(AbstractPipeline.java:527)
at java.base/java.util.stream.AbstractPipeline.copyInto(AbstractPipeline.java:513)
at java.base/java.util.stream.AbstractPipeline.wrapAndCopyInto(AbstractPipeline.java:499)
at java.base/java.util.stream.FindOps$FindOp.evaluateSequential(FindOps.java:150)
at java.base/java.util.stream.AbstractPipeline.evaluate(AbstractPipeline.java:234)
at java.base/java.util.stream.ReferencePipeline.findFirst(ReferencePipeline.java:647)
at org.openqa.selenium.remote.ProtocolHandshake.createSession(ProtocolHandshake.java:128)
at org.openqa.selenium.remote.ProtocolHandshake.createSession(ProtocolHandshake.java:74)
at org.openqa.selenium.remote.HttpCommandExecutor.execute(HttpCommandExecutor.java:136)
at org.openqa.selenium.remote.service.DriverCommandExecutor.execute(DriverCommandExecutor.java:83)
at org.openqa.selenium.remote.RemoteWebDriver.execute(RemoteWebDriver.java:552)
at org.openqa.selenium.remote.RemoteWebDriver.startSession(RemoteWebDriver.java:213)
at org.openqa.selenium.remote.RemoteWebDriver.<init>(RemoteWebDriver.java:131)
at org.openqa.selenium.chrome.ChromeDriver.<init>(ChromeDriver.java:181)
at org.openqa.selenium.chrome.ChromeDriver.<init>(ChromeDriver.java:168)
at org.openqa.selenium.chrome.ChromeDriver.<init>(ChromeDriver.java:123)
at AutomationPractice.AutomationPractice.openBrowser(AutomationPractice.java:24)
at java.base/jdk.internal.reflect.NativeMethodAccessorImpl.invoke0(Native Method)
at java.base/jdk.internal.reflect.NativeMethodAccessorImpl.invoke(NativeMethodAccessorImpl.java:77)
at java.base/jdk.internal.reflect.DelegatingMethodAccessorImpl.invoke(DelegatingMethodAccessorImpl.java:43)
at java.base/java.lang.reflect.Method.invoke(Method.java:568)
at org.testng.internal.MethodInvocationHelper.invokeMethod(MethodInvocationHelper.java:133)
at org.testng.internal.MethodInvocationHelper.invokeMethodConsideringTimeout(MethodInvocationHelper.java:62)
at org.testng.internal.ConfigInvoker.invokeConfigurationMethod(ConfigInvoker.java:385)
at org.testng.internal.ConfigInvoker.invokeConfigurations(ConfigInvoker.java:321)
at org.testng.internal.TestInvoker.runConfigMethods(TestInvoker.java:700)
at org.testng.internal.TestInvoker.invokeMethod(TestInvoker.java:527)
at org.testng.internal.TestInvoker.invokeTestMethod(TestInvoker.java:173)
at org.testng.internal.MethodRunner.runInSequence(MethodRunner.java:46)
at org.testng.internal.TestInvoker$MethodInvocationAgent.invoke(TestInvoker.java:824)
at org.testng.internal.TestInvoker.invokeTestMethods(TestInvoker.java:146)
at org.testng.internal.TestMethodWorker.invokeTestMethods(TestMethodWorker.java:146)
at org.testng.internal.TestMethodWorker.run(TestMethodWorker.java:128)
at java.base/java.util.ArrayList.forEach(ArrayList.java:1511)
at org.testng.TestRunner.privateRun(TestRunner.java:794)
at org.testng.TestRunner.run(TestRunner.java:596)
at org.testng.SuiteRunner.runTest(SuiteRunner.java:377)
at org.testng.SuiteRunner.runSequentially(SuiteRunner.java:371)
at org.testng.SuiteRunner.privateRun(SuiteRunner.java:332)
at org.testng.SuiteRunner.run(SuiteRunner.java:276)
at org.testng.SuiteRunnerWorker.runSuite(SuiteRunnerWorker.java:53)
at org.testng.SuiteRunnerWorker.run(SuiteRunnerWorker.java:96)
at org.testng.TestNG.runSuitesSequentially(TestNG.java:1212)
at org.testng.TestNG.runSuitesLocally(TestNG.java:1134)
at org.testng.TestNG.runSuites(TestNG.java:1063)
at org.testng.TestNG.run(TestNG.java:1031)
at org.testng.remote.AbstractRemoteTestNG.run(AbstractRemoteTestNG.java:115)
at org.testng.remote.RemoteTestNG.initAndRun(RemoteTestNG.java:251)
at org.testng.remote.RemoteTestNG.main(RemoteTestNG.java:77)
]]>
            </full-stacktrace>
          </exception> <!-- org.openqa.selenium.WebDriverException -->
          <reporter-output>
          </reporter-output>
        </test-method> <!-- loginUI -->
        <test-method is-config="true" signature="openBrowser()[pri:0, instance:AutomationPractice.AutomationPractice@5bfa9431]" started-at="2023-02-28T15:29:54 IST" name="openBrowser" finished-at="1970-01-01T05:30:00 IST" duration-ms="-1677578394215" status="SKIP">
          <reporter-output>
          </reporter-output>
        </test-method> <!-- openBrowser -->
        <test-method signature="previousBatchStartDate()[pri:0, instance:AutomationPractice.AutomationPractice@5bfa9431]" started-at="2023-02-28T15:29:54 IST" name="previousBatchStartDate" finished-at="2023-02-28T15:29:54 IST" duration-ms="0" status="SKIP">
          <exception class="org.openqa.selenium.WebDriverException">
            <message>
              <![CDATA[unknown error: DevToolsActivePort file doesn't exist
Build info: version: '3.141.59', revision: 'e82be7d358', time: '2018-11-14T08:17:03'
System info: host: 'Someshs-MacBook-Air.local', ip: 'fe80:0:0:0:e3:c39b:9af1:6aa5%en0', os.name: 'Mac OS X', os.arch: 'x86_64', os.version: '13.0.1', java.version: '17.0.2'
Driver info: driver.version: ChromeDriver
remote stacktrace: 0   chromedriver                        0x000000010323f138 chromedriver + 4923704
1   chromedriver                        0x00000001031b79d3 chromedriver + 4368851
2   chromedriver                        0x0000000102e00787 chromedriver + 472967
3   chromedriver                        0x0000000102e30ed4 chromedriver + 671444
4   chromedriver                        0x0000000102e2cab2 chromedriver + 654002
5   chromedriver                        0x0000000102e29041 chromedriver + 639041
6   chromedriver                        0x0000000102e778a5 chromedriver + 960677
7   chromedriver                        0x0000000102e6dd23 chromedriver + 920867
8   chromedriver                        0x0000000102e34a4b chromedriver + 686667
9   chromedriver                        0x0000000102e36044 chromedriver + 692292
10  chromedriver                        0x000000010320a8fe chromedriver + 4708606
11  chromedriver                        0x000000010320fe22 chromedriver + 4730402
12  chromedriver                        0x00000001032186bf chromedriver + 4765375
13  chromedriver                        0x0000000103210e80 chromedriver + 4734592
14  chromedriver                        0x00000001031e1975 chromedriver + 4540789
15  chromedriver                        0x0000000103232e78 chromedriver + 4873848
16  chromedriver                        0x0000000103232ff5 chromedriver + 4874229
17  chromedriver                        0x00000001032476de chromedriver + 4957918
18  libsystem_pthread.dylib             0x00007ff81462b259 _pthread_start + 125
19  libsystem_pthread.dylib             0x00007ff814626c7b thread_start + 15
]]>
            </message>
            <full-stacktrace>
              <![CDATA[org.openqa.selenium.WebDriverException: unknown error: DevToolsActivePort file doesn't exist
Build info: version: '3.141.59', revision: 'e82be7d358', time: '2018-11-14T08:17:03'
System info: host: 'Someshs-MacBook-Air.local', ip: 'fe80:0:0:0:e3:c39b:9af1:6aa5%en0', os.name: 'Mac OS X', os.arch: 'x86_64', os.version: '13.0.1', java.version: '17.0.2'
Driver info: driver.version: ChromeDriver
remote stacktrace: 0   chromedriver                        0x000000010323f138 chromedriver + 4923704
1   chromedriver                        0x00000001031b79d3 chromedriver + 4368851
2   chromedriver                        0x0000000102e00787 chromedriver + 472967
3   chromedriver                        0x0000000102e30ed4 chromedriver + 671444
4   chromedriver                        0x0000000102e2cab2 chromedriver + 654002
5   chromedriver                        0x0000000102e29041 chromedriver + 639041
6   chromedriver                        0x0000000102e778a5 chromedriver + 960677
7   chromedriver                        0x0000000102e6dd23 chromedriver + 920867
8   chromedriver                        0x0000000102e34a4b chromedriver + 686667
9   chromedriver                        0x0000000102e36044 chromedriver + 692292
10  chromedriver                        0x000000010320a8fe chromedriver + 4708606
11  chromedriver                        0x000000010320fe22 chromedriver + 4730402
12  chromedriver                        0x00000001032186bf chromedriver + 4765375
13  chromedriver                        0x0000000103210e80 chromedriver + 4734592
14  chromedriver                        0x00000001031e1975 chromedriver + 4540789
15  chromedriver                        0x0000000103232e78 chromedriver + 4873848
16  chromedriver                        0x0000000103232ff5 chromedriver + 4874229
17  chromedriver                        0x00000001032476de chromedriver + 4957918
18  libsystem_pthread.dylib             0x00007ff81462b259 _pthread_start + 125
19  libsystem_pthread.dylib             0x00007ff814626c7b thread_start + 15

at java.base/jdk.internal.reflect.NativeConstructorAccessorImpl.newInstance0(Native Method)
at java.base/jdk.internal.reflect.NativeConstructorAccessorImpl.newInstance(NativeConstructorAccessorImpl.java:77)
at java.base/jdk.internal.reflect.DelegatingConstructorAccessorImpl.newInstance(DelegatingConstructorAccessorImpl.java:45)
at java.base/java.lang.reflect.Constructor.newInstanceWithCaller(Constructor.java:499)
at java.base/java.lang.reflect.Constructor.newInstance(Constructor.java:480)
at org.openqa.selenium.remote.W3CHandshakeResponse.lambda$errorHandler$0(W3CHandshakeResponse.java:62)
at org.openqa.selenium.remote.HandshakeResponse.lambda$getResponseFunction$0(HandshakeResponse.java:30)
at org.openqa.selenium.remote.ProtocolHandshake.lambda$createSession$0(ProtocolHandshake.java:126)
at java.base/java.util.stream.ReferencePipeline$3$1.accept(ReferencePipeline.java:197)
at java.base/java.util.Spliterators$ArraySpliterator.tryAdvance(Spliterators.java:1002)
at java.base/java.util.stream.ReferencePipeline.forEachWithCancel(ReferencePipeline.java:129)
at java.base/java.util.stream.AbstractPipeline.copyIntoWithCancel(AbstractPipeline.java:527)
at java.base/java.util.stream.AbstractPipeline.copyInto(AbstractPipeline.java:513)
at java.base/java.util.stream.AbstractPipeline.wrapAndCopyInto(AbstractPipeline.java:499)
at java.base/java.util.stream.FindOps$FindOp.evaluateSequential(FindOps.java:150)
at java.base/java.util.stream.AbstractPipeline.evaluate(AbstractPipeline.java:234)
at java.base/java.util.stream.ReferencePipeline.findFirst(ReferencePipeline.java:647)
at org.openqa.selenium.remote.ProtocolHandshake.createSession(ProtocolHandshake.java:128)
at org.openqa.selenium.remote.ProtocolHandshake.createSession(ProtocolHandshake.java:74)
at org.openqa.selenium.remote.HttpCommandExecutor.execute(HttpCommandExecutor.java:136)
at org.openqa.selenium.remote.service.DriverCommandExecutor.execute(DriverCommandExecutor.java:83)
at org.openqa.selenium.remote.RemoteWebDriver.execute(RemoteWebDriver.java:552)
at org.openqa.selenium.remote.RemoteWebDriver.startSession(RemoteWebDriver.java:213)
at org.openqa.selenium.remote.RemoteWebDriver.<init>(RemoteWebDriver.java:131)
at org.openqa.selenium.chrome.ChromeDriver.<init>(ChromeDriver.java:181)
at org.openqa.selenium.chrome.ChromeDriver.<init>(ChromeDriver.java:168)
at org.openqa.selenium.chrome.ChromeDriver.<init>(ChromeDriver.java:123)
at AutomationPractice.AutomationPractice.openBrowser(AutomationPractice.java:24)
at java.base/jdk.internal.reflect.NativeMethodAccessorImpl.invoke0(Native Method)
at java.base/jdk.internal.reflect.NativeMethodAccessorImpl.invoke(NativeMethodAccessorImpl.java:77)
at java.base/jdk.internal.reflect.DelegatingMethodAccessorImpl.invoke(DelegatingMethodAccessorImpl.java:43)
at java.base/java.lang.reflect.Method.invoke(Method.java:568)
at org.testng.internal.MethodInvocationHelper.invokeMethod(MethodInvocationHelper.java:133)
at org.testng.internal.MethodInvocationHelper.invokeMethodConsideringTimeout(MethodInvocationHelper.java:62)
at org.testng.internal.ConfigInvoker.invokeConfigurationMethod(ConfigInvoker.java:385)
at org.testng.internal.ConfigInvoker.invokeConfigurations(ConfigInvoker.java:321)
at org.testng.internal.TestInvoker.runConfigMethods(TestInvoker.java:700)
at org.testng.internal.TestInvoker.invokeMethod(TestInvoker.java:527)
at org.testng.internal.TestInvoker.invokeTestMethod(TestInvoker.java:173)
at org.testng.internal.MethodRunner.runInSequence(MethodRunner.java:46)
at org.testng.internal.TestInvoker$MethodInvocationAgent.invoke(TestInvoker.java:824)
at org.testng.internal.TestInvoker.invokeTestMethods(TestInvoker.java:146)
at org.testng.internal.TestMethodWorker.invokeTestMethods(TestMethodWorker.java:146)
at org.testng.internal.TestMethodWorker.run(TestMethodWorker.java:128)
at java.base/java.util.ArrayList.forEach(ArrayList.java:1511)
at org.testng.TestRunner.privateRun(TestRunner.java:794)
at org.testng.TestRunner.run(TestRunner.java:596)
at org.testng.SuiteRunner.runTest(SuiteRunner.java:377)
at org.testng.SuiteRunner.runSequentially(SuiteRunner.java:371)
at org.testng.SuiteRunner.privateRun(SuiteRunner.java:332)
at org.testng.SuiteRunner.run(SuiteRunner.java:276)
at org.testng.SuiteRunnerWorker.runSuite(SuiteRunnerWorker.java:53)
at org.testng.SuiteRunnerWorker.run(SuiteRunnerWorker.java:96)
at org.testng.TestNG.runSuitesSequentially(TestNG.java:1212)
at org.testng.TestNG.runSuitesLocally(TestNG.java:1134)
at org.testng.TestNG.runSuites(TestNG.java:1063)
at org.testng.TestNG.run(TestNG.java:1031)
at org.testng.remote.AbstractRemoteTestNG.run(AbstractRemoteTestNG.java:115)
at org.testng.remote.RemoteTestNG.initAndRun(RemoteTestNG.java:251)
at org.testng.remote.RemoteTestNG.main(RemoteTestNG.java:77)
]]>
            </full-stacktrace>
          </exception> <!-- org.openqa.selenium.WebDriverException -->
          <reporter-output>
          </reporter-output>
        </test-method> <!-- previousBatchStartDate -->
        <test-method is-config="true" signature="openBrowser()[pri:0, instance:AutomationPractice.AutomationPractice@5bfa9431]" started-at="2023-02-28T15:29:54 IST" name="openBrowser" finished-at="1970-01-01T05:30:00 IST" duration-ms="-1677578394222" status="SKIP">
          <reporter-output>
          </reporter-output>
        </test-method> <!-- openBrowser -->
        <test-method signature="searchBatchInHindiLanguage()[pri:0, instance:AutomationPractice.AutomationPractice@5bfa9431]" started-at="2023-02-28T15:29:54 IST" name="searchBatchInHindiLanguage" finished-at="2023-02-28T15:29:54 IST" duration-ms="0" status="SKIP">
          <exception class="org.openqa.selenium.WebDriverException">
            <message>
              <![CDATA[unknown error: DevToolsActivePort file doesn't exist
Build info: version: '3.141.59', revision: 'e82be7d358', time: '2018-11-14T08:17:03'
System info: host: 'Someshs-MacBook-Air.local', ip: 'fe80:0:0:0:e3:c39b:9af1:6aa5%en0', os.name: 'Mac OS X', os.arch: 'x86_64', os.version: '13.0.1', java.version: '17.0.2'
Driver info: driver.version: ChromeDriver
remote stacktrace: 0   chromedriver                        0x000000010323f138 chromedriver + 4923704
1   chromedriver                        0x00000001031b79d3 chromedriver + 4368851
2   chromedriver                        0x0000000102e00787 chromedriver + 472967
3   chromedriver                        0x0000000102e30ed4 chromedriver + 671444
4   chromedriver                        0x0000000102e2cab2 chromedriver + 654002
5   chromedriver                        0x0000000102e29041 chromedriver + 639041
6   chromedriver                        0x0000000102e778a5 chromedriver + 960677
7   chromedriver                        0x0000000102e6dd23 chromedriver + 920867
8   chromedriver                        0x0000000102e34a4b chromedriver + 686667
9   chromedriver                        0x0000000102e36044 chromedriver + 692292
10  chromedriver                        0x000000010320a8fe chromedriver + 4708606
11  chromedriver                        0x000000010320fe22 chromedriver + 4730402
12  chromedriver                        0x00000001032186bf chromedriver + 4765375
13  chromedriver                        0x0000000103210e80 chromedriver + 4734592
14  chromedriver                        0x00000001031e1975 chromedriver + 4540789
15  chromedriver                        0x0000000103232e78 chromedriver + 4873848
16  chromedriver                        0x0000000103232ff5 chromedriver + 4874229
17  chromedriver                        0x00000001032476de chromedriver + 4957918
18  libsystem_pthread.dylib             0x00007ff81462b259 _pthread_start + 125
19  libsystem_pthread.dylib             0x00007ff814626c7b thread_start + 15
]]>
            </message>
            <full-stacktrace>
              <![CDATA[org.openqa.selenium.WebDriverException: unknown error: DevToolsActivePort file doesn't exist
Build info: version: '3.141.59', revision: 'e82be7d358', time: '2018-11-14T08:17:03'
System info: host: 'Someshs-MacBook-Air.local', ip: 'fe80:0:0:0:e3:c39b:9af1:6aa5%en0', os.name: 'Mac OS X', os.arch: 'x86_64', os.version: '13.0.1', java.version: '17.0.2'
Driver info: driver.version: ChromeDriver
remote stacktrace: 0   chromedriver                        0x000000010323f138 chromedriver + 4923704
1   chromedriver                        0x00000001031b79d3 chromedriver + 4368851
2   chromedriver                        0x0000000102e00787 chromedriver + 472967
3   chromedriver                        0x0000000102e30ed4 chromedriver + 671444
4   chromedriver                        0x0000000102e2cab2 chromedriver + 654002
5   chromedriver                        0x0000000102e29041 chromedriver + 639041
6   chromedriver                        0x0000000102e778a5 chromedriver + 960677
7   chromedriver                        0x0000000102e6dd23 chromedriver + 920867
8   chromedriver                        0x0000000102e34a4b chromedriver + 686667
9   chromedriver                        0x0000000102e36044 chromedriver + 692292
10  chromedriver                        0x000000010320a8fe chromedriver + 4708606
11  chromedriver                        0x000000010320fe22 chromedriver + 4730402
12  chromedriver                        0x00000001032186bf chromedriver + 4765375
13  chromedriver                        0x0000000103210e80 chromedriver + 4734592
14  chromedriver                        0x00000001031e1975 chromedriver + 4540789
15  chromedriver                        0x0000000103232e78 chromedriver + 4873848
16  chromedriver                        0x0000000103232ff5 chromedriver + 4874229
17  chromedriver                        0x00000001032476de chromedriver + 4957918
18  libsystem_pthread.dylib             0x00007ff81462b259 _pthread_start + 125
19  libsystem_pthread.dylib             0x00007ff814626c7b thread_start + 15

at java.base/jdk.internal.reflect.NativeConstructorAccessorImpl.newInstance0(Native Method)
at java.base/jdk.internal.reflect.NativeConstructorAccessorImpl.newInstance(NativeConstructorAccessorImpl.java:77)
at java.base/jdk.internal.reflect.DelegatingConstructorAccessorImpl.newInstance(DelegatingConstructorAccessorImpl.java:45)
at java.base/java.lang.reflect.Constructor.newInstanceWithCaller(Constructor.java:499)
at java.base/java.lang.reflect.Constructor.newInstance(Constructor.java:480)
at org.openqa.selenium.remote.W3CHandshakeResponse.lambda$errorHandler$0(W3CHandshakeResponse.java:62)
at org.openqa.selenium.remote.HandshakeResponse.lambda$getResponseFunction$0(HandshakeResponse.java:30)
at org.openqa.selenium.remote.ProtocolHandshake.lambda$createSession$0(ProtocolHandshake.java:126)
at java.base/java.util.stream.ReferencePipeline$3$1.accept(ReferencePipeline.java:197)
at java.base/java.util.Spliterators$ArraySpliterator.tryAdvance(Spliterators.java:1002)
at java.base/java.util.stream.ReferencePipeline.forEachWithCancel(ReferencePipeline.java:129)
at java.base/java.util.stream.AbstractPipeline.copyIntoWithCancel(AbstractPipeline.java:527)
at java.base/java.util.stream.AbstractPipeline.copyInto(AbstractPipeline.java:513)
at java.base/java.util.stream.AbstractPipeline.wrapAndCopyInto(AbstractPipeline.java:499)
at java.base/java.util.stream.FindOps$FindOp.evaluateSequential(FindOps.java:150)
at java.base/java.util.stream.AbstractPipeline.evaluate(AbstractPipeline.java:234)
at java.base/java.util.stream.ReferencePipeline.findFirst(ReferencePipeline.java:647)
at org.openqa.selenium.remote.ProtocolHandshake.createSession(ProtocolHandshake.java:128)
at org.openqa.selenium.remote.ProtocolHandshake.createSession(ProtocolHandshake.java:74)
at org.openqa.selenium.remote.HttpCommandExecutor.execute(HttpCommandExecutor.java:136)
at org.openqa.selenium.remote.service.DriverCommandExecutor.execute(DriverCommandExecutor.java:83)
at org.openqa.selenium.remote.RemoteWebDriver.execute(RemoteWebDriver.java:552)
at org.openqa.selenium.remote.RemoteWebDriver.startSession(RemoteWebDriver.java:213)
at org.openqa.selenium.remote.RemoteWebDriver.<init>(RemoteWebDriver.java:131)
at org.openqa.selenium.chrome.ChromeDriver.<init>(ChromeDriver.java:181)
at org.openqa.selenium.chrome.ChromeDriver.<init>(ChromeDriver.java:168)
at org.openqa.selenium.chrome.ChromeDriver.<init>(ChromeDriver.java:123)
at AutomationPractice.AutomationPractice.openBrowser(AutomationPractice.java:24)
at java.base/jdk.internal.reflect.NativeMethodAccessorImpl.invoke0(Native Method)
at java.base/jdk.internal.reflect.NativeMethodAccessorImpl.invoke(NativeMethodAccessorImpl.java:77)
at java.base/jdk.internal.reflect.DelegatingMethodAccessorImpl.invoke(DelegatingMethodAccessorImpl.java:43)
at java.base/java.lang.reflect.Method.invoke(Method.java:568)
at org.testng.internal.MethodInvocationHelper.invokeMethod(MethodInvocationHelper.java:133)
at org.testng.internal.MethodInvocationHelper.invokeMethodConsideringTimeout(MethodInvocationHelper.java:62)
at org.testng.internal.ConfigInvoker.invokeConfigurationMethod(ConfigInvoker.java:385)
at org.testng.internal.ConfigInvoker.invokeConfigurations(ConfigInvoker.java:321)
at org.testng.internal.TestInvoker.runConfigMethods(TestInvoker.java:700)
at org.testng.internal.TestInvoker.invokeMethod(TestInvoker.java:527)
at org.testng.internal.TestInvoker.invokeTestMethod(TestInvoker.java:173)
at org.testng.internal.MethodRunner.runInSequence(MethodRunner.java:46)
at org.testng.internal.TestInvoker$MethodInvocationAgent.invoke(TestInvoker.java:824)
at org.testng.internal.TestInvoker.invokeTestMethods(TestInvoker.java:146)
at org.testng.internal.TestMethodWorker.invokeTestMethods(TestMethodWorker.java:146)
at org.testng.internal.TestMethodWorker.run(TestMethodWorker.java:128)
at java.base/java.util.ArrayList.forEach(ArrayList.java:1511)
at org.testng.TestRunner.privateRun(TestRunner.java:794)
at org.testng.TestRunner.run(TestRunner.java:596)
at org.testng.SuiteRunner.runTest(SuiteRunner.java:377)
at org.testng.SuiteRunner.runSequentially(SuiteRunner.java:371)
at org.testng.SuiteRunner.privateRun(SuiteRunner.java:332)
at org.testng.SuiteRunner.run(SuiteRunner.java:276)
at org.testng.SuiteRunnerWorker.runSuite(SuiteRunnerWorker.java:53)
at org.testng.SuiteRunnerWorker.run(SuiteRunnerWorker.java:96)
at org.testng.TestNG.runSuitesSequentially(TestNG.java:1212)
at org.testng.TestNG.runSuitesLocally(TestNG.java:1134)
at org.testng.TestNG.runSuites(TestNG.java:1063)
at org.testng.TestNG.run(TestNG.java:1031)
at org.testng.remote.AbstractRemoteTestNG.run(AbstractRemoteTestNG.java:115)
at org.testng.remote.RemoteTestNG.initAndRun(RemoteTestNG.java:251)
at org.testng.remote.RemoteTestNG.main(RemoteTestNG.java:77)
]]>
            </full-stacktrace>
          </exception> <!-- org.openqa.selenium.WebDriverException -->
          <reporter-output>
          </reporter-output>
        </test-method> <!-- searchBatchInHindiLanguage -->
        <test-method is-config="true" signature="openBrowser()[pri:0, instance:AutomationPractice.AutomationPractice@5bfa9431]" started-at="2023-02-28T15:29:54 IST" name="openBrowser" finished-at="1970-01-01T05:30:00 IST" duration-ms="-1677578394225" status="SKIP">
          <reporter-output>
          </reporter-output>
        </test-method> <!-- openBrowser -->
        <test-method signature="searchBatchWithAlphabets()[pri:0, instance:AutomationPractice.AutomationPractice@5bfa9431]" started-at="2023-02-28T15:29:54 IST" name="searchBatchWithAlphabets" finished-at="2023-02-28T15:29:54 IST" duration-ms="0" status="SKIP">
          <exception class="org.openqa.selenium.WebDriverException">
            <message>
              <![CDATA[unknown error: DevToolsActivePort file doesn't exist
Build info: version: '3.141.59', revision: 'e82be7d358', time: '2018-11-14T08:17:03'
System info: host: 'Someshs-MacBook-Air.local', ip: 'fe80:0:0:0:e3:c39b:9af1:6aa5%en0', os.name: 'Mac OS X', os.arch: 'x86_64', os.version: '13.0.1', java.version: '17.0.2'
Driver info: driver.version: ChromeDriver
remote stacktrace: 0   chromedriver                        0x000000010323f138 chromedriver + 4923704
1   chromedriver                        0x00000001031b79d3 chromedriver + 4368851
2   chromedriver                        0x0000000102e00787 chromedriver + 472967
3   chromedriver                        0x0000000102e30ed4 chromedriver + 671444
4   chromedriver                        0x0000000102e2cab2 chromedriver + 654002
5   chromedriver                        0x0000000102e29041 chromedriver + 639041
6   chromedriver                        0x0000000102e778a5 chromedriver + 960677
7   chromedriver                        0x0000000102e6dd23 chromedriver + 920867
8   chromedriver                        0x0000000102e34a4b chromedriver + 686667
9   chromedriver                        0x0000000102e36044 chromedriver + 692292
10  chromedriver                        0x000000010320a8fe chromedriver + 4708606
11  chromedriver                        0x000000010320fe22 chromedriver + 4730402
12  chromedriver                        0x00000001032186bf chromedriver + 4765375
13  chromedriver                        0x0000000103210e80 chromedriver + 4734592
14  chromedriver                        0x00000001031e1975 chromedriver + 4540789
15  chromedriver                        0x0000000103232e78 chromedriver + 4873848
16  chromedriver                        0x0000000103232ff5 chromedriver + 4874229
17  chromedriver                        0x00000001032476de chromedriver + 4957918
18  libsystem_pthread.dylib             0x00007ff81462b259 _pthread_start + 125
19  libsystem_pthread.dylib             0x00007ff814626c7b thread_start + 15
]]>
            </message>
            <full-stacktrace>
              <![CDATA[org.openqa.selenium.WebDriverException: unknown error: DevToolsActivePort file doesn't exist
Build info: version: '3.141.59', revision: 'e82be7d358', time: '2018-11-14T08:17:03'
System info: host: 'Someshs-MacBook-Air.local', ip: 'fe80:0:0:0:e3:c39b:9af1:6aa5%en0', os.name: 'Mac OS X', os.arch: 'x86_64', os.version: '13.0.1', java.version: '17.0.2'
Driver info: driver.version: ChromeDriver
remote stacktrace: 0   chromedriver                        0x000000010323f138 chromedriver + 4923704
1   chromedriver                        0x00000001031b79d3 chromedriver + 4368851
2   chromedriver                        0x0000000102e00787 chromedriver + 472967
3   chromedriver                        0x0000000102e30ed4 chromedriver + 671444
4   chromedriver                        0x0000000102e2cab2 chromedriver + 654002
5   chromedriver                        0x0000000102e29041 chromedriver + 639041
6   chromedriver                        0x0000000102e778a5 chromedriver + 960677
7   chromedriver                        0x0000000102e6dd23 chromedriver + 920867
8   chromedriver                        0x0000000102e34a4b chromedriver + 686667
9   chromedriver                        0x0000000102e36044 chromedriver + 692292
10  chromedriver                        0x000000010320a8fe chromedriver + 4708606
11  chromedriver                        0x000000010320fe22 chromedriver + 4730402
12  chromedriver                        0x00000001032186bf chromedriver + 4765375
13  chromedriver                        0x0000000103210e80 chromedriver + 4734592
14  chromedriver                        0x00000001031e1975 chromedriver + 4540789
15  chromedriver                        0x0000000103232e78 chromedriver + 4873848
16  chromedriver                        0x0000000103232ff5 chromedriver + 4874229
17  chromedriver                        0x00000001032476de chromedriver + 4957918
18  libsystem_pthread.dylib             0x00007ff81462b259 _pthread_start + 125
19  libsystem_pthread.dylib             0x00007ff814626c7b thread_start + 15

at java.base/jdk.internal.reflect.NativeConstructorAccessorImpl.newInstance0(Native Method)
at java.base/jdk.internal.reflect.NativeConstructorAccessorImpl.newInstance(NativeConstructorAccessorImpl.java:77)
at java.base/jdk.internal.reflect.DelegatingConstructorAccessorImpl.newInstance(DelegatingConstructorAccessorImpl.java:45)
at java.base/java.lang.reflect.Constructor.newInstanceWithCaller(Constructor.java:499)
at java.base/java.lang.reflect.Constructor.newInstance(Constructor.java:480)
at org.openqa.selenium.remote.W3CHandshakeResponse.lambda$errorHandler$0(W3CHandshakeResponse.java:62)
at org.openqa.selenium.remote.HandshakeResponse.lambda$getResponseFunction$0(HandshakeResponse.java:30)
at org.openqa.selenium.remote.ProtocolHandshake.lambda$createSession$0(ProtocolHandshake.java:126)
at java.base/java.util.stream.ReferencePipeline$3$1.accept(ReferencePipeline.java:197)
at java.base/java.util.Spliterators$ArraySpliterator.tryAdvance(Spliterators.java:1002)
at java.base/java.util.stream.ReferencePipeline.forEachWithCancel(ReferencePipeline.java:129)
at java.base/java.util.stream.AbstractPipeline.copyIntoWithCancel(AbstractPipeline.java:527)
at java.base/java.util.stream.AbstractPipeline.copyInto(AbstractPipeline.java:513)
at java.base/java.util.stream.AbstractPipeline.wrapAndCopyInto(AbstractPipeline.java:499)
at java.base/java.util.stream.FindOps$FindOp.evaluateSequential(FindOps.java:150)
at java.base/java.util.stream.AbstractPipeline.evaluate(AbstractPipeline.java:234)
at java.base/java.util.stream.ReferencePipeline.findFirst(ReferencePipeline.java:647)
at org.openqa.selenium.remote.ProtocolHandshake.createSession(ProtocolHandshake.java:128)
at org.openqa.selenium.remote.ProtocolHandshake.createSession(ProtocolHandshake.java:74)
at org.openqa.selenium.remote.HttpCommandExecutor.execute(HttpCommandExecutor.java:136)
at org.openqa.selenium.remote.service.DriverCommandExecutor.execute(DriverCommandExecutor.java:83)
at org.openqa.selenium.remote.RemoteWebDriver.execute(RemoteWebDriver.java:552)
at org.openqa.selenium.remote.RemoteWebDriver.startSession(RemoteWebDriver.java:213)
at org.openqa.selenium.remote.RemoteWebDriver.<init>(RemoteWebDriver.java:131)
at org.openqa.selenium.chrome.ChromeDriver.<init>(ChromeDriver.java:181)
at org.openqa.selenium.chrome.ChromeDriver.<init>(ChromeDriver.java:168)
at org.openqa.selenium.chrome.ChromeDriver.<init>(ChromeDriver.java:123)
at AutomationPractice.AutomationPractice.openBrowser(AutomationPractice.java:24)
at java.base/jdk.internal.reflect.NativeMethodAccessorImpl.invoke0(Native Method)
at java.base/jdk.internal.reflect.NativeMethodAccessorImpl.invoke(NativeMethodAccessorImpl.java:77)
at java.base/jdk.internal.reflect.DelegatingMethodAccessorImpl.invoke(DelegatingMethodAccessorImpl.java:43)
at java.base/java.lang.reflect.Method.invoke(Method.java:568)
at org.testng.internal.MethodInvocationHelper.invokeMethod(MethodInvocationHelper.java:133)
at org.testng.internal.MethodInvocationHelper.invokeMethodConsideringTimeout(MethodInvocationHelper.java:62)
at org.testng.internal.ConfigInvoker.invokeConfigurationMethod(ConfigInvoker.java:385)
at org.testng.internal.ConfigInvoker.invokeConfigurations(ConfigInvoker.java:321)
at org.testng.internal.TestInvoker.runConfigMethods(TestInvoker.java:700)
at org.testng.internal.TestInvoker.invokeMethod(TestInvoker.java:527)
at org.testng.internal.TestInvoker.invokeTestMethod(TestInvoker.java:173)
at org.testng.internal.MethodRunner.runInSequence(MethodRunner.java:46)
at org.testng.internal.TestInvoker$MethodInvocationAgent.invoke(TestInvoker.java:824)
at org.testng.internal.TestInvoker.invokeTestMethods(TestInvoker.java:146)
at org.testng.internal.TestMethodWorker.invokeTestMethods(TestMethodWorker.java:146)
at org.testng.internal.TestMethodWorker.run(TestMethodWorker.java:128)
at java.base/java.util.ArrayList.forEach(ArrayList.java:1511)
at org.testng.TestRunner.privateRun(TestRunner.java:794)
at org.testng.TestRunner.run(TestRunner.java:596)
at org.testng.SuiteRunner.runTest(SuiteRunner.java:377)
at org.testng.SuiteRunner.runSequentially(SuiteRunner.java:371)
at org.testng.SuiteRunner.privateRun(SuiteRunner.java:332)
at org.testng.SuiteRunner.run(SuiteRunner.java:276)
at org.testng.SuiteRunnerWorker.runSuite(SuiteRunnerWorker.java:53)
at org.testng.SuiteRunnerWorker.run(SuiteRunnerWorker.java:96)
at org.testng.TestNG.runSuitesSequentially(TestNG.java:1212)
at org.testng.TestNG.runSuitesLocally(TestNG.java:1134)
at org.testng.TestNG.runSuites(TestNG.java:1063)
at org.testng.TestNG.run(TestNG.java:1031)
at org.testng.remote.AbstractRemoteTestNG.run(AbstractRemoteTestNG.java:115)
at org.testng.remote.RemoteTestNG.initAndRun(RemoteTestNG.java:251)
at org.testng.remote.RemoteTestNG.main(RemoteTestNG.java:77)
]]>
            </full-stacktrace>
          </exception> <!-- org.openqa.selenium.WebDriverException -->
          <reporter-output>
          </reporter-output>
        </test-method> <!-- searchBatchWithAlphabets -->
        <test-method is-config="true" signature="openBrowser()[pri:0, instance:AutomationPractice.AutomationPractice@5bfa9431]" started-at="2023-02-28T15:29:54 IST" name="openBrowser" finished-at="1970-01-01T05:30:00 IST" duration-ms="-1677578394228" status="SKIP">
          <reporter-output>
          </reporter-output>
        </test-method> <!-- openBrowser -->
        <test-method signature="searchBatchWithDigits()[pri:0, instance:AutomationPractice.AutomationPractice@5bfa9431]" started-at="2023-02-28T15:29:54 IST" name="searchBatchWithDigits" finished-at="2023-02-28T15:29:54 IST" duration-ms="0" status="SKIP">
          <exception class="org.openqa.selenium.WebDriverException">
            <message>
              <![CDATA[unknown error: DevToolsActivePort file doesn't exist
Build info: version: '3.141.59', revision: 'e82be7d358', time: '2018-11-14T08:17:03'
System info: host: 'Someshs-MacBook-Air.local', ip: 'fe80:0:0:0:e3:c39b:9af1:6aa5%en0', os.name: 'Mac OS X', os.arch: 'x86_64', os.version: '13.0.1', java.version: '17.0.2'
Driver info: driver.version: ChromeDriver
remote stacktrace: 0   chromedriver                        0x000000010323f138 chromedriver + 4923704
1   chromedriver                        0x00000001031b79d3 chromedriver + 4368851
2   chromedriver                        0x0000000102e00787 chromedriver + 472967
3   chromedriver                        0x0000000102e30ed4 chromedriver + 671444
4   chromedriver                        0x0000000102e2cab2 chromedriver + 654002
5   chromedriver                        0x0000000102e29041 chromedriver + 639041
6   chromedriver                        0x0000000102e778a5 chromedriver + 960677
7   chromedriver                        0x0000000102e6dd23 chromedriver + 920867
8   chromedriver                        0x0000000102e34a4b chromedriver + 686667
9   chromedriver                        0x0000000102e36044 chromedriver + 692292
10  chromedriver                        0x000000010320a8fe chromedriver + 4708606
11  chromedriver                        0x000000010320fe22 chromedriver + 4730402
12  chromedriver                        0x00000001032186bf chromedriver + 4765375
13  chromedriver                        0x0000000103210e80 chromedriver + 4734592
14  chromedriver                        0x00000001031e1975 chromedriver + 4540789
15  chromedriver                        0x0000000103232e78 chromedriver + 4873848
16  chromedriver                        0x0000000103232ff5 chromedriver + 4874229
17  chromedriver                        0x00000001032476de chromedriver + 4957918
18  libsystem_pthread.dylib             0x00007ff81462b259 _pthread_start + 125
19  libsystem_pthread.dylib             0x00007ff814626c7b thread_start + 15
]]>
            </message>
            <full-stacktrace>
              <![CDATA[org.openqa.selenium.WebDriverException: unknown error: DevToolsActivePort file doesn't exist
Build info: version: '3.141.59', revision: 'e82be7d358', time: '2018-11-14T08:17:03'
System info: host: 'Someshs-MacBook-Air.local', ip: 'fe80:0:0:0:e3:c39b:9af1:6aa5%en0', os.name: 'Mac OS X', os.arch: 'x86_64', os.version: '13.0.1', java.version: '17.0.2'
Driver info: driver.version: ChromeDriver
remote stacktrace: 0   chromedriver                        0x000000010323f138 chromedriver + 4923704
1   chromedriver                        0x00000001031b79d3 chromedriver + 4368851
2   chromedriver                        0x0000000102e00787 chromedriver + 472967
3   chromedriver                        0x0000000102e30ed4 chromedriver + 671444
4   chromedriver                        0x0000000102e2cab2 chromedriver + 654002
5   chromedriver                        0x0000000102e29041 chromedriver + 639041
6   chromedriver                        0x0000000102e778a5 chromedriver + 960677
7   chromedriver                        0x0000000102e6dd23 chromedriver + 920867
8   chromedriver                        0x0000000102e34a4b chromedriver + 686667
9   chromedriver                        0x0000000102e36044 chromedriver + 692292
10  chromedriver                        0x000000010320a8fe chromedriver + 4708606
11  chromedriver                        0x000000010320fe22 chromedriver + 4730402
12  chromedriver                        0x00000001032186bf chromedriver + 4765375
13  chromedriver                        0x0000000103210e80 chromedriver + 4734592
14  chromedriver                        0x00000001031e1975 chromedriver + 4540789
15  chromedriver                        0x0000000103232e78 chromedriver + 4873848
16  chromedriver                        0x0000000103232ff5 chromedriver + 4874229
17  chromedriver                        0x00000001032476de chromedriver + 4957918
18  libsystem_pthread.dylib             0x00007ff81462b259 _pthread_start + 125
19  libsystem_pthread.dylib             0x00007ff814626c7b thread_start + 15

at java.base/jdk.internal.reflect.NativeConstructorAccessorImpl.newInstance0(Native Method)
at java.base/jdk.internal.reflect.NativeConstructorAccessorImpl.newInstance(NativeConstructorAccessorImpl.java:77)
at java.base/jdk.internal.reflect.DelegatingConstructorAccessorImpl.newInstance(DelegatingConstructorAccessorImpl.java:45)
at java.base/java.lang.reflect.Constructor.newInstanceWithCaller(Constructor.java:499)
at java.base/java.lang.reflect.Constructor.newInstance(Constructor.java:480)
at org.openqa.selenium.remote.W3CHandshakeResponse.lambda$errorHandler$0(W3CHandshakeResponse.java:62)
at org.openqa.selenium.remote.HandshakeResponse.lambda$getResponseFunction$0(HandshakeResponse.java:30)
at org.openqa.selenium.remote.ProtocolHandshake.lambda$createSession$0(ProtocolHandshake.java:126)
at java.base/java.util.stream.ReferencePipeline$3$1.accept(ReferencePipeline.java:197)
at java.base/java.util.Spliterators$ArraySpliterator.tryAdvance(Spliterators.java:1002)
at java.base/java.util.stream.ReferencePipeline.forEachWithCancel(ReferencePipeline.java:129)
at java.base/java.util.stream.AbstractPipeline.copyIntoWithCancel(AbstractPipeline.java:527)
at java.base/java.util.stream.AbstractPipeline.copyInto(AbstractPipeline.java:513)
at java.base/java.util.stream.AbstractPipeline.wrapAndCopyInto(AbstractPipeline.java:499)
at java.base/java.util.stream.FindOps$FindOp.evaluateSequential(FindOps.java:150)
at java.base/java.util.stream.AbstractPipeline.evaluate(AbstractPipeline.java:234)
at java.base/java.util.stream.ReferencePipeline.findFirst(ReferencePipeline.java:647)
at org.openqa.selenium.remote.ProtocolHandshake.createSession(ProtocolHandshake.java:128)
at org.openqa.selenium.remote.ProtocolHandshake.createSession(ProtocolHandshake.java:74)
at org.openqa.selenium.remote.HttpCommandExecutor.execute(HttpCommandExecutor.java:136)
at org.openqa.selenium.remote.service.DriverCommandExecutor.execute(DriverCommandExecutor.java:83)
at org.openqa.selenium.remote.RemoteWebDriver.execute(RemoteWebDriver.java:552)
at org.openqa.selenium.remote.RemoteWebDriver.startSession(RemoteWebDriver.java:213)
at org.openqa.selenium.remote.RemoteWebDriver.<init>(RemoteWebDriver.java:131)
at org.openqa.selenium.chrome.ChromeDriver.<init>(ChromeDriver.java:181)
at org.openqa.selenium.chrome.ChromeDriver.<init>(ChromeDriver.java:168)
at org.openqa.selenium.chrome.ChromeDriver.<init>(ChromeDriver.java:123)
at AutomationPractice.AutomationPractice.openBrowser(AutomationPractice.java:24)
at java.base/jdk.internal.reflect.NativeMethodAccessorImpl.invoke0(Native Method)
at java.base/jdk.internal.reflect.NativeMethodAccessorImpl.invoke(NativeMethodAccessorImpl.java:77)
at java.base/jdk.internal.reflect.DelegatingMethodAccessorImpl.invoke(DelegatingMethodAccessorImpl.java:43)
at java.base/java.lang.reflect.Method.invoke(Method.java:568)
at org.testng.internal.MethodInvocationHelper.invokeMethod(MethodInvocationHelper.java:133)
at org.testng.internal.MethodInvocationHelper.invokeMethodConsideringTimeout(MethodInvocationHelper.java:62)
at org.testng.internal.ConfigInvoker.invokeConfigurationMethod(ConfigInvoker.java:385)
at org.testng.internal.ConfigInvoker.invokeConfigurations(ConfigInvoker.java:321)
at org.testng.internal.TestInvoker.runConfigMethods(TestInvoker.java:700)
at org.testng.internal.TestInvoker.invokeMethod(TestInvoker.java:527)
at org.testng.internal.TestInvoker.invokeTestMethod(TestInvoker.java:173)
at org.testng.internal.MethodRunner.runInSequence(MethodRunner.java:46)
at org.testng.internal.TestInvoker$MethodInvocationAgent.invoke(TestInvoker.java:824)
at org.testng.internal.TestInvoker.invokeTestMethods(TestInvoker.java:146)
at org.testng.internal.TestMethodWorker.invokeTestMethods(TestMethodWorker.java:146)
at org.testng.internal.TestMethodWorker.run(TestMethodWorker.java:128)
at java.base/java.util.ArrayList.forEach(ArrayList.java:1511)
at org.testng.TestRunner.privateRun(TestRunner.java:794)
at org.testng.TestRunner.run(TestRunner.java:596)
at org.testng.SuiteRunner.runTest(SuiteRunner.java:377)
at org.testng.SuiteRunner.runSequentially(SuiteRunner.java:371)
at org.testng.SuiteRunner.privateRun(SuiteRunner.java:332)
at org.testng.SuiteRunner.run(SuiteRunner.java:276)
at org.testng.SuiteRunnerWorker.runSuite(SuiteRunnerWorker.java:53)
at org.testng.SuiteRunnerWorker.run(SuiteRunnerWorker.java:96)
at org.testng.TestNG.runSuitesSequentially(TestNG.java:1212)
at org.testng.TestNG.runSuitesLocally(TestNG.java:1134)
at org.testng.TestNG.runSuites(TestNG.java:1063)
at org.testng.TestNG.run(TestNG.java:1031)
at org.testng.remote.AbstractRemoteTestNG.run(AbstractRemoteTestNG.java:115)
at org.testng.remote.RemoteTestNG.initAndRun(RemoteTestNG.java:251)
at org.testng.remote.RemoteTestNG.main(RemoteTestNG.java:77)
]]>
            </full-stacktrace>
          </exception> <!-- org.openqa.selenium.WebDriverException -->
          <reporter-output>
          </reporter-output>
        </test-method> <!-- searchBatchWithDigits -->
        <test-method is-config="true" signature="openBrowser()[pri:0, instance:AutomationPractice.AutomationPractice@5bfa9431]" started-at="2023-02-28T15:29:54 IST" name="openBrowser" finished-at="1970-01-01T05:30:00 IST" duration-ms="-1677578394232" status="SKIP">
          <reporter-output>
          </reporter-output>
        </test-method> <!-- openBrowser -->
        <test-method signature="searchBatchWithSpecialCharacters()[pri:0, instance:AutomationPractice.AutomationPractice@5bfa9431]" started-at="2023-02-28T15:29:54 IST" name="searchBatchWithSpecialCharacters" finished-at="2023-02-28T15:29:54 IST" duration-ms="0" status="SKIP">
          <exception class="org.openqa.selenium.WebDriverException">
            <message>
              <![CDATA[unknown error: DevToolsActivePort file doesn't exist
Build info: version: '3.141.59', revision: 'e82be7d358', time: '2018-11-14T08:17:03'
System info: host: 'Someshs-MacBook-Air.local', ip: 'fe80:0:0:0:e3:c39b:9af1:6aa5%en0', os.name: 'Mac OS X', os.arch: 'x86_64', os.version: '13.0.1', java.version: '17.0.2'
Driver info: driver.version: ChromeDriver
remote stacktrace: 0   chromedriver                        0x000000010323f138 chromedriver + 4923704
1   chromedriver                        0x00000001031b79d3 chromedriver + 4368851
2   chromedriver                        0x0000000102e00787 chromedriver + 472967
3   chromedriver                        0x0000000102e30ed4 chromedriver + 671444
4   chromedriver                        0x0000000102e2cab2 chromedriver + 654002
5   chromedriver                        0x0000000102e29041 chromedriver + 639041
6   chromedriver                        0x0000000102e778a5 chromedriver + 960677
7   chromedriver                        0x0000000102e6dd23 chromedriver + 920867
8   chromedriver                        0x0000000102e34a4b chromedriver + 686667
9   chromedriver                        0x0000000102e36044 chromedriver + 692292
10  chromedriver                        0x000000010320a8fe chromedriver + 4708606
11  chromedriver                        0x000000010320fe22 chromedriver + 4730402
12  chromedriver                        0x00000001032186bf chromedriver + 4765375
13  chromedriver                        0x0000000103210e80 chromedriver + 4734592
14  chromedriver                        0x00000001031e1975 chromedriver + 4540789
15  chromedriver                        0x0000000103232e78 chromedriver + 4873848
16  chromedriver                        0x0000000103232ff5 chromedriver + 4874229
17  chromedriver                        0x00000001032476de chromedriver + 4957918
18  libsystem_pthread.dylib             0x00007ff81462b259 _pthread_start + 125
19  libsystem_pthread.dylib             0x00007ff814626c7b thread_start + 15
]]>
            </message>
            <full-stacktrace>
              <![CDATA[org.openqa.selenium.WebDriverException: unknown error: DevToolsActivePort file doesn't exist
Build info: version: '3.141.59', revision: 'e82be7d358', time: '2018-11-14T08:17:03'
System info: host: 'Someshs-MacBook-Air.local', ip: 'fe80:0:0:0:e3:c39b:9af1:6aa5%en0', os.name: 'Mac OS X', os.arch: 'x86_64', os.version: '13.0.1', java.version: '17.0.2'
Driver info: driver.version: ChromeDriver
remote stacktrace: 0   chromedriver                        0x000000010323f138 chromedriver + 4923704
1   chromedriver                        0x00000001031b79d3 chromedriver + 4368851
2   chromedriver                        0x0000000102e00787 chromedriver + 472967
3   chromedriver                        0x0000000102e30ed4 chromedriver + 671444
4   chromedriver                        0x0000000102e2cab2 chromedriver + 654002
5   chromedriver                        0x0000000102e29041 chromedriver + 639041
6   chromedriver                        0x0000000102e778a5 chromedriver + 960677
7   chromedriver                        0x0000000102e6dd23 chromedriver + 920867
8   chromedriver                        0x0000000102e34a4b chromedriver + 686667
9   chromedriver                        0x0000000102e36044 chromedriver + 692292
10  chromedriver                        0x000000010320a8fe chromedriver + 4708606
11  chromedriver                        0x000000010320fe22 chromedriver + 4730402
12  chromedriver                        0x00000001032186bf chromedriver + 4765375
13  chromedriver                        0x0000000103210e80 chromedriver + 4734592
14  chromedriver                        0x00000001031e1975 chromedriver + 4540789
15  chromedriver                        0x0000000103232e78 chromedriver + 4873848
16  chromedriver                        0x0000000103232ff5 chromedriver + 4874229
17  chromedriver                        0x00000001032476de chromedriver + 4957918
18  libsystem_pthread.dylib             0x00007ff81462b259 _pthread_start + 125
19  libsystem_pthread.dylib             0x00007ff814626c7b thread_start + 15

at java.base/jdk.internal.reflect.NativeConstructorAccessorImpl.newInstance0(Native Method)
at java.base/jdk.internal.reflect.NativeConstructorAccessorImpl.newInstance(NativeConstructorAccessorImpl.java:77)
at java.base/jdk.internal.reflect.DelegatingConstructorAccessorImpl.newInstance(DelegatingConstructorAccessorImpl.java:45)
at java.base/java.lang.reflect.Constructor.newInstanceWithCaller(Constructor.java:499)
at java.base/java.lang.reflect.Constructor.newInstance(Constructor.java:480)
at org.openqa.selenium.remote.W3CHandshakeResponse.lambda$errorHandler$0(W3CHandshakeResponse.java:62)
at org.openqa.selenium.remote.HandshakeResponse.lambda$getResponseFunction$0(HandshakeResponse.java:30)
at org.openqa.selenium.remote.ProtocolHandshake.lambda$createSession$0(ProtocolHandshake.java:126)
at java.base/java.util.stream.ReferencePipeline$3$1.accept(ReferencePipeline.java:197)
at java.base/java.util.Spliterators$ArraySpliterator.tryAdvance(Spliterators.java:1002)
at java.base/java.util.stream.ReferencePipeline.forEachWithCancel(ReferencePipeline.java:129)
at java.base/java.util.stream.AbstractPipeline.copyIntoWithCancel(AbstractPipeline.java:527)
at java.base/java.util.stream.AbstractPipeline.copyInto(AbstractPipeline.java:513)
at java.base/java.util.stream.AbstractPipeline.wrapAndCopyInto(AbstractPipeline.java:499)
at java.base/java.util.stream.FindOps$FindOp.evaluateSequential(FindOps.java:150)
at java.base/java.util.stream.AbstractPipeline.evaluate(AbstractPipeline.java:234)
at java.base/java.util.stream.ReferencePipeline.findFirst(ReferencePipeline.java:647)
at org.openqa.selenium.remote.ProtocolHandshake.createSession(ProtocolHandshake.java:128)
at org.openqa.selenium.remote.ProtocolHandshake.createSession(ProtocolHandshake.java:74)
at org.openqa.selenium.remote.HttpCommandExecutor.execute(HttpCommandExecutor.java:136)
at org.openqa.selenium.remote.service.DriverCommandExecutor.execute(DriverCommandExecutor.java:83)
at org.openqa.selenium.remote.RemoteWebDriver.execute(RemoteWebDriver.java:552)
at org.openqa.selenium.remote.RemoteWebDriver.startSession(RemoteWebDriver.java:213)
at org.openqa.selenium.remote.RemoteWebDriver.<init>(RemoteWebDriver.java:131)
at org.openqa.selenium.chrome.ChromeDriver.<init>(ChromeDriver.java:181)
at org.openqa.selenium.chrome.ChromeDriver.<init>(ChromeDriver.java:168)
at org.openqa.selenium.chrome.ChromeDriver.<init>(ChromeDriver.java:123)
at AutomationPractice.AutomationPractice.openBrowser(AutomationPractice.java:24)
at java.base/jdk.internal.reflect.NativeMethodAccessorImpl.invoke0(Native Method)
at java.base/jdk.internal.reflect.NativeMethodAccessorImpl.invoke(NativeMethodAccessorImpl.java:77)
at java.base/jdk.internal.reflect.DelegatingMethodAccessorImpl.invoke(DelegatingMethodAccessorImpl.java:43)
at java.base/java.lang.reflect.Method.invoke(Method.java:568)
at org.testng.internal.MethodInvocationHelper.invokeMethod(MethodInvocationHelper.java:133)
at org.testng.internal.MethodInvocationHelper.invokeMethodConsideringTimeout(MethodInvocationHelper.java:62)
at org.testng.internal.ConfigInvoker.invokeConfigurationMethod(ConfigInvoker.java:385)
at org.testng.internal.ConfigInvoker.invokeConfigurations(ConfigInvoker.java:321)
at org.testng.internal.TestInvoker.runConfigMethods(TestInvoker.java:700)
at org.testng.internal.TestInvoker.invokeMethod(TestInvoker.java:527)
at org.testng.internal.TestInvoker.invokeTestMethod(TestInvoker.java:173)
at org.testng.internal.MethodRunner.runInSequence(MethodRunner.java:46)
at org.testng.internal.TestInvoker$MethodInvocationAgent.invoke(TestInvoker.java:824)
at org.testng.internal.TestInvoker.invokeTestMethods(TestInvoker.java:146)
at org.testng.internal.TestMethodWorker.invokeTestMethods(TestMethodWorker.java:146)
at org.testng.internal.TestMethodWorker.run(TestMethodWorker.java:128)
at java.base/java.util.ArrayList.forEach(ArrayList.java:1511)
at org.testng.TestRunner.privateRun(TestRunner.java:794)
at org.testng.TestRunner.run(TestRunner.java:596)
at org.testng.SuiteRunner.runTest(SuiteRunner.java:377)
at org.testng.SuiteRunner.runSequentially(SuiteRunner.java:371)
at org.testng.SuiteRunner.privateRun(SuiteRunner.java:332)
at org.testng.SuiteRunner.run(SuiteRunner.java:276)
at org.testng.SuiteRunnerWorker.runSuite(SuiteRunnerWorker.java:53)
at org.testng.SuiteRunnerWorker.run(SuiteRunnerWorker.java:96)
at org.testng.TestNG.runSuitesSequentially(TestNG.java:1212)
at org.testng.TestNG.runSuitesLocally(TestNG.java:1134)
at org.testng.TestNG.runSuites(TestNG.java:1063)
at org.testng.TestNG.run(TestNG.java:1031)
at org.testng.remote.AbstractRemoteTestNG.run(AbstractRemoteTestNG.java:115)
at org.testng.remote.RemoteTestNG.initAndRun(RemoteTestNG.java:251)
at org.testng.remote.RemoteTestNG.main(RemoteTestNG.java:77)
]]>
            </full-stacktrace>
          </exception> <!-- org.openqa.selenium.WebDriverException -->
          <reporter-output>
          </reporter-output>
        </test-method> <!-- searchBatchWithSpecialCharacters -->
        <test-method is-config="true" signature="openBrowser()[pri:0, instance:AutomationPractice.AutomationPractice@5bfa9431]" started-at="2023-02-28T15:29:54 IST" name="openBrowser" finished-at="1970-01-01T05:30:00 IST" duration-ms="-1677578394239" status="SKIP">
          <reporter-output>
          </reporter-output>
        </test-method> <!-- openBrowser -->
        <test-method signature="searchBatchWithWlphanumeric()[pri:0, instance:AutomationPractice.AutomationPractice@5bfa9431]" started-at="2023-02-28T15:29:54 IST" name="searchBatchWithWlphanumeric" finished-at="2023-02-28T15:29:54 IST" duration-ms="0" status="SKIP">
          <exception class="org.openqa.selenium.WebDriverException">
            <message>
              <![CDATA[unknown error: DevToolsActivePort file doesn't exist
Build info: version: '3.141.59', revision: 'e82be7d358', time: '2018-11-14T08:17:03'
System info: host: 'Someshs-MacBook-Air.local', ip: 'fe80:0:0:0:e3:c39b:9af1:6aa5%en0', os.name: 'Mac OS X', os.arch: 'x86_64', os.version: '13.0.1', java.version: '17.0.2'
Driver info: driver.version: ChromeDriver
remote stacktrace: 0   chromedriver                        0x000000010323f138 chromedriver + 4923704
1   chromedriver                        0x00000001031b79d3 chromedriver + 4368851
2   chromedriver                        0x0000000102e00787 chromedriver + 472967
3   chromedriver                        0x0000000102e30ed4 chromedriver + 671444
4   chromedriver                        0x0000000102e2cab2 chromedriver + 654002
5   chromedriver                        0x0000000102e29041 chromedriver + 639041
6   chromedriver                        0x0000000102e778a5 chromedriver + 960677
7   chromedriver                        0x0000000102e6dd23 chromedriver + 920867
8   chromedriver                        0x0000000102e34a4b chromedriver + 686667
9   chromedriver                        0x0000000102e36044 chromedriver + 692292
10  chromedriver                        0x000000010320a8fe chromedriver + 4708606
11  chromedriver                        0x000000010320fe22 chromedriver + 4730402
12  chromedriver                        0x00000001032186bf chromedriver + 4765375
13  chromedriver                        0x0000000103210e80 chromedriver + 4734592
14  chromedriver                        0x00000001031e1975 chromedriver + 4540789
15  chromedriver                        0x0000000103232e78 chromedriver + 4873848
16  chromedriver                        0x0000000103232ff5 chromedriver + 4874229
17  chromedriver                        0x00000001032476de chromedriver + 4957918
18  libsystem_pthread.dylib             0x00007ff81462b259 _pthread_start + 125
19  libsystem_pthread.dylib             0x00007ff814626c7b thread_start + 15
]]>
            </message>
            <full-stacktrace>
              <![CDATA[org.openqa.selenium.WebDriverException: unknown error: DevToolsActivePort file doesn't exist
Build info: version: '3.141.59', revision: 'e82be7d358', time: '2018-11-14T08:17:03'
System info: host: 'Someshs-MacBook-Air.local', ip: 'fe80:0:0:0:e3:c39b:9af1:6aa5%en0', os.name: 'Mac OS X', os.arch: 'x86_64', os.version: '13.0.1', java.version: '17.0.2'
Driver info: driver.version: ChromeDriver
remote stacktrace: 0   chromedriver                        0x000000010323f138 chromedriver + 4923704
1   chromedriver                        0x00000001031b79d3 chromedriver + 4368851
2   chromedriver                        0x0000000102e00787 chromedriver + 472967
3   chromedriver                        0x0000000102e30ed4 chromedriver + 671444
4   chromedriver                        0x0000000102e2cab2 chromedriver + 654002
5   chromedriver                        0x0000000102e29041 chromedriver + 639041
6   chromedriver                        0x0000000102e778a5 chromedriver + 960677
7   chromedriver                        0x0000000102e6dd23 chromedriver + 920867
8   chromedriver                        0x0000000102e34a4b chromedriver + 686667
9   chromedriver                        0x0000000102e36044 chromedriver + 692292
10  chromedriver                        0x000000010320a8fe chromedriver + 4708606
11  chromedriver                        0x000000010320fe22 chromedriver + 4730402
12  chromedriver                        0x00000001032186bf chromedriver + 4765375
13  chromedriver                        0x0000000103210e80 chromedriver + 4734592
14  chromedriver                        0x00000001031e1975 chromedriver + 4540789
15  chromedriver                        0x0000000103232e78 chromedriver + 4873848
16  chromedriver                        0x0000000103232ff5 chromedriver + 4874229
17  chromedriver                        0x00000001032476de chromedriver + 4957918
18  libsystem_pthread.dylib             0x00007ff81462b259 _pthread_start + 125
19  libsystem_pthread.dylib             0x00007ff814626c7b thread_start + 15

at java.base/jdk.internal.reflect.NativeConstructorAccessorImpl.newInstance0(Native Method)
at java.base/jdk.internal.reflect.NativeConstructorAccessorImpl.newInstance(NativeConstructorAccessorImpl.java:77)
at java.base/jdk.internal.reflect.DelegatingConstructorAccessorImpl.newInstance(DelegatingConstructorAccessorImpl.java:45)
at java.base/java.lang.reflect.Constructor.newInstanceWithCaller(Constructor.java:499)
at java.base/java.lang.reflect.Constructor.newInstance(Constructor.java:480)
at org.openqa.selenium.remote.W3CHandshakeResponse.lambda$errorHandler$0(W3CHandshakeResponse.java:62)
at org.openqa.selenium.remote.HandshakeResponse.lambda$getResponseFunction$0(HandshakeResponse.java:30)
at org.openqa.selenium.remote.ProtocolHandshake.lambda$createSession$0(ProtocolHandshake.java:126)
at java.base/java.util.stream.ReferencePipeline$3$1.accept(ReferencePipeline.java:197)
at java.base/java.util.Spliterators$ArraySpliterator.tryAdvance(Spliterators.java:1002)
at java.base/java.util.stream.ReferencePipeline.forEachWithCancel(ReferencePipeline.java:129)
at java.base/java.util.stream.AbstractPipeline.copyIntoWithCancel(AbstractPipeline.java:527)
at java.base/java.util.stream.AbstractPipeline.copyInto(AbstractPipeline.java:513)
at java.base/java.util.stream.AbstractPipeline.wrapAndCopyInto(AbstractPipeline.java:499)
at java.base/java.util.stream.FindOps$FindOp.evaluateSequential(FindOps.java:150)
at java.base/java.util.stream.AbstractPipeline.evaluate(AbstractPipeline.java:234)
at java.base/java.util.stream.ReferencePipeline.findFirst(ReferencePipeline.java:647)
at org.openqa.selenium.remote.ProtocolHandshake.createSession(ProtocolHandshake.java:128)
at org.openqa.selenium.remote.ProtocolHandshake.createSession(ProtocolHandshake.java:74)
at org.openqa.selenium.remote.HttpCommandExecutor.execute(HttpCommandExecutor.java:136)
at org.openqa.selenium.remote.service.DriverCommandExecutor.execute(DriverCommandExecutor.java:83)
at org.openqa.selenium.remote.RemoteWebDriver.execute(RemoteWebDriver.java:552)
at org.openqa.selenium.remote.RemoteWebDriver.startSession(RemoteWebDriver.java:213)
at org.openqa.selenium.remote.RemoteWebDriver.<init>(RemoteWebDriver.java:131)
at org.openqa.selenium.chrome.ChromeDriver.<init>(ChromeDriver.java:181)
at org.openqa.selenium.chrome.ChromeDriver.<init>(ChromeDriver.java:168)
at org.openqa.selenium.chrome.ChromeDriver.<init>(ChromeDriver.java:123)
at AutomationPractice.AutomationPractice.openBrowser(AutomationPractice.java:24)
at java.base/jdk.internal.reflect.NativeMethodAccessorImpl.invoke0(Native Method)
at java.base/jdk.internal.reflect.NativeMethodAccessorImpl.invoke(NativeMethodAccessorImpl.java:77)
at java.base/jdk.internal.reflect.DelegatingMethodAccessorImpl.invoke(DelegatingMethodAccessorImpl.java:43)
at java.base/java.lang.reflect.Method.invoke(Method.java:568)
at org.testng.internal.MethodInvocationHelper.invokeMethod(MethodInvocationHelper.java:133)
at org.testng.internal.MethodInvocationHelper.invokeMethodConsideringTimeout(MethodInvocationHelper.java:62)
at org.testng.internal.ConfigInvoker.invokeConfigurationMethod(ConfigInvoker.java:385)
at org.testng.internal.ConfigInvoker.invokeConfigurations(ConfigInvoker.java:321)
at org.testng.internal.TestInvoker.runConfigMethods(TestInvoker.java:700)
at org.testng.internal.TestInvoker.invokeMethod(TestInvoker.java:527)
at org.testng.internal.TestInvoker.invokeTestMethod(TestInvoker.java:173)
at org.testng.internal.MethodRunner.runInSequence(MethodRunner.java:46)
at org.testng.internal.TestInvoker$MethodInvocationAgent.invoke(TestInvoker.java:824)
at org.testng.internal.TestInvoker.invokeTestMethods(TestInvoker.java:146)
at org.testng.internal.TestMethodWorker.invokeTestMethods(TestMethodWorker.java:146)
at org.testng.internal.TestMethodWorker.run(TestMethodWorker.java:128)
at java.base/java.util.ArrayList.forEach(ArrayList.java:1511)
at org.testng.TestRunner.privateRun(TestRunner.java:794)
at org.testng.TestRunner.run(TestRunner.java:596)
at org.testng.SuiteRunner.runTest(SuiteRunner.java:377)
at org.testng.SuiteRunner.runSequentially(SuiteRunner.java:371)
at org.testng.SuiteRunner.privateRun(SuiteRunner.java:332)
at org.testng.SuiteRunner.run(SuiteRunner.java:276)
at org.testng.SuiteRunnerWorker.runSuite(SuiteRunnerWorker.java:53)
at org.testng.SuiteRunnerWorker.run(SuiteRunnerWorker.java:96)
at org.testng.TestNG.runSuitesSequentially(TestNG.java:1212)
at org.testng.TestNG.runSuitesLocally(TestNG.java:1134)
at org.testng.TestNG.runSuites(TestNG.java:1063)
at org.testng.TestNG.run(TestNG.java:1031)
at org.testng.remote.AbstractRemoteTestNG.run(AbstractRemoteTestNG.java:115)
at org.testng.remote.RemoteTestNG.initAndRun(RemoteTestNG.java:251)
at org.testng.remote.RemoteTestNG.main(RemoteTestNG.java:77)
]]>
            </full-stacktrace>
          </exception> <!-- org.openqa.selenium.WebDriverException -->
          <reporter-output>
          </reporter-output>
        </test-method> <!-- searchBatchWithWlphanumeric -->
        <test-method is-config="true" signature="openBrowser()[pri:0, instance:AutomationPractice.AutomationPractice@5bfa9431]" started-at="2023-02-28T15:29:54 IST" name="openBrowser" finished-at="1970-01-01T05:30:00 IST" duration-ms="-1677578394243" status="SKIP">
          <reporter-output>
          </reporter-output>
        </test-method> <!-- openBrowser -->
        <test-method signature="sortUsingBatchName()[pri:0, instance:AutomationPractice.AutomationPractice@5bfa9431]" started-at="2023-02-28T15:29:54 IST" name="sortUsingBatchName" finished-at="2023-02-28T15:29:54 IST" duration-ms="0" status="SKIP">
          <exception class="org.openqa.selenium.WebDriverException">
            <message>
              <![CDATA[unknown error: DevToolsActivePort file doesn't exist
Build info: version: '3.141.59', revision: 'e82be7d358', time: '2018-11-14T08:17:03'
System info: host: 'Someshs-MacBook-Air.local', ip: 'fe80:0:0:0:e3:c39b:9af1:6aa5%en0', os.name: 'Mac OS X', os.arch: 'x86_64', os.version: '13.0.1', java.version: '17.0.2'
Driver info: driver.version: ChromeDriver
remote stacktrace: 0   chromedriver                        0x000000010323f138 chromedriver + 4923704
1   chromedriver                        0x00000001031b79d3 chromedriver + 4368851
2   chromedriver                        0x0000000102e00787 chromedriver + 472967
3   chromedriver                        0x0000000102e30ed4 chromedriver + 671444
4   chromedriver                        0x0000000102e2cab2 chromedriver + 654002
5   chromedriver                        0x0000000102e29041 chromedriver + 639041
6   chromedriver                        0x0000000102e778a5 chromedriver + 960677
7   chromedriver                        0x0000000102e6dd23 chromedriver + 920867
8   chromedriver                        0x0000000102e34a4b chromedriver + 686667
9   chromedriver                        0x0000000102e36044 chromedriver + 692292
10  chromedriver                        0x000000010320a8fe chromedriver + 4708606
11  chromedriver                        0x000000010320fe22 chromedriver + 4730402
12  chromedriver                        0x00000001032186bf chromedriver + 4765375
13  chromedriver                        0x0000000103210e80 chromedriver + 4734592
14  chromedriver                        0x00000001031e1975 chromedriver + 4540789
15  chromedriver                        0x0000000103232e78 chromedriver + 4873848
16  chromedriver                        0x0000000103232ff5 chromedriver + 4874229
17  chromedriver                        0x00000001032476de chromedriver + 4957918
18  libsystem_pthread.dylib             0x00007ff81462b259 _pthread_start + 125
19  libsystem_pthread.dylib             0x00007ff814626c7b thread_start + 15
]]>
            </message>
            <full-stacktrace>
              <![CDATA[org.openqa.selenium.WebDriverException: unknown error: DevToolsActivePort file doesn't exist
Build info: version: '3.141.59', revision: 'e82be7d358', time: '2018-11-14T08:17:03'
System info: host: 'Someshs-MacBook-Air.local', ip: 'fe80:0:0:0:e3:c39b:9af1:6aa5%en0', os.name: 'Mac OS X', os.arch: 'x86_64', os.version: '13.0.1', java.version: '17.0.2'
Driver info: driver.version: ChromeDriver
remote stacktrace: 0   chromedriver                        0x000000010323f138 chromedriver + 4923704
1   chromedriver                        0x00000001031b79d3 chromedriver + 4368851
2   chromedriver                        0x0000000102e00787 chromedriver + 472967
3   chromedriver                        0x0000000102e30ed4 chromedriver + 671444
4   chromedriver                        0x0000000102e2cab2 chromedriver + 654002
5   chromedriver                        0x0000000102e29041 chromedriver + 639041
6   chromedriver                        0x0000000102e778a5 chromedriver + 960677
7   chromedriver                        0x0000000102e6dd23 chromedriver + 920867
8   chromedriver                        0x0000000102e34a4b chromedriver + 686667
9   chromedriver                        0x0000000102e36044 chromedriver + 692292
10  chromedriver                        0x000000010320a8fe chromedriver + 4708606
11  chromedriver                        0x000000010320fe22 chromedriver + 4730402
12  chromedriver                        0x00000001032186bf chromedriver + 4765375
13  chromedriver                        0x0000000103210e80 chromedriver + 4734592
14  chromedriver                        0x00000001031e1975 chromedriver + 4540789
15  chromedriver                        0x0000000103232e78 chromedriver + 4873848
16  chromedriver                        0x0000000103232ff5 chromedriver + 4874229
17  chromedriver                        0x00000001032476de chromedriver + 4957918
18  libsystem_pthread.dylib             0x00007ff81462b259 _pthread_start + 125
19  libsystem_pthread.dylib             0x00007ff814626c7b thread_start + 15

at java.base/jdk.internal.reflect.NativeConstructorAccessorImpl.newInstance0(Native Method)
at java.base/jdk.internal.reflect.NativeConstructorAccessorImpl.newInstance(NativeConstructorAccessorImpl.java:77)
at java.base/jdk.internal.reflect.DelegatingConstructorAccessorImpl.newInstance(DelegatingConstructorAccessorImpl.java:45)
at java.base/java.lang.reflect.Constructor.newInstanceWithCaller(Constructor.java:499)
at java.base/java.lang.reflect.Constructor.newInstance(Constructor.java:480)
at org.openqa.selenium.remote.W3CHandshakeResponse.lambda$errorHandler$0(W3CHandshakeResponse.java:62)
at org.openqa.selenium.remote.HandshakeResponse.lambda$getResponseFunction$0(HandshakeResponse.java:30)
at org.openqa.selenium.remote.ProtocolHandshake.lambda$createSession$0(ProtocolHandshake.java:126)
at java.base/java.util.stream.ReferencePipeline$3$1.accept(ReferencePipeline.java:197)
at java.base/java.util.Spliterators$ArraySpliterator.tryAdvance(Spliterators.java:1002)
at java.base/java.util.stream.ReferencePipeline.forEachWithCancel(ReferencePipeline.java:129)
at java.base/java.util.stream.AbstractPipeline.copyIntoWithCancel(AbstractPipeline.java:527)
at java.base/java.util.stream.AbstractPipeline.copyInto(AbstractPipeline.java:513)
at java.base/java.util.stream.AbstractPipeline.wrapAndCopyInto(AbstractPipeline.java:499)
at java.base/java.util.stream.FindOps$FindOp.evaluateSequential(FindOps.java:150)
at java.base/java.util.stream.AbstractPipeline.evaluate(AbstractPipeline.java:234)
at java.base/java.util.stream.ReferencePipeline.findFirst(ReferencePipeline.java:647)
at org.openqa.selenium.remote.ProtocolHandshake.createSession(ProtocolHandshake.java:128)
at org.openqa.selenium.remote.ProtocolHandshake.createSession(ProtocolHandshake.java:74)
at org.openqa.selenium.remote.HttpCommandExecutor.execute(HttpCommandExecutor.java:136)
at org.openqa.selenium.remote.service.DriverCommandExecutor.execute(DriverCommandExecutor.java:83)
at org.openqa.selenium.remote.RemoteWebDriver.execute(RemoteWebDriver.java:552)
at org.openqa.selenium.remote.RemoteWebDriver.startSession(RemoteWebDriver.java:213)
at org.openqa.selenium.remote.RemoteWebDriver.<init>(RemoteWebDriver.java:131)
at org.openqa.selenium.chrome.ChromeDriver.<init>(ChromeDriver.java:181)
at org.openqa.selenium.chrome.ChromeDriver.<init>(ChromeDriver.java:168)
at org.openqa.selenium.chrome.ChromeDriver.<init>(ChromeDriver.java:123)
at AutomationPractice.AutomationPractice.openBrowser(AutomationPractice.java:24)
at java.base/jdk.internal.reflect.NativeMethodAccessorImpl.invoke0(Native Method)
at java.base/jdk.internal.reflect.NativeMethodAccessorImpl.invoke(NativeMethodAccessorImpl.java:77)
at java.base/jdk.internal.reflect.DelegatingMethodAccessorImpl.invoke(DelegatingMethodAccessorImpl.java:43)
at java.base/java.lang.reflect.Method.invoke(Method.java:568)
at org.testng.internal.MethodInvocationHelper.invokeMethod(MethodInvocationHelper.java:133)
at org.testng.internal.MethodInvocationHelper.invokeMethodConsideringTimeout(MethodInvocationHelper.java:62)
at org.testng.internal.ConfigInvoker.invokeConfigurationMethod(ConfigInvoker.java:385)
at org.testng.internal.ConfigInvoker.invokeConfigurations(ConfigInvoker.java:321)
at org.testng.internal.TestInvoker.runConfigMethods(TestInvoker.java:700)
at org.testng.internal.TestInvoker.invokeMethod(TestInvoker.java:527)
at org.testng.internal.TestInvoker.invokeTestMethod(TestInvoker.java:173)
at org.testng.internal.MethodRunner.runInSequence(MethodRunner.java:46)
at org.testng.internal.TestInvoker$MethodInvocationAgent.invoke(TestInvoker.java:824)
at org.testng.internal.TestInvoker.invokeTestMethods(TestInvoker.java:146)
at org.testng.internal.TestMethodWorker.invokeTestMethods(TestMethodWorker.java:146)
at org.testng.internal.TestMethodWorker.run(TestMethodWorker.java:128)
at java.base/java.util.ArrayList.forEach(ArrayList.java:1511)
at org.testng.TestRunner.privateRun(TestRunner.java:794)
at org.testng.TestRunner.run(TestRunner.java:596)
at org.testng.SuiteRunner.runTest(SuiteRunner.java:377)
at org.testng.SuiteRunner.runSequentially(SuiteRunner.java:371)
at org.testng.SuiteRunner.privateRun(SuiteRunner.java:332)
at org.testng.SuiteRunner.run(SuiteRunner.java:276)
at org.testng.SuiteRunnerWorker.runSuite(SuiteRunnerWorker.java:53)
at org.testng.SuiteRunnerWorker.run(SuiteRunnerWorker.java:96)
at org.testng.TestNG.runSuitesSequentially(TestNG.java:1212)
at org.testng.TestNG.runSuitesLocally(TestNG.java:1134)
at org.testng.TestNG.runSuites(TestNG.java:1063)
at org.testng.TestNG.run(TestNG.java:1031)
at org.testng.remote.AbstractRemoteTestNG.run(AbstractRemoteTestNG.java:115)
at org.testng.remote.RemoteTestNG.initAndRun(RemoteTestNG.java:251)
at org.testng.remote.RemoteTestNG.main(RemoteTestNG.java:77)
]]>
            </full-stacktrace>
          </exception> <!-- org.openqa.selenium.WebDriverException -->
          <reporter-output>
          </reporter-output>
        </test-method> <!-- sortUsingBatchName -->
        <test-method is-config="true" signature="openBrowser()[pri:0, instance:AutomationPractice.AutomationPractice@5bfa9431]" started-at="2023-02-28T15:29:54 IST" name="openBrowser" finished-at="1970-01-01T05:30:00 IST" duration-ms="-1677578394246" status="SKIP">
          <reporter-output>
          </reporter-output>
        </test-method> <!-- openBrowser -->
        <test-method signature="sortUsingRecentlyCreated()[pri:0, instance:AutomationPractice.AutomationPractice@5bfa9431]" started-at="2023-02-28T15:29:54 IST" name="sortUsingRecentlyCreated" finished-at="2023-02-28T15:29:54 IST" duration-ms="0" status="SKIP">
          <exception class="org.openqa.selenium.WebDriverException">
            <message>
              <![CDATA[unknown error: DevToolsActivePort file doesn't exist
Build info: version: '3.141.59', revision: 'e82be7d358', time: '2018-11-14T08:17:03'
System info: host: 'Someshs-MacBook-Air.local', ip: 'fe80:0:0:0:e3:c39b:9af1:6aa5%en0', os.name: 'Mac OS X', os.arch: 'x86_64', os.version: '13.0.1', java.version: '17.0.2'
Driver info: driver.version: ChromeDriver
remote stacktrace: 0   chromedriver                        0x000000010323f138 chromedriver + 4923704
1   chromedriver                        0x00000001031b79d3 chromedriver + 4368851
2   chromedriver                        0x0000000102e00787 chromedriver + 472967
3   chromedriver                        0x0000000102e30ed4 chromedriver + 671444
4   chromedriver                        0x0000000102e2cab2 chromedriver + 654002
5   chromedriver                        0x0000000102e29041 chromedriver + 639041
6   chromedriver                        0x0000000102e778a5 chromedriver + 960677
7   chromedriver                        0x0000000102e6dd23 chromedriver + 920867
8   chromedriver                        0x0000000102e34a4b chromedriver + 686667
9   chromedriver                        0x0000000102e36044 chromedriver + 692292
10  chromedriver                        0x000000010320a8fe chromedriver + 4708606
11  chromedriver                        0x000000010320fe22 chromedriver + 4730402
12  chromedriver                        0x00000001032186bf chromedriver + 4765375
13  chromedriver                        0x0000000103210e80 chromedriver + 4734592
14  chromedriver                        0x00000001031e1975 chromedriver + 4540789
15  chromedriver                        0x0000000103232e78 chromedriver + 4873848
16  chromedriver                        0x0000000103232ff5 chromedriver + 4874229
17  chromedriver                        0x00000001032476de chromedriver + 4957918
18  libsystem_pthread.dylib             0x00007ff81462b259 _pthread_start + 125
19  libsystem_pthread.dylib             0x00007ff814626c7b thread_start + 15
]]>
            </message>
            <full-stacktrace>
              <![CDATA[org.openqa.selenium.WebDriverException: unknown error: DevToolsActivePort file doesn't exist
Build info: version: '3.141.59', revision: 'e82be7d358', time: '2018-11-14T08:17:03'
System info: host: 'Someshs-MacBook-Air.local', ip: 'fe80:0:0:0:e3:c39b:9af1:6aa5%en0', os.name: 'Mac OS X', os.arch: 'x86_64', os.version: '13.0.1', java.version: '17.0.2'
Driver info: driver.version: ChromeDriver
remote stacktrace: 0   chromedriver                        0x000000010323f138 chromedriver + 4923704
1   chromedriver                        0x00000001031b79d3 chromedriver + 4368851
2   chromedriver                        0x0000000102e00787 chromedriver + 472967
3   chromedriver                        0x0000000102e30ed4 chromedriver + 671444
4   chromedriver                        0x0000000102e2cab2 chromedriver + 654002
5   chromedriver                        0x0000000102e29041 chromedriver + 639041
6   chromedriver                        0x0000000102e778a5 chromedriver + 960677
7   chromedriver                        0x0000000102e6dd23 chromedriver + 920867
8   chromedriver                        0x0000000102e34a4b chromedriver + 686667
9   chromedriver                        0x0000000102e36044 chromedriver + 692292
10  chromedriver                        0x000000010320a8fe chromedriver + 4708606
11  chromedriver                        0x000000010320fe22 chromedriver + 4730402
12  chromedriver                        0x00000001032186bf chromedriver + 4765375
13  chromedriver                        0x0000000103210e80 chromedriver + 4734592
14  chromedriver                        0x00000001031e1975 chromedriver + 4540789
15  chromedriver                        0x0000000103232e78 chromedriver + 4873848
16  chromedriver                        0x0000000103232ff5 chromedriver + 4874229
17  chromedriver                        0x00000001032476de chromedriver + 4957918
18  libsystem_pthread.dylib             0x00007ff81462b259 _pthread_start + 125
19  libsystem_pthread.dylib             0x00007ff814626c7b thread_start + 15

at java.base/jdk.internal.reflect.NativeConstructorAccessorImpl.newInstance0(Native Method)
at java.base/jdk.internal.reflect.NativeConstructorAccessorImpl.newInstance(NativeConstructorAccessorImpl.java:77)
at java.base/jdk.internal.reflect.DelegatingConstructorAccessorImpl.newInstance(DelegatingConstructorAccessorImpl.java:45)
at java.base/java.lang.reflect.Constructor.newInstanceWithCaller(Constructor.java:499)
at java.base/java.lang.reflect.Constructor.newInstance(Constructor.java:480)
at org.openqa.selenium.remote.W3CHandshakeResponse.lambda$errorHandler$0(W3CHandshakeResponse.java:62)
at org.openqa.selenium.remote.HandshakeResponse.lambda$getResponseFunction$0(HandshakeResponse.java:30)
at org.openqa.selenium.remote.ProtocolHandshake.lambda$createSession$0(ProtocolHandshake.java:126)
at java.base/java.util.stream.ReferencePipeline$3$1.accept(ReferencePipeline.java:197)
at java.base/java.util.Spliterators$ArraySpliterator.tryAdvance(Spliterators.java:1002)
at java.base/java.util.stream.ReferencePipeline.forEachWithCancel(ReferencePipeline.java:129)
at java.base/java.util.stream.AbstractPipeline.copyIntoWithCancel(AbstractPipeline.java:527)
at java.base/java.util.stream.AbstractPipeline.copyInto(AbstractPipeline.java:513)
at java.base/java.util.stream.AbstractPipeline.wrapAndCopyInto(AbstractPipeline.java:499)
at java.base/java.util.stream.FindOps$FindOp.evaluateSequential(FindOps.java:150)
at java.base/java.util.stream.AbstractPipeline.evaluate(AbstractPipeline.java:234)
at java.base/java.util.stream.ReferencePipeline.findFirst(ReferencePipeline.java:647)
at org.openqa.selenium.remote.ProtocolHandshake.createSession(ProtocolHandshake.java:128)
at org.openqa.selenium.remote.ProtocolHandshake.createSession(ProtocolHandshake.java:74)
at org.openqa.selenium.remote.HttpCommandExecutor.execute(HttpCommandExecutor.java:136)
at org.openqa.selenium.remote.service.DriverCommandExecutor.execute(DriverCommandExecutor.java:83)
at org.openqa.selenium.remote.RemoteWebDriver.execute(RemoteWebDriver.java:552)
at org.openqa.selenium.remote.RemoteWebDriver.startSession(RemoteWebDriver.java:213)
at org.openqa.selenium.remote.RemoteWebDriver.<init>(RemoteWebDriver.java:131)
at org.openqa.selenium.chrome.ChromeDriver.<init>(ChromeDriver.java:181)
at org.openqa.selenium.chrome.ChromeDriver.<init>(ChromeDriver.java:168)
at org.openqa.selenium.chrome.ChromeDriver.<init>(ChromeDriver.java:123)
at AutomationPractice.AutomationPractice.openBrowser(AutomationPractice.java:24)
at java.base/jdk.internal.reflect.NativeMethodAccessorImpl.invoke0(Native Method)
at java.base/jdk.internal.reflect.NativeMethodAccessorImpl.invoke(NativeMethodAccessorImpl.java:77)
at java.base/jdk.internal.reflect.DelegatingMethodAccessorImpl.invoke(DelegatingMethodAccessorImpl.java:43)
at java.base/java.lang.reflect.Method.invoke(Method.java:568)
at org.testng.internal.MethodInvocationHelper.invokeMethod(MethodInvocationHelper.java:133)
at org.testng.internal.MethodInvocationHelper.invokeMethodConsideringTimeout(MethodInvocationHelper.java:62)
at org.testng.internal.ConfigInvoker.invokeConfigurationMethod(ConfigInvoker.java:385)
at org.testng.internal.ConfigInvoker.invokeConfigurations(ConfigInvoker.java:321)
at org.testng.internal.TestInvoker.runConfigMethods(TestInvoker.java:700)
at org.testng.internal.TestInvoker.invokeMethod(TestInvoker.java:527)
at org.testng.internal.TestInvoker.invokeTestMethod(TestInvoker.java:173)
at org.testng.internal.MethodRunner.runInSequence(MethodRunner.java:46)
at org.testng.internal.TestInvoker$MethodInvocationAgent.invoke(TestInvoker.java:824)
at org.testng.internal.TestInvoker.invokeTestMethods(TestInvoker.java:146)
at org.testng.internal.TestMethodWorker.invokeTestMethods(TestMethodWorker.java:146)
at org.testng.internal.TestMethodWorker.run(TestMethodWorker.java:128)
at java.base/java.util.ArrayList.forEach(ArrayList.java:1511)
at org.testng.TestRunner.privateRun(TestRunner.java:794)
at org.testng.TestRunner.run(TestRunner.java:596)
at org.testng.SuiteRunner.runTest(SuiteRunner.java:377)
at org.testng.SuiteRunner.runSequentially(SuiteRunner.java:371)
at org.testng.SuiteRunner.privateRun(SuiteRunner.java:332)
at org.testng.SuiteRunner.run(SuiteRunner.java:276)
at org.testng.SuiteRunnerWorker.runSuite(SuiteRunnerWorker.java:53)
at org.testng.SuiteRunnerWorker.run(SuiteRunnerWorker.java:96)
at org.testng.TestNG.runSuitesSequentially(TestNG.java:1212)
at org.testng.TestNG.runSuitesLocally(TestNG.java:1134)
at org.testng.TestNG.runSuites(TestNG.java:1063)
at org.testng.TestNG.run(TestNG.java:1031)
at org.testng.remote.AbstractRemoteTestNG.run(AbstractRemoteTestNG.java:115)
at org.testng.remote.RemoteTestNG.initAndRun(RemoteTestNG.java:251)
at org.testng.remote.RemoteTestNG.main(RemoteTestNG.java:77)
]]>
            </full-stacktrace>
          </exception> <!-- org.openqa.selenium.WebDriverException -->
          <reporter-output>
          </reporter-output>
        </test-method> <!-- sortUsingRecentlyCreated -->
        <test-method is-config="true" signature="openBrowser()[pri:0, instance:AutomationPractice.AutomationPractice@5bfa9431]" started-at="2023-02-28T15:29:54 IST" name="openBrowser" finished-at="1970-01-01T05:30:00 IST" duration-ms="-1677578394248" status="SKIP">
          <reporter-output>
          </reporter-output>
        </test-method> <!-- openBrowser -->
        <test-method signature="verifybatchCount()[pri:0, instance:AutomationPractice.AutomationPractice@5bfa9431]" started-at="2023-02-28T15:29:54 IST" name="verifybatchCount" finished-at="2023-02-28T15:29:54 IST" duration-ms="0" status="SKIP">
          <exception class="org.openqa.selenium.WebDriverException">
            <message>
              <![CDATA[unknown error: DevToolsActivePort file doesn't exist
Build info: version: '3.141.59', revision: 'e82be7d358', time: '2018-11-14T08:17:03'
System info: host: 'Someshs-MacBook-Air.local', ip: 'fe80:0:0:0:e3:c39b:9af1:6aa5%en0', os.name: 'Mac OS X', os.arch: 'x86_64', os.version: '13.0.1', java.version: '17.0.2'
Driver info: driver.version: ChromeDriver
remote stacktrace: 0   chromedriver                        0x000000010323f138 chromedriver + 4923704
1   chromedriver                        0x00000001031b79d3 chromedriver + 4368851
2   chromedriver                        0x0000000102e00787 chromedriver + 472967
3   chromedriver                        0x0000000102e30ed4 chromedriver + 671444
4   chromedriver                        0x0000000102e2cab2 chromedriver + 654002
5   chromedriver                        0x0000000102e29041 chromedriver + 639041
6   chromedriver                        0x0000000102e778a5 chromedriver + 960677
7   chromedriver                        0x0000000102e6dd23 chromedriver + 920867
8   chromedriver                        0x0000000102e34a4b chromedriver + 686667
9   chromedriver                        0x0000000102e36044 chromedriver + 692292
10  chromedriver                        0x000000010320a8fe chromedriver + 4708606
11  chromedriver                        0x000000010320fe22 chromedriver + 4730402
12  chromedriver                        0x00000001032186bf chromedriver + 4765375
13  chromedriver                        0x0000000103210e80 chromedriver + 4734592
14  chromedriver                        0x00000001031e1975 chromedriver + 4540789
15  chromedriver                        0x0000000103232e78 chromedriver + 4873848
16  chromedriver                        0x0000000103232ff5 chromedriver + 4874229
17  chromedriver                        0x00000001032476de chromedriver + 4957918
18  libsystem_pthread.dylib             0x00007ff81462b259 _pthread_start + 125
19  libsystem_pthread.dylib             0x00007ff814626c7b thread_start + 15
]]>
            </message>
            <full-stacktrace>
              <![CDATA[org.openqa.selenium.WebDriverException: unknown error: DevToolsActivePort file doesn't exist
Build info: version: '3.141.59', revision: 'e82be7d358', time: '2018-11-14T08:17:03'
System info: host: 'Someshs-MacBook-Air.local', ip: 'fe80:0:0:0:e3:c39b:9af1:6aa5%en0', os.name: 'Mac OS X', os.arch: 'x86_64', os.version: '13.0.1', java.version: '17.0.2'
Driver info: driver.version: ChromeDriver
remote stacktrace: 0   chromedriver                        0x000000010323f138 chromedriver + 4923704
1   chromedriver                        0x00000001031b79d3 chromedriver + 4368851
2   chromedriver                        0x0000000102e00787 chromedriver + 472967
3   chromedriver                        0x0000000102e30ed4 chromedriver + 671444
4   chromedriver                        0x0000000102e2cab2 chromedriver + 654002
5   chromedriver                        0x0000000102e29041 chromedriver + 639041
6   chromedriver                        0x0000000102e778a5 chromedriver + 960677
7   chromedriver                        0x0000000102e6dd23 chromedriver + 920867
8   chromedriver                        0x0000000102e34a4b chromedriver + 686667
9   chromedriver                        0x0000000102e36044 chromedriver + 692292
10  chromedriver                        0x000000010320a8fe chromedriver + 4708606
11  chromedriver                        0x000000010320fe22 chromedriver + 4730402
12  chromedriver                        0x00000001032186bf chromedriver + 4765375
13  chromedriver                        0x0000000103210e80 chromedriver + 4734592
14  chromedriver                        0x00000001031e1975 chromedriver + 4540789
15  chromedriver                        0x0000000103232e78 chromedriver + 4873848
16  chromedriver                        0x0000000103232ff5 chromedriver + 4874229
17  chromedriver                        0x00000001032476de chromedriver + 4957918
18  libsystem_pthread.dylib             0x00007ff81462b259 _pthread_start + 125
19  libsystem_pthread.dylib             0x00007ff814626c7b thread_start + 15

at java.base/jdk.internal.reflect.NativeConstructorAccessorImpl.newInstance0(Native Method)
at java.base/jdk.internal.reflect.NativeConstructorAccessorImpl.newInstance(NativeConstructorAccessorImpl.java:77)
at java.base/jdk.internal.reflect.DelegatingConstructorAccessorImpl.newInstance(DelegatingConstructorAccessorImpl.java:45)
at java.base/java.lang.reflect.Constructor.newInstanceWithCaller(Constructor.java:499)
at java.base/java.lang.reflect.Constructor.newInstance(Constructor.java:480)
at org.openqa.selenium.remote.W3CHandshakeResponse.lambda$errorHandler$0(W3CHandshakeResponse.java:62)
at org.openqa.selenium.remote.HandshakeResponse.lambda$getResponseFunction$0(HandshakeResponse.java:30)
at org.openqa.selenium.remote.ProtocolHandshake.lambda$createSession$0(ProtocolHandshake.java:126)
at java.base/java.util.stream.ReferencePipeline$3$1.accept(ReferencePipeline.java:197)
at java.base/java.util.Spliterators$ArraySpliterator.tryAdvance(Spliterators.java:1002)
at java.base/java.util.stream.ReferencePipeline.forEachWithCancel(ReferencePipeline.java:129)
at java.base/java.util.stream.AbstractPipeline.copyIntoWithCancel(AbstractPipeline.java:527)
at java.base/java.util.stream.AbstractPipeline.copyInto(AbstractPipeline.java:513)
at java.base/java.util.stream.AbstractPipeline.wrapAndCopyInto(AbstractPipeline.java:499)
at java.base/java.util.stream.FindOps$FindOp.evaluateSequential(FindOps.java:150)
at java.base/java.util.stream.AbstractPipeline.evaluate(AbstractPipeline.java:234)
at java.base/java.util.stream.ReferencePipeline.findFirst(ReferencePipeline.java:647)
at org.openqa.selenium.remote.ProtocolHandshake.createSession(ProtocolHandshake.java:128)
at org.openqa.selenium.remote.ProtocolHandshake.createSession(ProtocolHandshake.java:74)
at org.openqa.selenium.remote.HttpCommandExecutor.execute(HttpCommandExecutor.java:136)
at org.openqa.selenium.remote.service.DriverCommandExecutor.execute(DriverCommandExecutor.java:83)
at org.openqa.selenium.remote.RemoteWebDriver.execute(RemoteWebDriver.java:552)
at org.openqa.selenium.remote.RemoteWebDriver.startSession(RemoteWebDriver.java:213)
at org.openqa.selenium.remote.RemoteWebDriver.<init>(RemoteWebDriver.java:131)
at org.openqa.selenium.chrome.ChromeDriver.<init>(ChromeDriver.java:181)
at org.openqa.selenium.chrome.ChromeDriver.<init>(ChromeDriver.java:168)
at org.openqa.selenium.chrome.ChromeDriver.<init>(ChromeDriver.java:123)
at AutomationPractice.AutomationPractice.openBrowser(AutomationPractice.java:24)
at java.base/jdk.internal.reflect.NativeMethodAccessorImpl.invoke0(Native Method)
at java.base/jdk.internal.reflect.NativeMethodAccessorImpl.invoke(NativeMethodAccessorImpl.java:77)
at java.base/jdk.internal.reflect.DelegatingMethodAccessorImpl.invoke(DelegatingMethodAccessorImpl.java:43)
at java.base/java.lang.reflect.Method.invoke(Method.java:568)
at org.testng.internal.MethodInvocationHelper.invokeMethod(MethodInvocationHelper.java:133)
at org.testng.internal.MethodInvocationHelper.invokeMethodConsideringTimeout(MethodInvocationHelper.java:62)
at org.testng.internal.ConfigInvoker.invokeConfigurationMethod(ConfigInvoker.java:385)
at org.testng.internal.ConfigInvoker.invokeConfigurations(ConfigInvoker.java:321)
at org.testng.internal.TestInvoker.runConfigMethods(TestInvoker.java:700)
at org.testng.internal.TestInvoker.invokeMethod(TestInvoker.java:527)
at org.testng.internal.TestInvoker.invokeTestMethod(TestInvoker.java:173)
at org.testng.internal.MethodRunner.runInSequence(MethodRunner.java:46)
at org.testng.internal.TestInvoker$MethodInvocationAgent.invoke(TestInvoker.java:824)
at org.testng.internal.TestInvoker.invokeTestMethods(TestInvoker.java:146)
at org.testng.internal.TestMethodWorker.invokeTestMethods(TestMethodWorker.java:146)
at org.testng.internal.TestMethodWorker.run(TestMethodWorker.java:128)
at java.base/java.util.ArrayList.forEach(ArrayList.java:1511)
at org.testng.TestRunner.privateRun(TestRunner.java:794)
at org.testng.TestRunner.run(TestRunner.java:596)
at org.testng.SuiteRunner.runTest(SuiteRunner.java:377)
at org.testng.SuiteRunner.runSequentially(SuiteRunner.java:371)
at org.testng.SuiteRunner.privateRun(SuiteRunner.java:332)
at org.testng.SuiteRunner.run(SuiteRunner.java:276)
at org.testng.SuiteRunnerWorker.runSuite(SuiteRunnerWorker.java:53)
at org.testng.SuiteRunnerWorker.run(SuiteRunnerWorker.java:96)
at org.testng.TestNG.runSuitesSequentially(TestNG.java:1212)
at org.testng.TestNG.runSuitesLocally(TestNG.java:1134)
at org.testng.TestNG.runSuites(TestNG.java:1063)
at org.testng.TestNG.run(TestNG.java:1031)
at org.testng.remote.AbstractRemoteTestNG.run(AbstractRemoteTestNG.java:115)
at org.testng.remote.RemoteTestNG.initAndRun(RemoteTestNG.java:251)
at org.testng.remote.RemoteTestNG.main(RemoteTestNG.java:77)
]]>
            </full-stacktrace>
          </exception> <!-- org.openqa.selenium.WebDriverException -->
          <reporter-output>
          </reporter-output>
        </test-method> <!-- verifybatchCount -->
        <test-method is-config="true" signature="openBrowser()[pri:0, instance:AutomationPractice.AutomationPractice@5bfa9431]" started-at="2023-02-28T15:29:54 IST" name="openBrowser" finished-at="1970-01-01T05:30:00 IST" duration-ms="-1677578394251" status="SKIP">
          <reporter-output>
          </reporter-output>
        </test-method> <!-- openBrowser -->
        <test-method signature="zeroBatchesFound()[pri:0, instance:AutomationPractice.AutomationPractice@5bfa9431]" started-at="2023-02-28T15:29:54 IST" name="zeroBatchesFound" finished-at="2023-02-28T15:29:54 IST" duration-ms="0" status="SKIP">
          <exception class="org.openqa.selenium.WebDriverException">
            <message>
              <![CDATA[unknown error: DevToolsActivePort file doesn't exist
Build info: version: '3.141.59', revision: 'e82be7d358', time: '2018-11-14T08:17:03'
System info: host: 'Someshs-MacBook-Air.local', ip: 'fe80:0:0:0:e3:c39b:9af1:6aa5%en0', os.name: 'Mac OS X', os.arch: 'x86_64', os.version: '13.0.1', java.version: '17.0.2'
Driver info: driver.version: ChromeDriver
remote stacktrace: 0   chromedriver                        0x000000010323f138 chromedriver + 4923704
1   chromedriver                        0x00000001031b79d3 chromedriver + 4368851
2   chromedriver                        0x0000000102e00787 chromedriver + 472967
3   chromedriver                        0x0000000102e30ed4 chromedriver + 671444
4   chromedriver                        0x0000000102e2cab2 chromedriver + 654002
5   chromedriver                        0x0000000102e29041 chromedriver + 639041
6   chromedriver                        0x0000000102e778a5 chromedriver + 960677
7   chromedriver                        0x0000000102e6dd23 chromedriver + 920867
8   chromedriver                        0x0000000102e34a4b chromedriver + 686667
9   chromedriver                        0x0000000102e36044 chromedriver + 692292
10  chromedriver                        0x000000010320a8fe chromedriver + 4708606
11  chromedriver                        0x000000010320fe22 chromedriver + 4730402
12  chromedriver                        0x00000001032186bf chromedriver + 4765375
13  chromedriver                        0x0000000103210e80 chromedriver + 4734592
14  chromedriver                        0x00000001031e1975 chromedriver + 4540789
15  chromedriver                        0x0000000103232e78 chromedriver + 4873848
16  chromedriver                        0x0000000103232ff5 chromedriver + 4874229
17  chromedriver                        0x00000001032476de chromedriver + 4957918
18  libsystem_pthread.dylib             0x00007ff81462b259 _pthread_start + 125
19  libsystem_pthread.dylib             0x00007ff814626c7b thread_start + 15
]]>
            </message>
            <full-stacktrace>
              <![CDATA[org.openqa.selenium.WebDriverException: unknown error: DevToolsActivePort file doesn't exist
Build info: version: '3.141.59', revision: 'e82be7d358', time: '2018-11-14T08:17:03'
System info: host: 'Someshs-MacBook-Air.local', ip: 'fe80:0:0:0:e3:c39b:9af1:6aa5%en0', os.name: 'Mac OS X', os.arch: 'x86_64', os.version: '13.0.1', java.version: '17.0.2'
Driver info: driver.version: ChromeDriver
remote stacktrace: 0   chromedriver                        0x000000010323f138 chromedriver + 4923704
1   chromedriver                        0x00000001031b79d3 chromedriver + 4368851
2   chromedriver                        0x0000000102e00787 chromedriver + 472967
3   chromedriver                        0x0000000102e30ed4 chromedriver + 671444
4   chromedriver                        0x0000000102e2cab2 chromedriver + 654002
5   chromedriver                        0x0000000102e29041 chromedriver + 639041
6   chromedriver                        0x0000000102e778a5 chromedriver + 960677
7   chromedriver                        0x0000000102e6dd23 chromedriver + 920867
8   chromedriver                        0x0000000102e34a4b chromedriver + 686667
9   chromedriver                        0x0000000102e36044 chromedriver + 692292
10  chromedriver                        0x000000010320a8fe chromedriver + 4708606
11  chromedriver                        0x000000010320fe22 chromedriver + 4730402
12  chromedriver                        0x00000001032186bf chromedriver + 4765375
13  chromedriver                        0x0000000103210e80 chromedriver + 4734592
14  chromedriver                        0x00000001031e1975 chromedriver + 4540789
15  chromedriver                        0x0000000103232e78 chromedriver + 4873848
16  chromedriver                        0x0000000103232ff5 chromedriver + 4874229
17  chromedriver                        0x00000001032476de chromedriver + 4957918
18  libsystem_pthread.dylib             0x00007ff81462b259 _pthread_start + 125
19  libsystem_pthread.dylib             0x00007ff814626c7b thread_start + 15

at java.base/jdk.internal.reflect.NativeConstructorAccessorImpl.newInstance0(Native Method)
at java.base/jdk.internal.reflect.NativeConstructorAccessorImpl.newInstance(NativeConstructorAccessorImpl.java:77)
at java.base/jdk.internal.reflect.DelegatingConstructorAccessorImpl.newInstance(DelegatingConstructorAccessorImpl.java:45)
at java.base/java.lang.reflect.Constructor.newInstanceWithCaller(Constructor.java:499)
at java.base/java.lang.reflect.Constructor.newInstance(Constructor.java:480)
at org.openqa.selenium.remote.W3CHandshakeResponse.lambda$errorHandler$0(W3CHandshakeResponse.java:62)
at org.openqa.selenium.remote.HandshakeResponse.lambda$getResponseFunction$0(HandshakeResponse.java:30)
at org.openqa.selenium.remote.ProtocolHandshake.lambda$createSession$0(ProtocolHandshake.java:126)
at java.base/java.util.stream.ReferencePipeline$3$1.accept(ReferencePipeline.java:197)
at java.base/java.util.Spliterators$ArraySpliterator.tryAdvance(Spliterators.java:1002)
at java.base/java.util.stream.ReferencePipeline.forEachWithCancel(ReferencePipeline.java:129)
at java.base/java.util.stream.AbstractPipeline.copyIntoWithCancel(AbstractPipeline.java:527)
at java.base/java.util.stream.AbstractPipeline.copyInto(AbstractPipeline.java:513)
at java.base/java.util.stream.AbstractPipeline.wrapAndCopyInto(AbstractPipeline.java:499)
at java.base/java.util.stream.FindOps$FindOp.evaluateSequential(FindOps.java:150)
at java.base/java.util.stream.AbstractPipeline.evaluate(AbstractPipeline.java:234)
at java.base/java.util.stream.ReferencePipeline.findFirst(ReferencePipeline.java:647)
at org.openqa.selenium.remote.ProtocolHandshake.createSession(ProtocolHandshake.java:128)
at org.openqa.selenium.remote.ProtocolHandshake.createSession(ProtocolHandshake.java:74)
at org.openqa.selenium.remote.HttpCommandExecutor.execute(HttpCommandExecutor.java:136)
at org.openqa.selenium.remote.service.DriverCommandExecutor.execute(DriverCommandExecutor.java:83)
at org.openqa.selenium.remote.RemoteWebDriver.execute(RemoteWebDriver.java:552)
at org.openqa.selenium.remote.RemoteWebDriver.startSession(RemoteWebDriver.java:213)
at org.openqa.selenium.remote.RemoteWebDriver.<init>(RemoteWebDriver.java:131)
at org.openqa.selenium.chrome.ChromeDriver.<init>(ChromeDriver.java:181)
at org.openqa.selenium.chrome.ChromeDriver.<init>(ChromeDriver.java:168)
at org.openqa.selenium.chrome.ChromeDriver.<init>(ChromeDriver.java:123)
at AutomationPractice.AutomationPractice.openBrowser(AutomationPractice.java:24)
at java.base/jdk.internal.reflect.NativeMethodAccessorImpl.invoke0(Native Method)
at java.base/jdk.internal.reflect.NativeMethodAccessorImpl.invoke(NativeMethodAccessorImpl.java:77)
at java.base/jdk.internal.reflect.DelegatingMethodAccessorImpl.invoke(DelegatingMethodAccessorImpl.java:43)
at java.base/java.lang.reflect.Method.invoke(Method.java:568)
at org.testng.internal.MethodInvocationHelper.invokeMethod(MethodInvocationHelper.java:133)
at org.testng.internal.MethodInvocationHelper.invokeMethodConsideringTimeout(MethodInvocationHelper.java:62)
at org.testng.internal.ConfigInvoker.invokeConfigurationMethod(ConfigInvoker.java:385)
at org.testng.internal.ConfigInvoker.invokeConfigurations(ConfigInvoker.java:321)
at org.testng.internal.TestInvoker.runConfigMethods(TestInvoker.java:700)
at org.testng.internal.TestInvoker.invokeMethod(TestInvoker.java:527)
at org.testng.internal.TestInvoker.invokeTestMethod(TestInvoker.java:173)
at org.testng.internal.MethodRunner.runInSequence(MethodRunner.java:46)
at org.testng.internal.TestInvoker$MethodInvocationAgent.invoke(TestInvoker.java:824)
at org.testng.internal.TestInvoker.invokeTestMethods(TestInvoker.java:146)
at org.testng.internal.TestMethodWorker.invokeTestMethods(TestMethodWorker.java:146)
at org.testng.internal.TestMethodWorker.run(TestMethodWorker.java:128)
at java.base/java.util.ArrayList.forEach(ArrayList.java:1511)
at org.testng.TestRunner.privateRun(TestRunner.java:794)
at org.testng.TestRunner.run(TestRunner.java:596)
at org.testng.SuiteRunner.runTest(SuiteRunner.java:377)
at org.testng.SuiteRunner.runSequentially(SuiteRunner.java:371)
at org.testng.SuiteRunner.privateRun(SuiteRunner.java:332)
at org.testng.SuiteRunner.run(SuiteRunner.java:276)
at org.testng.SuiteRunnerWorker.runSuite(SuiteRunnerWorker.java:53)
at org.testng.SuiteRunnerWorker.run(SuiteRunnerWorker.java:96)
at org.testng.TestNG.runSuitesSequentially(TestNG.java:1212)
at org.testng.TestNG.runSuitesLocally(TestNG.java:1134)
at org.testng.TestNG.runSuites(TestNG.java:1063)
at org.testng.TestNG.run(TestNG.java:1031)
at org.testng.remote.AbstractRemoteTestNG.run(AbstractRemoteTestNG.java:115)
at org.testng.remote.RemoteTestNG.initAndRun(RemoteTestNG.java:251)
at org.testng.remote.RemoteTestNG.main(RemoteTestNG.java:77)
]]>
            </full-stacktrace>
          </exception> <!-- org.openqa.selenium.WebDriverException -->
          <reporter-output>
          </reporter-output>
        </test-method> <!-- zeroBatchesFound -->
      </class> <!-- AutomationPractice.AutomationPractice -->
    </test> <!-- Default test -->
  </suite> <!-- Default suite -->
</testng-results>
