<?xml version="1.0" encoding="UTF-8"?>
<!-- Generated by org.testng.reporters.JUnitReportReporter -->
<testsuite hostname="Someshs-MacBook-Air.local" failures="0" tests="23" name="AutomationPractice.AutomationPractice" time="70.851" errors="1" timestamp="2023-02-28T15:29:54 IST" skipped="22">
  <testcase classname="AutomationPractice.AutomationPractice" name="batchNameTextfield" time="0.000">
    <skipped/>
  </testcase> <!-- batchNameTextfield -->
  <system-out/>
  <testcase classname="AutomationPractice.AutomationPractice" name="futureBatchStartDate" time="0.000">
    <skipped/>
  </testcase> <!-- futureBatchStartDate -->
  <system-out/>
  <testcase classname="AutomationPractice.AutomationPractice" name="invalidBatchCode" time="0.000">
    <skipped/>
  </testcase> <!-- invalidBatchCode -->
  <system-out/>
  <testcase classname="AutomationPractice.AutomationPractice" name="searchBatchWithAlphabets" time="0.000">
    <skipped/>
  </testcase> <!-- searchBatchWithAlphabets -->
  <system-out/>
  <testcase classname="AutomationPractice.AutomationPractice" name="previousBatchStartDate" time="0.000">
    <skipped/>
  </testcase> <!-- previousBatchStartDate -->
  <system-out/>
  <testcase classname="AutomationPractice.AutomationPractice" name="searchBatchWithDigits" time="0.000">
    <skipped/>
  </testcase> <!-- searchBatchWithDigits -->
  <system-out/>
  <testcase classname="AutomationPractice.AutomationPractice" name="searchBatchWithSpecialCharacters" time="0.000">
    <skipped/>
  </testcase> <!-- searchBatchWithSpecialCharacters -->
  <system-out/>
  <testcase classname="AutomationPractice.AutomationPractice" name="lessThan10DigitMobileNumber" time="0.000">
    <skipped/>
  </testcase> <!-- lessThan10DigitMobileNumber -->
  <system-out/>
  <testcase classname="AutomationPractice.AutomationPractice" name="ErrorMsgForInvalidOTP" time="0.000">
    <skipped/>
  </testcase> <!-- ErrorMsgForInvalidOTP -->
  <system-out/>
  <testcase classname="AutomationPractice.AutomationPractice" name="goLiveNow" time="0.000">
    <skipped/>
  </testcase> <!-- goLiveNow -->
  <system-out/>
  <testcase classname="AutomationPractice.AutomationPractice" name="createNewBatch" time="0.000">
    <skipped/>
  </testcase> <!-- createNewBatch -->
  <system-out/>
  <testcase classname="AutomationPractice.AutomationPractice" name="addStudentManually" time="0.000">
    <skipped/>
  </testcase> <!-- addStudentManually -->
  <system-out/>
  <testcase classname="AutomationPractice.AutomationPractice" name="sortUsingRecentlyCreated" time="0.000">
    <skipped/>
  </testcase> <!-- sortUsingRecentlyCreated -->
  <system-out/>
  <testcase classname="AutomationPractice.AutomationPractice" name="openBrowser" time="70.851">
    <error message="unknown error: DevToolsActivePort file doesn&#039;t exist
Build info: version: &#039;3.141.59&#039;, revision: &#039;e82be7d358&#039;, time: &#039;2018-11-14T08:17:03&#039;
System info: host: &#039;Someshs-MacBook-Air.local&#039;, ip: &#039;fe80:0:0:0:e3:c39b:9af1:6aa5%en0&#039;, os.name: &#039;Mac OS X&#039;, os.arch: &#039;x86_64&#039;, os.version: &#039;13.0.1&#039;, java.version: &#039;17.0.2&#039;
Driver info: driver.version: ChromeDriver
remote stacktrace: 0   chromedriver                        0x000000010323f138 chromedriver + 4923704
1   chromedriver                        0x00000001031b79d3 chromedriver + 4368851
2   chromedriver                        0x0000000102e00787 chromedriver + 472967
3   chromedriver                        0x0000000102e30ed4 chromedriver + 671444
4   chromedriver                        0x0000000102e2cab2 chromedriver + 654002
5   chromedriver                        0x0000000102e29041 chromedriver + 639041
6   chromedriver                        0x0000000102e778a5 chromedriver + 960677
7   chromedriver                        0x0000000102e6dd23 chromedriver + 920867
8   chromedriver                        0x0000000102e34a4b chromedriver + 686667
9   chromedriver                        0x0000000102e36044 chromedriver + 692292
10  chromedriver                        0x000000010320a8fe chromedriver + 4708606
11  chromedriver                        0x000000010320fe22 chromedriver + 4730402
12  chromedriver                        0x00000001032186bf chromedriver + 4765375
13  chromedriver                        0x0000000103210e80 chromedriver + 4734592
14  chromedriver                        0x00000001031e1975 chromedriver + 4540789
15  chromedriver                        0x0000000103232e78 chromedriver + 4873848
16  chromedriver                        0x0000000103232ff5 chromedriver + 4874229
17  chromedriver                        0x00000001032476de chromedriver + 4957918
18  libsystem_pthread.dylib             0x00007ff81462b259 _pthread_start + 125
19  libsystem_pthread.dylib             0x00007ff814626c7b thread_start + 15
" type="org.openqa.selenium.WebDriverException">
      <![CDATA[org.openqa.selenium.WebDriverException: unknown error: DevToolsActivePort file doesn't exist
Build info: version: '3.141.59', revision: 'e82be7d358', time: '2018-11-14T08:17:03'
System info: host: 'Someshs-MacBook-Air.local', ip: 'fe80:0:0:0:e3:c39b:9af1:6aa5%en0', os.name: 'Mac OS X', os.arch: 'x86_64', os.version: '13.0.1', java.version: '17.0.2'
Driver info: driver.version: ChromeDriver
remote stacktrace: 0   chromedriver                        0x000000010323f138 chromedriver + 4923704
1   chromedriver                        0x00000001031b79d3 chromedriver + 4368851
2   chromedriver                        0x0000000102e00787 chromedriver + 472967
3   chromedriver                        0x0000000102e30ed4 chromedriver + 671444
4   chromedriver                        0x0000000102e2cab2 chromedriver + 654002
5   chromedriver                        0x0000000102e29041 chromedriver + 639041
6   chromedriver                        0x0000000102e778a5 chromedriver + 960677
7   chromedriver                        0x0000000102e6dd23 chromedriver + 920867
8   chromedriver                        0x0000000102e34a4b chromedriver + 686667
9   chromedriver                        0x0000000102e36044 chromedriver + 692292
10  chromedriver                        0x000000010320a8fe chromedriver + 4708606
11  chromedriver                        0x000000010320fe22 chromedriver + 4730402
12  chromedriver                        0x00000001032186bf chromedriver + 4765375
13  chromedriver                        0x0000000103210e80 chromedriver + 4734592
14  chromedriver                        0x00000001031e1975 chromedriver + 4540789
15  chromedriver                        0x0000000103232e78 chromedriver + 4873848
16  chromedriver                        0x0000000103232ff5 chromedriver + 4874229
17  chromedriver                        0x00000001032476de chromedriver + 4957918
18  libsystem_pthread.dylib             0x00007ff81462b259 _pthread_start + 125
19  libsystem_pthread.dylib             0x00007ff814626c7b thread_start + 15

at java.base/jdk.internal.reflect.NativeConstructorAccessorImpl.newInstance0(Native Method)
at java.base/jdk.internal.reflect.NativeConstructorAccessorImpl.newInstance(NativeConstructorAccessorImpl.java:77)
at java.base/jdk.internal.reflect.DelegatingConstructorAccessorImpl.newInstance(DelegatingConstructorAccessorImpl.java:45)
at java.base/java.lang.reflect.Constructor.newInstanceWithCaller(Constructor.java:499)
at java.base/java.lang.reflect.Constructor.newInstance(Constructor.java:480)
at org.openqa.selenium.remote.W3CHandshakeResponse.lambda$errorHandler$0(W3CHandshakeResponse.java:62)
at org.openqa.selenium.remote.HandshakeResponse.lambda$getResponseFunction$0(HandshakeResponse.java:30)
at org.openqa.selenium.remote.ProtocolHandshake.lambda$createSession$0(ProtocolHandshake.java:126)
at java.base/java.util.stream.ReferencePipeline$3$1.accept(ReferencePipeline.java:197)
at java.base/java.util.Spliterators$ArraySpliterator.tryAdvance(Spliterators.java:1002)
at java.base/java.util.stream.ReferencePipeline.forEachWithCancel(ReferencePipeline.java:129)
at java.base/java.util.stream.AbstractPipeline.copyIntoWithCancel(AbstractPipeline.java:527)
at java.base/java.util.stream.AbstractPipeline.copyInto(AbstractPipeline.java:513)
at java.base/java.util.stream.AbstractPipeline.wrapAndCopyInto(AbstractPipeline.java:499)
at java.base/java.util.stream.FindOps$FindOp.evaluateSequential(FindOps.java:150)
at java.base/java.util.stream.AbstractPipeline.evaluate(AbstractPipeline.java:234)
at java.base/java.util.stream.ReferencePipeline.findFirst(ReferencePipeline.java:647)
at org.openqa.selenium.remote.ProtocolHandshake.createSession(ProtocolHandshake.java:128)
at org.openqa.selenium.remote.ProtocolHandshake.createSession(ProtocolHandshake.java:74)
at org.openqa.selenium.remote.HttpCommandExecutor.execute(HttpCommandExecutor.java:136)
at org.openqa.selenium.remote.service.DriverCommandExecutor.execute(DriverCommandExecutor.java:83)
at org.openqa.selenium.remote.RemoteWebDriver.execute(RemoteWebDriver.java:552)
at org.openqa.selenium.remote.RemoteWebDriver.startSession(RemoteWebDriver.java:213)
at org.openqa.selenium.remote.RemoteWebDriver.<init>(RemoteWebDriver.java:131)
at org.openqa.selenium.chrome.ChromeDriver.<init>(ChromeDriver.java:181)
at org.openqa.selenium.chrome.ChromeDriver.<init>(ChromeDriver.java:168)
at org.openqa.selenium.chrome.ChromeDriver.<init>(ChromeDriver.java:123)
at AutomationPractice.AutomationPractice.openBrowser(AutomationPractice.java:24)
at java.base/jdk.internal.reflect.NativeMethodAccessorImpl.invoke0(Native Method)
at java.base/jdk.internal.reflect.NativeMethodAccessorImpl.invoke(NativeMethodAccessorImpl.java:77)
at java.base/jdk.internal.reflect.DelegatingMethodAccessorImpl.invoke(DelegatingMethodAccessorImpl.java:43)
at java.base/java.lang.reflect.Method.invoke(Method.java:568)
at org.testng.internal.MethodInvocationHelper.invokeMethod(MethodInvocationHelper.java:133)
at org.testng.internal.MethodInvocationHelper.invokeMethodConsideringTimeout(MethodInvocationHelper.java:62)
at org.testng.internal.ConfigInvoker.invokeConfigurationMethod(ConfigInvoker.java:385)
at org.testng.internal.ConfigInvoker.invokeConfigurations(ConfigInvoker.java:321)
at org.testng.internal.TestInvoker.runConfigMethods(TestInvoker.java:700)
at org.testng.internal.TestInvoker.invokeMethod(TestInvoker.java:527)
at org.testng.internal.TestInvoker.invokeTestMethod(TestInvoker.java:173)
at org.testng.internal.MethodRunner.runInSequence(MethodRunner.java:46)
at org.testng.internal.TestInvoker$MethodInvocationAgent.invoke(TestInvoker.java:824)
at org.testng.internal.TestInvoker.invokeTestMethods(TestInvoker.java:146)
at org.testng.internal.TestMethodWorker.invokeTestMethods(TestMethodWorker.java:146)
at org.testng.internal.TestMethodWorker.run(TestMethodWorker.java:128)
at java.base/java.util.ArrayList.forEach(ArrayList.java:1511)
at org.testng.TestRunner.privateRun(TestRunner.java:794)
at org.testng.TestRunner.run(TestRunner.java:596)
at org.testng.SuiteRunner.runTest(SuiteRunner.java:377)
at org.testng.SuiteRunner.runSequentially(SuiteRunner.java:371)
at org.testng.SuiteRunner.privateRun(SuiteRunner.java:332)
at org.testng.SuiteRunner.run(SuiteRunner.java:276)
at org.testng.SuiteRunnerWorker.runSuite(SuiteRunnerWorker.java:53)
at org.testng.SuiteRunnerWorker.run(SuiteRunnerWorker.java:96)
at org.testng.TestNG.runSuitesSequentially(TestNG.java:1212)
at org.testng.TestNG.runSuitesLocally(TestNG.java:1134)
at org.testng.TestNG.runSuites(TestNG.java:1063)
at org.testng.TestNG.run(TestNG.java:1031)
at org.testng.remote.AbstractRemoteTestNG.run(AbstractRemoteTestNG.java:115)
at org.testng.remote.RemoteTestNG.initAndRun(RemoteTestNG.java:251)
at org.testng.remote.RemoteTestNG.main(RemoteTestNG.java:77)
]]>
    </error>
  </testcase> <!-- openBrowser -->
  <system-out/>
  <testcase classname="AutomationPractice.AutomationPractice" name="loginUI" time="0.000">
    <skipped/>
  </testcase> <!-- loginUI -->
  <system-out/>
  <testcase classname="AutomationPractice.AutomationPractice" name="searchBatchInHindiLanguage" time="0.000">
    <skipped/>
  </testcase> <!-- searchBatchInHindiLanguage -->
  <system-out/>
  <testcase classname="AutomationPractice.AutomationPractice" name="zeroBatchesFound" time="0.000">
    <skipped/>
  </testcase> <!-- zeroBatchesFound -->
  <system-out/>
  <testcase classname="AutomationPractice.AutomationPractice" name="defaultBatchStartDate" time="0.000">
    <skipped/>
  </testcase> <!-- defaultBatchStartDate -->
  <system-out/>
  <testcase classname="AutomationPractice.AutomationPractice" name="fifteenSecondTimer" time="0.000">
    <skipped/>
  </testcase> <!-- fifteenSecondTimer -->
  <system-out/>
  <testcase classname="AutomationPractice.AutomationPractice" name="searchBatchWithWlphanumeric" time="0.000">
    <skipped/>
  </testcase> <!-- searchBatchWithWlphanumeric -->
  <system-out/>
  <testcase classname="AutomationPractice.AutomationPractice" name="sortUsingBatchName" time="0.000">
    <skipped/>
  </testcase> <!-- sortUsingBatchName -->
  <system-out/>
  <testcase classname="AutomationPractice.AutomationPractice" name="verifybatchCount" time="0.000">
    <skipped/>
  </testcase> <!-- verifybatchCount -->
  <system-out/>
  <testcase classname="AutomationPractice.AutomationPractice" name="Addfaculty" time="0.000">
    <skipped/>
  </testcase> <!-- Addfaculty -->
  <system-out/>
</testsuite> <!-- AutomationPractice.AutomationPractice -->
